{"numTotalTestSuites":92,"numPassedTestSuites":88,"numFailedTestSuites":4,"numPendingTestSuites":0,"numTotalTests":25,"numPassedTests":3,"numFailedTests":3,"numPendingTests":0,"numTodoTests":0,"snapshot":{"added":0,"failure":false,"filesAdded":0,"filesRemoved":0,"filesRemovedList":[],"filesUnmatched":0,"filesUpdated":0,"matched":0,"total":0,"unchecked":0,"uncheckedKeysByFile":[],"unmatched":0,"updated":0,"didUpdate":false},"startTime":1769809815984,"success":false,"testResults":[{"assertionResults":[],"startTime":1769809815984,"endTime":1769809815984,"status":"passed","message":"","name":"D:/Documents/Mis_proyectos/Proyectos_Actuales/aiutox_erp_core/frontend/app/__tests__/theme-aliases.test.ts"},{"assertionResults":[],"startTime":1769809815984,"endTime":1769809815984,"status":"passed","message":"","name":"D:/Documents/Mis_proyectos/Proyectos_Actuales/aiutox_erp_core/frontend/app/hooks/__tests__/useNavigation.test.tsx"},{"assertionResults":[],"startTime":1769809815984,"endTime":1769809815984,"status":"passed","message":"","name":"D:/Documents/Mis_proyectos/Proyectos_Actuales/aiutox_erp_core/frontend/app/hooks/__tests__/usePermissions.test.ts"},{"assertionResults":[],"startTime":1769809815984,"endTime":1769809815984,"status":"passed","message":"","name":"D:/Documents/Mis_proyectos/Proyectos_Actuales/aiutox_erp_core/frontend/app/hooks/__tests__/useQuickActions.test.ts"},{"assertionResults":[],"startTime":1769809815984,"endTime":1769809815984,"status":"passed","message":"","name":"D:/Documents/Mis_proyectos/Proyectos_Actuales/aiutox_erp_core/frontend/app/hooks/__tests__/useSSE.test.ts"},{"assertionResults":[],"startTime":1769809815984,"endTime":1769809815984,"status":"passed","message":"","name":"D:/Documents/Mis_proyectos/Proyectos_Actuales/aiutox_erp_core/frontend/app/hooks/__tests__/useThemeConfig.test.ts"},{"assertionResults":[],"startTime":1769809815984,"endTime":1769809815984,"status":"passed","message":"","name":"D:/Documents/Mis_proyectos/Proyectos_Actuales/aiutox_erp_core/frontend/app/services/__tests__/tasksApi.test.ts"},{"assertionResults":[],"startTime":1769809815984,"endTime":1769809815984,"status":"passed","message":"","name":"D:/Documents/Mis_proyectos/Proyectos_Actuales/aiutox_erp_core/frontend/app/routes/__tests__/config.audit.test.tsx"},{"assertionResults":[],"startTime":1769809815984,"endTime":1769809815984,"status":"passed","message":"","name":"D:/Documents/Mis_proyectos/Proyectos_Actuales/aiutox_erp_core/frontend/app/routes/__tests__/config.general.test.tsx"},{"assertionResults":[],"startTime":1769809815984,"endTime":1769809815984,"status":"passed","message":"","name":"D:/Documents/Mis_proyectos/Proyectos_Actuales/aiutox_erp_core/frontend/app/routes/__tests__/config.import-export.test.tsx"},{"assertionResults":[],"startTime":1769809815984,"endTime":1769809815984,"status":"passed","message":"","name":"D:/Documents/Mis_proyectos/Proyectos_Actuales/aiutox_erp_core/frontend/app/routes/__tests__/config.integrations.test.tsx"},{"assertionResults":[],"startTime":1769809815984,"endTime":1769809815984,"status":"passed","message":"","name":"D:/Documents/Mis_proyectos/Proyectos_Actuales/aiutox_erp_core/frontend/app/routes/__tests__/config.modules.test.tsx"},{"assertionResults":[],"startTime":1769809815984,"endTime":1769809815984,"status":"passed","message":"","name":"D:/Documents/Mis_proyectos/Proyectos_Actuales/aiutox_erp_core/frontend/app/routes/__tests__/config.notifications.test.tsx"},{"assertionResults":[],"startTime":1769809815984,"endTime":1769809815984,"status":"passed","message":"","name":"D:/Documents/Mis_proyectos/Proyectos_Actuales/aiutox_erp_core/frontend/app/routes/__tests__/config.roles.test.tsx"},{"assertionResults":[],"startTime":1769809815984,"endTime":1769809815984,"status":"passed","message":"","name":"D:/Documents/Mis_proyectos/Proyectos_Actuales/aiutox_erp_core/frontend/app/routes/__tests__/config.theme.test.tsx"},{"assertionResults":[],"startTime":1769809815984,"endTime":1769809815984,"status":"passed","message":"","name":"D:/Documents/Mis_proyectos/Proyectos_Actuales/aiutox_erp_core/frontend/app/routes/__tests__/forgot-password.test.tsx"},{"assertionResults":[],"startTime":1769809815984,"endTime":1769809815984,"status":"passed","message":"","name":"D:/Documents/Mis_proyectos/Proyectos_Actuales/aiutox_erp_core/frontend/app/routes/__tests__/login.test.tsx"},{"assertionResults":[],"startTime":1769809815984,"endTime":1769809815984,"status":"passed","message":"","name":"D:/Documents/Mis_proyectos/Proyectos_Actuales/aiutox_erp_core/frontend/app/routes/__tests__/not-found.test.tsx"},{"assertionResults":[],"startTime":1769809815984,"endTime":1769809815984,"status":"passed","message":"","name":"D:/Documents/Mis_proyectos/Proyectos_Actuales/aiutox_erp_core/frontend/app/routes/__tests__/unauthorized.test.tsx"},{"assertionResults":[],"startTime":1769809815984,"endTime":1769809815984,"status":"passed","message":"","name":"D:/Documents/Mis_proyectos/Proyectos_Actuales/aiutox_erp_core/frontend/app/stores/__tests__/authStore.pwa.test.ts"},{"assertionResults":[],"startTime":1769809815984,"endTime":1769809815984,"status":"passed","message":"","name":"D:/Documents/Mis_proyectos/Proyectos_Actuales/aiutox_erp_core/frontend/app/stores/__tests__/authStore.test.ts"},{"assertionResults":[],"startTime":1769809815984,"endTime":1769809815984,"status":"passed","message":"","name":"D:/Documents/Mis_proyectos/Proyectos_Actuales/aiutox_erp_core/frontend/app/__tests__/integration/pwa-lifecycle.test.ts"},{"assertionResults":[],"startTime":1769809815984,"endTime":1769809815984,"status":"passed","message":"","name":"D:/Documents/Mis_proyectos/Proyectos_Actuales/aiutox_erp_core/frontend/app/components/auth/__tests__/RequirePermission.test.tsx"},{"assertionResults":[],"startTime":1769809815984,"endTime":1769809815984,"status":"passed","message":"","name":"D:/Documents/Mis_proyectos/Proyectos_Actuales/aiutox_erp_core/frontend/app/components/auth/__tests__/RequireRole.test.tsx"},{"assertionResults":[],"startTime":1769809815984,"endTime":1769809815984,"status":"passed","message":"","name":"D:/Documents/Mis_proyectos/Proyectos_Actuales/aiutox_erp_core/frontend/app/components/common/__tests__/EmptyState.test.tsx"},{"assertionResults":[],"startTime":1769809815984,"endTime":1769809815984,"status":"passed","message":"","name":"D:/Documents/Mis_proyectos/Proyectos_Actuales/aiutox_erp_core/frontend/app/components/common/__tests__/ErrorState.test.tsx"},{"assertionResults":[],"startTime":1769809815984,"endTime":1769809815984,"status":"passed","message":"","name":"D:/Documents/Mis_proyectos/Proyectos_Actuales/aiutox_erp_core/frontend/app/components/common/__tests__/LoadingState.test.tsx"},{"assertionResults":[],"startTime":1769809815984,"endTime":1769809815984,"status":"passed","message":"","name":"D:/Documents/Mis_proyectos/Proyectos_Actuales/aiutox_erp_core/frontend/app/components/common/__tests__/PageHeader.test.tsx"},{"assertionResults":[],"startTime":1769809815984,"endTime":1769809815984,"status":"passed","message":"","name":"D:/Documents/Mis_proyectos/Proyectos_Actuales/aiutox_erp_core/frontend/app/components/common/__tests__/PWAUpdatePrompt.test.tsx"},{"assertionResults":[],"startTime":1769809815984,"endTime":1769809815984,"status":"passed","message":"","name":"D:/Documents/Mis_proyectos/Proyectos_Actuales/aiutox_erp_core/frontend/app/components/layout/__tests__/AppShell.test.tsx"},{"assertionResults":[],"startTime":1769809815984,"endTime":1769809815984,"status":"passed","message":"","name":"D:/Documents/Mis_proyectos/Proyectos_Actuales/aiutox_erp_core/frontend/app/components/layout/__tests__/Header.test.tsx"},{"assertionResults":[],"startTime":1769809815984,"endTime":1769809815984,"status":"passed","message":"","name":"D:/Documents/Mis_proyectos/Proyectos_Actuales/aiutox_erp_core/frontend/app/components/layout/__tests__/PageLayout.test.tsx"},{"assertionResults":[],"startTime":1769809815984,"endTime":1769809815984,"status":"passed","message":"","name":"D:/Documents/Mis_proyectos/Proyectos_Actuales/aiutox_erp_core/frontend/app/components/layout/__tests__/Sidebar.test.tsx"},{"assertionResults":[],"startTime":1769809815984,"endTime":1769809815984,"status":"passed","message":"","name":"D:/Documents/Mis_proyectos/Proyectos_Actuales/aiutox_erp_core/frontend/app/components/tasks/__tests__/TaskCard.test.tsx"},{"assertionResults":[],"startTime":1769809815984,"endTime":1769809815984,"status":"passed","message":"","name":"D:/Documents/Mis_proyectos/Proyectos_Actuales/aiutox_erp_core/frontend/app/components/tasks/__tests__/TaskForm.test.tsx"},{"assertionResults":[],"startTime":1769809815984,"endTime":1769809815984,"status":"passed","message":"","name":"D:/Documents/Mis_proyectos/Proyectos_Actuales/aiutox_erp_core/frontend/app/components/config/__tests__/ConfigPageLayout.test.tsx"},{"assertionResults":[],"startTime":1769809815984,"endTime":1769809815984,"status":"passed","message":"","name":"D:/Documents/Mis_proyectos/Proyectos_Actuales/aiutox_erp_core/frontend/app/features/activities/__tests__/ActivityTimeline.test.tsx"},{"assertionResults":[],"startTime":1769809815984,"endTime":1769809815984,"status":"passed","message":"","name":"D:/Documents/Mis_proyectos/Proyectos_Actuales/aiutox_erp_core/frontend/app/features/approvals/__tests__/ApprovalRequestList.test.tsx"},{"assertionResults":[],"startTime":1769809815984,"endTime":1769809815984,"status":"passed","message":"","name":"D:/Documents/Mis_proyectos/Proyectos_Actuales/aiutox_erp_core/frontend/app/features/automation/__tests__/Automation.test.tsx"},{"assertionResults":[{"ancestorTitles":["Calendar Module","CalendarView"],"fullName":"Calendar Module CalendarView renders calendar with month view by default","status":"failed","title":"renders calendar with month view by default","duration":142.09990000000016,"failureMessages":["TestingLibraryElementError: Unable to find an element with the text: January 2025. This could be because the text is broken up by multiple elements. In this case, you can provide a function for your text matcher to make your matcher more flexible.\n\nIgnored nodes: comments, script, style\n\u001b[36m<body>\u001b[39m\n  \u001b[36m<div>\u001b[39m\n    \u001b[36m<div\u001b[39m\n      \u001b[33mclass\u001b[39m=\u001b[32m\"space-y-6\"\u001b[39m\n    \u001b[36m>\u001b[39m\n      \u001b[36m<div\u001b[39m\n        \u001b[33mclass\u001b[39m=\u001b[32m\"flex items-center justify-between\"\u001b[39m\n      \u001b[36m>\u001b[39m\n        \u001b[36m<div\u001b[39m\n          \u001b[33mclass\u001b[39m=\u001b[32m\"flex items-center space-x-4\"\u001b[39m\n        \u001b[36m>\u001b[39m\n          \u001b[36m<button\u001b[39m\n            \u001b[33mclass\u001b[39m=\u001b[32m\"inline-flex items-center justify-center gap-2 whitespace-nowrap rounded-[var(--button-radius,var(--radius))] text-sm font-medium ring-offset-[hsl(var(--background))] transition-colors focus-visible:outline-none focus-visible:ring-2 focus-visible:ring-[hsl(var(--ring))] focus-visible:ring-offset-2 disabled:pointer-events-none disabled:opacity-50 [&_svg]:pointer-events-none [&_svg]:size-4 [&_svg]:shrink-0 border border-[hsl(var(--input))] bg-[hsl(var(--background))] hover:bg-[hsl(var(--accent))] hover:text-[hsl(var(--accent-foreground))] h-10 px-4 py-2\"\u001b[39m\n          \u001b[36m>\u001b[39m\n            \u001b[0m←\u001b[0m\n          \u001b[36m</button>\u001b[39m\n          \u001b[36m<h2\u001b[39m\n            \u001b[33mclass\u001b[39m=\u001b[32m\"text-xl font-bold\"\u001b[39m\n          \u001b[36m>\u001b[39m\n            \u001b[0menero 2025\u001b[0m\n          \u001b[36m</h2>\u001b[39m\n          \u001b[36m<button\u001b[39m\n            \u001b[33mclass\u001b[39m=\u001b[32m\"inline-flex items-center justify-center gap-2 whitespace-nowrap rounded-[var(--button-radius,var(--radius))] text-sm font-medium ring-offset-[hsl(var(--background))] transition-colors focus-visible:outline-none focus-visible:ring-2 focus-visible:ring-[hsl(var(--ring))] focus-visible:ring-offset-2 disabled:pointer-events-none disabled:opacity-50 [&_svg]:pointer-events-none [&_svg]:size-4 [&_svg]:shrink-0 border border-[hsl(var(--input))] bg-[hsl(var(--background))] hover:bg-[hsl(var(--accent))] hover:text-[hsl(var(--accent-foreground))] h-10 px-4 py-2\"\u001b[39m\n          \u001b[36m>\u001b[39m\n            \u001b[0m→\u001b[0m\n          \u001b[36m</button>\u001b[39m\n          \u001b[36m<button\u001b[39m\n            \u001b[33mclass\u001b[39m=\u001b[32m\"inline-flex items-center justify-center gap-2 whitespace-nowrap rounded-[var(--button-radius,var(--radius))] text-sm font-medium ring-offset-[hsl(var(--background))] transition-colors focus-visible:outline-none focus-visible:ring-2 focus-visible:ring-[hsl(var(--ring))] focus-visible:ring-offset-2 disabled:pointer-events-none disabled:opacity-50 [&_svg]:pointer-events-none [&_svg]:size-4 [&_svg]:shrink-0 border border-[hsl(var(--input))] bg-[hsl(var(--background))] hover:bg-[hsl(var(--accent))] hover:text-[hsl(var(--accent-foreground))] h-10 px-4 py-2\"\u001b[39m\n          \u001b[36m>\u001b[39m\n            \u001b[0mToday\u001b[0m\n          \u001b[36m</button>\u001b[39m\n        \u001b[36m</div>\u001b[39m\n        \u001b[36m<div\u001b[39m\n          \u001b[33mclass\u001b[39m=\u001b[32m\"flex items-center space-x-2\"\u001b[39m\n        \u001b[36m>\u001b[39m\n          \u001b[36m<button\u001b[39m\n            \u001b[33mclass\u001b[39m=\u001b[32m\"inline-flex items-center justify-center gap-2 whitespace-nowrap rounded-[var(--button-radius,var(--radius))] text-sm font-medium ring-offset-[hsl(var(--background))] transition-colors focus-visible:outline-none focus-visible:ring-2 focus-visible:ring-[hsl(var(--ring))] focus-visible:ring-offset-2 disabled:pointer-events-none disabled:opacity-50 [&_svg]:pointer-events-none [&_svg]:size-4 [&_svg]:shrink-0 bg-[hsl(var(--primary))] text-[hsl(var(--primary-foreground))] hover:bg-[hsl(var(--primary))]/90 h-10 px-4 py-2\"\u001b[39m\n          \u001b[36m>\u001b[39m\n            \u001b[0mMonth\u001b[0m\n          \u001b[36m</button>\u001b[39m\n          \u001b[36m<button\u001b[39m\n            \u001b[33mclass\u001b[39m=\u001b[32m\"inline-flex items-center justify-center gap-2 whitespace-nowrap rounded-[var(--button-radius,var(--radius))] text-sm font-medium ring-offset-[hsl(var(--background))] transition-colors focus-visible:outline-none focus-visible:ring-2 focus-visible:ring-[hsl(var(--ring))] focus-visible:ring-offset-2 disabled:pointer-events-none disabled:opacity-50 [&_svg]:pointer-events-none [&_svg]:size-4 [&_svg]:shrink-0 border border-[hsl(var(--input))] bg-[hsl(var(--background))] hover:bg-[hsl(var(--accent))] hover:text-[hsl(var(--accent-foreground))] h-10 px-4 py-2\"\u001b[39m\n          \u001b[36m>\u001b[39m\n            \u001b[0mWeek\u001b[0m\n          \u001b[36m</button>\u001b[39m\n          \u001b[36m<button\u001b[39m\n            \u001b[33mclass\u001b[39m=\u001b[32m\"inline-flex items-center justify-center gap-2 whitespace-nowrap rounded-[var(--button-radius,var(--radius))] text-sm font-medium ring-offset-[hsl(var(--background))] transition-colors focus-visible:outline-none focus-visible:ring-2 focus-visible:ring-[hsl(var(--ring))] focus-visible:ring-offset-2 disabled:pointer-events-none disabled:opacity-50 [&_svg]:pointer-events-none [&_svg]:size-4 [&_svg]:shrink-0 border border-[hsl(var(--input))] bg-[hsl(var(--background))] hover:bg-[hsl(var(--accent))] hover:text-[hsl(var(--accent-foreground))] h-10 px-4 py-2\"\u001b[39m\n          \u001b[36m>\u001b[39m\n            \u001b[0mDay\u001b[0m\n          \u001b[36m</button>\u001b[39m\n          \u001b[36m<button\u001b[39m\n            \u001b[33mclass\u001b[39m=\u001b[32m\"inline-flex items-center justify-center gap-2 whitespace-nowrap rounded-[var(--button-radius,var(--radius))] text-sm font-medium ring-offset-[hsl(var(--background))] transition-colors focus-visible:outline-none focus-visible:ring-2 focus-visible:ring-[hsl(var(--ring))] focus-visible:ring-offset-2 disabled:pointer-events-none disabled:opacity-50 [&_svg]:pointer-events-none [&_svg]:size-4 [&_svg]:shrink-0 border border-[hsl(var(--input))] bg-[hsl(var(--background))] hover:bg-[hsl(var(--accent))] hover:text-[hsl(var(--accent-foreground))] h-10 px-4 py-2\"\u001b[39m\n          \u001b[36m>\u001b[39m\n            \u001b[0mAgenda\u001b[0m\n          \u001b[36m</button>\u001b[39m\n        \u001b[36m</div>\u001b[39m\n      \u001b[36m</div>\u001b[39m\n      \u001b[36m<div\u001b[39m\n        \u001b[33mclass\u001b[39m=\u001b[32m\"contents\"\u001b[39m\n        \u001b[33mdata-slot\u001b[39m=\u001b[32m\"month-view\"\u001b[39m\n      \u001b[36m>\u001b[39m\n        \u001b[36m<div\u001b[39m\n          \u001b[33mclass\u001b[39m=\u001b[32m\"border-border/60 grid grid-cols-7 border-b\"\u001b[39m\n          \u001b[33mstyle\u001b[39m=\u001b[32m\"background: linear-gradient(180deg, hsl(var(--color-surface, var(--surface))) 0%, hsl(var(--color-background, var(--background))) 100%);\"\u001b[39m\n        \u001b[36m>\u001b[39m\n          \u001b[36m<div\u001b[39m\n            \u001b[33mclass\u001b[39m=\u001b[32m\"text-muted-foreground/70 py-3 text-center text-[11px] font-semibold uppercase tracking-wide\"\u001b[39m\n          \u001b[36m>\u001b[39m\n            \u001b[0mMon\u001b[0m\n          \u001b[36m</div>\u001b[39m\n          \u001b[36m<div\u001b[39m\n            \u001b[33mclass\u001b[39m=\u001b[32m\"text-muted-foreground/70 py-3 text-center text-[11px] font-semibold uppercase tracking-wide\"\u001b[39m\n          \u001b[36m>\u001b[39m\n            \u001b[0mTue\u001b[0m\n          \u001b[36m</div>\u001b[39m\n          \u001b[36m<div\u001b[39m\n            \u001b[33mclass\u001b[39m=\u001b[32m\"text-muted-foreground/70 py-3 text-center text-[11px] font-semibold uppercase tracking-wide\"\u001b[39m\n          \u001b[36m>\u001b[39m\n            \u001b[0mWed\u001b[0m\n          \u001b[36m</div>\u001b[39m\n          \u001b[36m<div\u001b[39m\n            \u001b[33mclass\u001b[39m=\u001b[32m\"text-muted-foreground/70 py-3 text-center text-[11px] font-semibold uppercase tracking-wide\"\u001b[39m\n          \u001b[36m>\u001b[39m\n            \u001b[0mThu\u001b[0m\n          \u001b[36m</div>\u001b[39m\n          \u001b[36m<div\u001b[39m\n            \u001b[33mclass\u001b[39m=\u001b[32m\"text-muted-foreground/70 py-3 text-cent...\n    at Object.getElementError (D:\\Documents\\Mis_proyectos\\Proyectos_Actuales\\aiutox_erp_core\\frontend\\node_modules\\@testing-library\\dom\\dist\\config.js:37:19)\n    at D:\\Documents\\Mis_proyectos\\Proyectos_Actuales\\aiutox_erp_core\\frontend\\node_modules\\@testing-library\\dom\\dist\\query-helpers.js:76:38\n    at D:\\Documents\\Mis_proyectos\\Proyectos_Actuales\\aiutox_erp_core\\frontend\\node_modules\\@testing-library\\dom\\dist\\query-helpers.js:52:17\n    at D:\\Documents\\Mis_proyectos\\Proyectos_Actuales\\aiutox_erp_core\\frontend\\node_modules\\@testing-library\\dom\\dist\\query-helpers.js:95:19\n    at D:/Documents/Mis_proyectos/Proyectos_Actuales/aiutox_erp_core/frontend/app/features/calendar/__tests__/CalendarView.test.tsx:138:21\n    at file:///D:/Documents/Mis_proyectos/Proyectos_Actuales/aiutox_erp_core/frontend/node_modules/@vitest/runner/dist/index.js:145:11\n    at file:///D:/Documents/Mis_proyectos/Proyectos_Actuales/aiutox_erp_core/frontend/node_modules/@vitest/runner/dist/index.js:915:26\n    at file:///D:/Documents/Mis_proyectos/Proyectos_Actuales/aiutox_erp_core/frontend/node_modules/@vitest/runner/dist/index.js:1243:20\n    at new Promise (<anonymous>)\n    at runWithTimeout (file:///D:/Documents/Mis_proyectos/Proyectos_Actuales/aiutox_erp_core/frontend/node_modules/@vitest/runner/dist/index.js:1209:10)"],"meta":{}},{"ancestorTitles":["Calendar Module","CalendarView"],"fullName":"Calendar Module CalendarView calls onDateChange when navigation buttons are clicked","status":"passed","title":"calls onDateChange when navigation buttons are clicked","duration":53.1869999999999,"failureMessages":[],"meta":{}},{"ancestorTitles":["Calendar Module","CalendarView"],"fullName":"Calendar Module CalendarView calls onViewTypeChange when view type buttons are clicked","status":"passed","title":"calls onViewTypeChange when view type buttons are clicked","duration":46.29749999999967,"failureMessages":[],"meta":{}},{"ancestorTitles":["Calendar Module","CalendarView"],"fullName":"Calendar Module CalendarView calls onEventClick when event is clicked","status":"passed","title":"calls onEventClick when event is clicked","duration":28.343700000000354,"failureMessages":[],"meta":{}},{"ancestorTitles":["Calendar Module","CalendarView"],"fullName":"Calendar Module CalendarView shows loading state","status":"failed","title":"shows loading state","duration":30.03139999999985,"failureMessages":["TestingLibraryElementError: Unable to find an element with the text: Loading calendar.... This could be because the text is broken up by multiple elements. In this case, you can provide a function for your text matcher to make your matcher more flexible.\n\nIgnored nodes: comments, script, style\n\u001b[36m<body>\u001b[39m\n  \u001b[36m<div>\u001b[39m\n    \u001b[36m<div\u001b[39m\n      \u001b[33mclass\u001b[39m=\u001b[32m\"space-y-6\"\u001b[39m\n    \u001b[36m>\u001b[39m\n      \u001b[36m<div\u001b[39m\n        \u001b[33mclass\u001b[39m=\u001b[32m\"flex items-center justify-between\"\u001b[39m\n      \u001b[36m>\u001b[39m\n        \u001b[36m<div\u001b[39m\n          \u001b[33mclass\u001b[39m=\u001b[32m\"flex items-center space-x-4\"\u001b[39m\n        \u001b[36m>\u001b[39m\n          \u001b[36m<button\u001b[39m\n            \u001b[33mclass\u001b[39m=\u001b[32m\"inline-flex items-center justify-center gap-2 whitespace-nowrap rounded-[var(--button-radius,var(--radius))] text-sm font-medium ring-offset-[hsl(var(--background))] transition-colors focus-visible:outline-none focus-visible:ring-2 focus-visible:ring-[hsl(var(--ring))] focus-visible:ring-offset-2 disabled:pointer-events-none disabled:opacity-50 [&_svg]:pointer-events-none [&_svg]:size-4 [&_svg]:shrink-0 border border-[hsl(var(--input))] bg-[hsl(var(--background))] hover:bg-[hsl(var(--accent))] hover:text-[hsl(var(--accent-foreground))] h-10 px-4 py-2\"\u001b[39m\n          \u001b[36m>\u001b[39m\n            \u001b[0m←\u001b[0m\n          \u001b[36m</button>\u001b[39m\n          \u001b[36m<h2\u001b[39m\n            \u001b[33mclass\u001b[39m=\u001b[32m\"text-xl font-bold\"\u001b[39m\n          \u001b[36m>\u001b[39m\n            \u001b[0menero 2025\u001b[0m\n          \u001b[36m</h2>\u001b[39m\n          \u001b[36m<button\u001b[39m\n            \u001b[33mclass\u001b[39m=\u001b[32m\"inline-flex items-center justify-center gap-2 whitespace-nowrap rounded-[var(--button-radius,var(--radius))] text-sm font-medium ring-offset-[hsl(var(--background))] transition-colors focus-visible:outline-none focus-visible:ring-2 focus-visible:ring-[hsl(var(--ring))] focus-visible:ring-offset-2 disabled:pointer-events-none disabled:opacity-50 [&_svg]:pointer-events-none [&_svg]:size-4 [&_svg]:shrink-0 border border-[hsl(var(--input))] bg-[hsl(var(--background))] hover:bg-[hsl(var(--accent))] hover:text-[hsl(var(--accent-foreground))] h-10 px-4 py-2\"\u001b[39m\n          \u001b[36m>\u001b[39m\n            \u001b[0m→\u001b[0m\n          \u001b[36m</button>\u001b[39m\n          \u001b[36m<button\u001b[39m\n            \u001b[33mclass\u001b[39m=\u001b[32m\"inline-flex items-center justify-center gap-2 whitespace-nowrap rounded-[var(--button-radius,var(--radius))] text-sm font-medium ring-offset-[hsl(var(--background))] transition-colors focus-visible:outline-none focus-visible:ring-2 focus-visible:ring-[hsl(var(--ring))] focus-visible:ring-offset-2 disabled:pointer-events-none disabled:opacity-50 [&_svg]:pointer-events-none [&_svg]:size-4 [&_svg]:shrink-0 border border-[hsl(var(--input))] bg-[hsl(var(--background))] hover:bg-[hsl(var(--accent))] hover:text-[hsl(var(--accent-foreground))] h-10 px-4 py-2\"\u001b[39m\n          \u001b[36m>\u001b[39m\n            \u001b[0mToday\u001b[0m\n          \u001b[36m</button>\u001b[39m\n        \u001b[36m</div>\u001b[39m\n        \u001b[36m<div\u001b[39m\n          \u001b[33mclass\u001b[39m=\u001b[32m\"flex items-center space-x-2\"\u001b[39m\n        \u001b[36m>\u001b[39m\n          \u001b[36m<button\u001b[39m\n            \u001b[33mclass\u001b[39m=\u001b[32m\"inline-flex items-center justify-center gap-2 whitespace-nowrap rounded-[var(--button-radius,var(--radius))] text-sm font-medium ring-offset-[hsl(var(--background))] transition-colors focus-visible:outline-none focus-visible:ring-2 focus-visible:ring-[hsl(var(--ring))] focus-visible:ring-offset-2 disabled:pointer-events-none disabled:opacity-50 [&_svg]:pointer-events-none [&_svg]:size-4 [&_svg]:shrink-0 bg-[hsl(var(--primary))] text-[hsl(var(--primary-foreground))] hover:bg-[hsl(var(--primary))]/90 h-10 px-4 py-2\"\u001b[39m\n          \u001b[36m>\u001b[39m\n            \u001b[0mMonth\u001b[0m\n          \u001b[36m</button>\u001b[39m\n          \u001b[36m<button\u001b[39m\n            \u001b[33mclass\u001b[39m=\u001b[32m\"inline-flex items-center justify-center gap-2 whitespace-nowrap rounded-[var(--button-radius,var(--radius))] text-sm font-medium ring-offset-[hsl(var(--background))] transition-colors focus-visible:outline-none focus-visible:ring-2 focus-visible:ring-[hsl(var(--ring))] focus-visible:ring-offset-2 disabled:pointer-events-none disabled:opacity-50 [&_svg]:pointer-events-none [&_svg]:size-4 [&_svg]:shrink-0 border border-[hsl(var(--input))] bg-[hsl(var(--background))] hover:bg-[hsl(var(--accent))] hover:text-[hsl(var(--accent-foreground))] h-10 px-4 py-2\"\u001b[39m\n          \u001b[36m>\u001b[39m\n            \u001b[0mWeek\u001b[0m\n          \u001b[36m</button>\u001b[39m\n          \u001b[36m<button\u001b[39m\n            \u001b[33mclass\u001b[39m=\u001b[32m\"inline-flex items-center justify-center gap-2 whitespace-nowrap rounded-[var(--button-radius,var(--radius))] text-sm font-medium ring-offset-[hsl(var(--background))] transition-colors focus-visible:outline-none focus-visible:ring-2 focus-visible:ring-[hsl(var(--ring))] focus-visible:ring-offset-2 disabled:pointer-events-none disabled:opacity-50 [&_svg]:pointer-events-none [&_svg]:size-4 [&_svg]:shrink-0 border border-[hsl(var(--input))] bg-[hsl(var(--background))] hover:bg-[hsl(var(--accent))] hover:text-[hsl(var(--accent-foreground))] h-10 px-4 py-2\"\u001b[39m\n          \u001b[36m>\u001b[39m\n            \u001b[0mDay\u001b[0m\n          \u001b[36m</button>\u001b[39m\n          \u001b[36m<button\u001b[39m\n            \u001b[33mclass\u001b[39m=\u001b[32m\"inline-flex items-center justify-center gap-2 whitespace-nowrap rounded-[var(--button-radius,var(--radius))] text-sm font-medium ring-offset-[hsl(var(--background))] transition-colors focus-visible:outline-none focus-visible:ring-2 focus-visible:ring-[hsl(var(--ring))] focus-visible:ring-offset-2 disabled:pointer-events-none disabled:opacity-50 [&_svg]:pointer-events-none [&_svg]:size-4 [&_svg]:shrink-0 border border-[hsl(var(--input))] bg-[hsl(var(--background))] hover:bg-[hsl(var(--accent))] hover:text-[hsl(var(--accent-foreground))] h-10 px-4 py-2\"\u001b[39m\n          \u001b[36m>\u001b[39m\n            \u001b[0mAgenda\u001b[0m\n          \u001b[36m</button>\u001b[39m\n        \u001b[36m</div>\u001b[39m\n      \u001b[36m</div>\u001b[39m\n      \u001b[36m<div\u001b[39m\n        \u001b[33mclass\u001b[39m=\u001b[32m\"contents\"\u001b[39m\n        \u001b[33mdata-slot\u001b[39m=\u001b[32m\"month-view\"\u001b[39m\n      \u001b[36m>\u001b[39m\n        \u001b[36m<div\u001b[39m\n          \u001b[33mclass\u001b[39m=\u001b[32m\"border-border/60 grid grid-cols-7 border-b\"\u001b[39m\n          \u001b[33mstyle\u001b[39m=\u001b[32m\"background: linear-gradient(180deg, hsl(var(--color-surface, var(--surface))) 0%, hsl(var(--color-background, var(--background))) 100%);\"\u001b[39m\n        \u001b[36m>\u001b[39m\n          \u001b[36m<div\u001b[39m\n            \u001b[33mclass\u001b[39m=\u001b[32m\"text-muted-foreground/70 py-3 text-center text-[11px] font-semibold uppercase tracking-wide\"\u001b[39m\n          \u001b[36m>\u001b[39m\n            \u001b[0mMon\u001b[0m\n          \u001b[36m</div>\u001b[39m\n          \u001b[36m<div\u001b[39m\n            \u001b[33mclass\u001b[39m=\u001b[32m\"text-muted-foreground/70 py-3 text-center text-[11px] font-semibold uppercase tracking-wide\"\u001b[39m\n          \u001b[36m>\u001b[39m\n            \u001b[0mTue\u001b[0m\n          \u001b[36m</div>\u001b[39m\n          \u001b[36m<div\u001b[39m\n            \u001b[33mclass\u001b[39m=\u001b[32m\"text-muted-foreground/70 py-3 text-center text-[11px] font-semibold uppercase tracking-wide\"\u001b[39m\n          \u001b[36m>\u001b[39m\n            \u001b[0mWed\u001b[0m\n          \u001b[36m</div>\u001b[39m\n          \u001b[36m<div\u001b[39m\n            \u001b[33mclass\u001b[39m=\u001b[32m\"text-muted-foreground/70 py-3 text-center text-[11px] font-semibold uppercase tracking-wide\"\u001b[39m\n          \u001b[36m>\u001b[39m\n            \u001b[0mThu\u001b[0m\n          \u001b[36m</div>\u001b[39m\n          \u001b[36m<div\u001b[39m\n            \u001b[33mclass\u001b[39m=\u001b[32m\"text-muted-foreground/70 py-3 text-cent...\n    at Object.getElementError (D:\\Documents\\Mis_proyectos\\Proyectos_Actuales\\aiutox_erp_core\\frontend\\node_modules\\@testing-library\\dom\\dist\\config.js:37:19)\n    at D:\\Documents\\Mis_proyectos\\Proyectos_Actuales\\aiutox_erp_core\\frontend\\node_modules\\@testing-library\\dom\\dist\\query-helpers.js:76:38\n    at D:\\Documents\\Mis_proyectos\\Proyectos_Actuales\\aiutox_erp_core\\frontend\\node_modules\\@testing-library\\dom\\dist\\query-helpers.js:52:17\n    at D:\\Documents\\Mis_proyectos\\Proyectos_Actuales\\aiutox_erp_core\\frontend\\node_modules\\@testing-library\\dom\\dist\\query-helpers.js:95:19\n    at D:/Documents/Mis_proyectos/Proyectos_Actuales/aiutox_erp_core/frontend/app/features/calendar/__tests__/CalendarView.test.tsx:229:21\n    at file:///D:/Documents/Mis_proyectos/Proyectos_Actuales/aiutox_erp_core/frontend/node_modules/@vitest/runner/dist/index.js:145:11\n    at file:///D:/Documents/Mis_proyectos/Proyectos_Actuales/aiutox_erp_core/frontend/node_modules/@vitest/runner/dist/index.js:915:26\n    at file:///D:/Documents/Mis_proyectos/Proyectos_Actuales/aiutox_erp_core/frontend/node_modules/@vitest/runner/dist/index.js:1243:20\n    at new Promise (<anonymous>)\n    at runWithTimeout (file:///D:/Documents/Mis_proyectos/Proyectos_Actuales/aiutox_erp_core/frontend/node_modules/@vitest/runner/dist/index.js:1209:10)"],"meta":{}},{"ancestorTitles":["Calendar Module","EventForm"],"fullName":"Calendar Module EventForm renders form with all fields","status":"failed","title":"renders form with all fields","duration":79.76090000000022,"failureMessages":["TestingLibraryElementError: Unable to find an element with the text: Calendario. This could be because the text is broken up by multiple elements. In this case, you can provide a function for your text matcher to make your matcher more flexible.\n\nIgnored nodes: comments, script, style\n\u001b[36m<body>\u001b[39m\n  \u001b[36m<div>\u001b[39m\n    \u001b[36m<div\u001b[39m\n      \u001b[33mclass\u001b[39m=\u001b[32m\"space-y-6\"\u001b[39m\n    \u001b[36m>\u001b[39m\n      \u001b[36m<div\u001b[39m\n        \u001b[33mclass\u001b[39m=\u001b[32m\"rounded-[var(--card-radius,var(--radius))] border bg-[hsl(var(--card))] text-[hsl(var(--card-foreground))] shadow-[var(--shadow-elevation-1,var(--shadow-sm))]\"\u001b[39m\n      \u001b[36m>\u001b[39m\n        \u001b[36m<div\u001b[39m\n          \u001b[33mclass\u001b[39m=\u001b[32m\"flex flex-col space-y-1.5 p-6\"\u001b[39m\n        \u001b[36m>\u001b[39m\n          \u001b[36m<h3\u001b[39m\n            \u001b[33mclass\u001b[39m=\u001b[32m\"text-2xl font-semibold leading-none tracking-tight\"\u001b[39m\n          \u001b[36m>\u001b[39m\n            \u001b[0mCreate Event\u001b[0m\n          \u001b[36m</h3>\u001b[39m\n        \u001b[36m</div>\u001b[39m\n        \u001b[36m<div\u001b[39m\n          \u001b[33mclass\u001b[39m=\u001b[32m\"p-6 pt-0\"\u001b[39m\n        \u001b[36m>\u001b[39m\n          \u001b[36m<form\u001b[39m\n            \u001b[33mclass\u001b[39m=\u001b[32m\"space-y-4\"\u001b[39m\n          \u001b[36m>\u001b[39m\n            \u001b[36m<div\u001b[39m\n              \u001b[33mclass\u001b[39m=\u001b[32m\"space-y-2\"\u001b[39m\n            \u001b[36m>\u001b[39m\n              \u001b[36m<label\u001b[39m\n                \u001b[33mclass\u001b[39m=\u001b[32m\"text-sm font-medium leading-none peer-disabled:cursor-not-allowed peer-disabled:opacity-70\"\u001b[39m\n                \u001b[33mfor\u001b[39m=\u001b[32m\"calendar\"\u001b[39m\n              \u001b[36m>\u001b[39m\n                \u001b[0mCalendar\u001b[0m\n              \u001b[36m</label>\u001b[39m\n              \u001b[36m<button\u001b[39m\n                \u001b[33maria-autocomplete\u001b[39m=\u001b[32m\"none\"\u001b[39m\n                \u001b[33maria-controls\u001b[39m=\u001b[32m\"radix-_r_0_\"\u001b[39m\n                \u001b[33maria-expanded\u001b[39m=\u001b[32m\"false\"\u001b[39m\n                \u001b[33mclass\u001b[39m=\u001b[32m\"flex h-10 w-full items-center justify-between rounded-md border border-[hsl(var(--input))] bg-[hsl(var(--background))] px-3 py-2 text-sm ring-offset-[hsl(var(--background))] data-placeholder:text-[hsl(var(--muted-foreground))] focus:outline-none focus:ring-2 focus:ring-[hsl(var(--ring))] focus:ring-offset-2 disabled:cursor-not-allowed disabled:opacity-50 [&>span]:line-clamp-1\"\u001b[39m\n                \u001b[33mdata-state\u001b[39m=\u001b[32m\"closed\"\u001b[39m\n                \u001b[33mdir\u001b[39m=\u001b[32m\"ltr\"\u001b[39m\n                \u001b[33mrole\u001b[39m=\u001b[32m\"combobox\"\u001b[39m\n                \u001b[33mtype\u001b[39m=\u001b[32m\"button\"\u001b[39m\n              \u001b[36m>\u001b[39m\n                \u001b[36m<span\u001b[39m\n                  \u001b[33mstyle\u001b[39m=\u001b[32m\"pointer-events: none;\"\u001b[39m\n                \u001b[36m>\u001b[39m\n                  \u001b[36m<div\u001b[39m\n                    \u001b[33mclass\u001b[39m=\u001b[32m\"flex items-center space-x-2\"\u001b[39m\n                  \u001b[36m>\u001b[39m\n                    \u001b[36m<div\u001b[39m\n                      \u001b[33mclass\u001b[39m=\u001b[32m\"w-3 h-3 rounded-full\"\u001b[39m\n                      \u001b[33mstyle\u001b[39m=\u001b[32m\"background-color: rgb(2, 62, 135);\"\u001b[39m\n                    \u001b[36m/>\u001b[39m\n                    \u001b[36m<span>\u001b[39m\n                      \u001b[0mWork Calendar\u001b[0m\n                    \u001b[36m</span>\u001b[39m\n                  \u001b[36m</div>\u001b[39m\n                \u001b[36m</span>\u001b[39m\n                \u001b[36m<svg\u001b[39m\n                  \u001b[33maria-hidden\u001b[39m=\u001b[32m\"true\"\u001b[39m\n                  \u001b[33mclass\u001b[39m=\u001b[32m\"lucide lucide-chevron-down h-4 w-4 opacity-50\"\u001b[39m\n                  \u001b[33mfill\u001b[39m=\u001b[32m\"none\"\u001b[39m\n                  \u001b[33mheight\u001b[39m=\u001b[32m\"24\"\u001b[39m\n                  \u001b[33mstroke\u001b[39m=\u001b[32m\"currentColor\"\u001b[39m\n                  \u001b[33mstroke-linecap\u001b[39m=\u001b[32m\"round\"\u001b[39m\n                  \u001b[33mstroke-linejoin\u001b[39m=\u001b[32m\"round\"\u001b[39m\n                  \u001b[33mstroke-width\u001b[39m=\u001b[32m\"2\"\u001b[39m\n                  \u001b[33mviewBox\u001b[39m=\u001b[32m\"0 0 24 24\"\u001b[39m\n                  \u001b[33mwidth\u001b[39m=\u001b[32m\"24\"\u001b[39m\n                  \u001b[33mxmlns\u001b[39m=\u001b[32m\"http://www.w3.org/2000/svg\"\u001b[39m\n                \u001b[36m>\u001b[39m\n                  \u001b[36m<path\u001b[39m\n                    \u001b[33md\u001b[39m=\u001b[32m\"m6 9 6 6 6-6\"\u001b[39m\n                  \u001b[36m/>\u001b[39m\n                \u001b[36m</svg>\u001b[39m\n              \u001b[36m</button>\u001b[39m\n              \u001b[36m<select\u001b[39m\n                \u001b[33maria-hidden\u001b[39m=\u001b[32m\"true\"\u001b[39m\n                \u001b[33mstyle\u001b[39m=\u001b[32m\"position: absolute; border: 0px; width: 1px; height: 1px; padding: 0px; margin: -1px; overflow: hidden; clip: rect(0px, 0px, 0px, 0px); white-space: nowrap; word-wrap: normal;\"\u001b[39m\n                \u001b[33mtabindex\u001b[39m=\u001b[32m\"-1\"\u001b[39m\n              \u001b[36m>\u001b[39m\n                \u001b[36m<option\u001b[39m\n                  \u001b[33mselected\u001b[39m=\u001b[32m\"\"\u001b[39m\n                  \u001b[33mvalue\u001b[39m=\u001b[32m\"1\"\u001b[39m\n                \u001b[36m>\u001b[39m\n                  \u001b[0mWork Calendar\u001b[0m\n                \u001b[36m</option>\u001b[39m\n              \u001b[36m</select>\u001b[39m\n            \u001b[36m</div>\u001b[39m\n            \u001b[36m<div\u001b[39m\n              \u001b[33mclass\u001b[39m=\u001b[32m\"space-y-2\"\u001b[39m\n            \u001b[36m>\u001b[39m\n              \u001b[36m<label\u001b[39m\n                \u001b[33mclass\u001b[39m=\u001b[32m\"text-sm font-medium leading-none peer-disabled:cursor-not-allowed peer-disabled:opacity-70\"\u001b[39m\n                \u001b[33mfor\u001b[39m=\u001b[32m\"title\"\u001b[39m\n              \u001b[36m>\u001b[39m\n                \u001b[0mEvent Title\u001b[0m\n              \u001b[36m</label>\u001b[39m\n              \u001b[36m<input\u001b[39m\n                \u001b[33mclass\u001b[39m=\u001b[32m\"flex h-10 w-full rounded-[var(--input-radius,var(--radius))] border border-[hsl(var(--input))] bg-[hsl(var(--background))] px-3 py-2 text-base ring-offset-[hsl(var(--background))] file:border-0 file:bg-transparent file:text-sm file:font-medium file:text-[hsl(var(--foreground))] placeholder:text-[hsl(var(--muted-foreground))] focus-visible:outline-none focus-visible:ring-2 focus-visible:ring-[hsl(var(--ring))] focus-visible:ring-offset-2 disabled:cursor-not-allowed disabled:opacity-50 md:text-sm\"\u001b[39m\n                \u001b[33mid\u001b[39m=\u001b[32m\"title\"\u001b[39m\n                \u001b[33mplaceholder\u001b[39m=\u001b[32m\"calendar.events.titlePlaceholder\"\u001b[39m\n                \u001b[33mrequired\u001b[39m=\u001b[32m\"\"\u001b[39m\n                \u001b[33mvalue\u001b[39m=\u001b[32m\"\"\u001b[39m\n              \u001b[36m/>\u001b[39m\n            \u001b[36m</div>\u001b[39m\n            \u001b[36m<div\u001b[39m\n              \u001b[33mclass\u001b[39m=\u001b[32m\"space-y-2\"\u001b[39m\n            \u001b[36m>\u001b[39m\n              \u001b[36m<label\u001b[39m\n                \u001b[33mclass\u001b[39m=\u001b[32m\"text-sm font-medium leading-none peer-disabled:cursor-not-allowed peer-disabled:opacity-70\"\u001b[39m\n                \u001b[33mfor\u001b[39m=\u001b[32m\"description\"\u001b[39m\n              \u001b[36m>\u001b[39m\n                \u001b[0mDescription\u001b[0m\n              \u001b[36m</label>\u001b[39m\n              \u001b[36m<textarea\u001b[39m\n                \u001b[33mclass\u001b[39m=\u001b[32m\"flex min-h-[80px] w-full rounded-md border border-[hsl(var(--input))] bg-[hsl(var(--background))] px-3 py-2 text-base ring-offset-[hsl(var(--background))] placeholder:text-[hsl(var(--muted-foreground))] focus-visible:outline-none focus-visible:ring-2 focus-visible:ring-[hsl(var(--ring))] focus-visible:ring-offset-2 disabled:cursor-not-allowed disabled:opacity-50 md:text-sm\"\u001b[39m\n                \u001b[33mid\u001b[39m=\u001b[32m\"description\"\u001b[39m\n                \u001b[33mplaceholder\u001b[39m=\u001b[32m\"calendar.events.descriptionPlaceholder\"\u001b[39m\n                \u001b[33mrows\u001b[39m=\u001b[32m\"3\"\u001b[39m\n              \u001b[36m/>\u001b[39m\n            \u001b[36m</div>\u001b[39m\n            \u001b[36m<div\u001b[39m\n              \u001b[33mclass\u001b[39m=\u001b[32m\"grid grid-cols-2 gap-4\"\u001b[39m\n            \u001b[36m>\u001b[39m\n              \u001b[36m<div\u001b[39m\n                \u001b[33mclass\u001b[39m=\u001b[32m\"space-y-2\"\u001b[...\n    at Object.getElementError (D:\\Documents\\Mis_proyectos\\Proyectos_Actuales\\aiutox_erp_core\\frontend\\node_modules\\@testing-library\\dom\\dist\\config.js:37:19)\n    at D:\\Documents\\Mis_proyectos\\Proyectos_Actuales\\aiutox_erp_core\\frontend\\node_modules\\@testing-library\\dom\\dist\\query-helpers.js:76:38\n    at D:\\Documents\\Mis_proyectos\\Proyectos_Actuales\\aiutox_erp_core\\frontend\\node_modules\\@testing-library\\dom\\dist\\query-helpers.js:52:17\n    at D:\\Documents\\Mis_proyectos\\Proyectos_Actuales\\aiutox_erp_core\\frontend\\node_modules\\@testing-library\\dom\\dist\\query-helpers.js:95:19\n    at D:/Documents/Mis_proyectos/Proyectos_Actuales/aiutox_erp_core/frontend/app/features/calendar/__tests__/CalendarView.test.tsx:245:21\n    at file:///D:/Documents/Mis_proyectos/Proyectos_Actuales/aiutox_erp_core/frontend/node_modules/@vitest/runner/dist/index.js:145:11\n    at file:///D:/Documents/Mis_proyectos/Proyectos_Actuales/aiutox_erp_core/frontend/node_modules/@vitest/runner/dist/index.js:915:26\n    at file:///D:/Documents/Mis_proyectos/Proyectos_Actuales/aiutox_erp_core/frontend/node_modules/@vitest/runner/dist/index.js:1243:20\n    at new Promise (<anonymous>)\n    at runWithTimeout (file:///D:/Documents/Mis_proyectos/Proyectos_Actuales/aiutox_erp_core/frontend/node_modules/@vitest/runner/dist/index.js:1209:10)"],"meta":{}},{"ancestorTitles":["Calendar Module","EventForm"],"fullName":"Calendar Module EventForm shows subject field for email templates","status":"pending","title":"shows subject field for email templates","failureMessages":[],"meta":{}},{"ancestorTitles":["Calendar Module","EventForm"],"fullName":"Calendar Module EventForm calls onSubmit when form is submitted","status":"pending","title":"calls onSubmit when form is submitted","failureMessages":[],"meta":{}},{"ancestorTitles":["Calendar Module","EventForm"],"fullName":"Calendar Module EventForm calls onCancel when cancel button is clicked","status":"pending","title":"calls onCancel when cancel button is clicked","failureMessages":[],"meta":{}},{"ancestorTitles":["Calendar Module","EventForm"],"fullName":"Calendar Module EventForm toggles all-day when switch is clicked","status":"pending","title":"toggles all-day when switch is clicked","failureMessages":[],"meta":{}},{"ancestorTitles":["Calendar Module","EventForm"],"fullName":"Calendar Module EventForm adds reminders when add button is clicked","status":"pending","title":"adds reminders when add button is clicked","failureMessages":[],"meta":{}},{"ancestorTitles":["Calendar Module","EventDetails"],"fullName":"Calendar Module EventDetails renders event details with all information","status":"pending","title":"renders event details with all information","failureMessages":[],"meta":{}},{"ancestorTitles":["Calendar Module","EventDetails"],"fullName":"Calendar Module EventDetails shows reminder information","status":"pending","title":"shows reminder information","failureMessages":[],"meta":{}},{"ancestorTitles":["Calendar Module","EventDetails"],"fullName":"Calendar Module EventDetails shows attendee information","status":"pending","title":"shows attendee information","failureMessages":[],"meta":{}},{"ancestorTitles":["Calendar Module","EventDetails"],"fullName":"Calendar Module EventDetails calls onEdit when edit button is clicked","status":"pending","title":"calls onEdit when edit button is clicked","failureMessages":[],"meta":{}},{"ancestorTitles":["Calendar Module","EventDetails"],"fullName":"Calendar Module EventDetails calls onDelete when delete button is clicked","status":"pending","title":"calls onDelete when delete button is clicked","failureMessages":[],"meta":{}},{"ancestorTitles":["Calendar Module","EventDetails"],"fullName":"Calendar Module EventDetails calls onClose when close button is clicked","status":"pending","title":"calls onClose when close button is clicked","failureMessages":[],"meta":{}},{"ancestorTitles":["Calendar Module","EventDetails"],"fullName":"Calendar Module EventDetails shows all-day badge for all-day events","status":"pending","title":"shows all-day badge for all-day events","failureMessages":[],"meta":{}},{"ancestorTitles":["Calendar Module","EventDetails"],"fullName":"Calendar Module EventDetails shows recurrence information for recurring events","status":"pending","title":"shows recurrence information for recurring events","failureMessages":[],"meta":{}},{"ancestorTitles":["Calendar Module","Calendar Data Structure"],"fullName":"Calendar Module Calendar Data Structure has required calendar fields","status":"pending","title":"has required calendar fields","failureMessages":[],"meta":{}},{"ancestorTitles":["Calendar Module","Calendar Data Structure"],"fullName":"Calendar Module Calendar Data Structure has required event fields","status":"pending","title":"has required event fields","failureMessages":[],"meta":{}},{"ancestorTitles":["Calendar Module","Calendar Data Structure"],"fullName":"Calendar Module Calendar Data Structure has correct calendar view types","status":"pending","title":"has correct calendar view types","failureMessages":[],"meta":{}},{"ancestorTitles":["Calendar Module","Calendar Data Structure"],"fullName":"Calendar Module Calendar Data Structure has correct recurrence types","status":"pending","title":"has correct recurrence types","failureMessages":[],"meta":{}},{"ancestorTitles":["Calendar Module","Calendar Data Structure"],"fullName":"Calendar Module Calendar Data Structure has correct reminder types","status":"pending","title":"has correct reminder types","failureMessages":[],"meta":{}},{"ancestorTitles":["Calendar Module","Calendar Data Structure"],"fullName":"Calendar Module Calendar Data Structure has correct attendee status types","status":"pending","title":"has correct attendee status types","failureMessages":[],"meta":{}}],"startTime":1769809820908,"endTime":1769809821289.761,"status":"failed","message":"","name":"D:/Documents/Mis_proyectos/Proyectos_Actuales/aiutox_erp_core/frontend/app/features/calendar/__tests__/CalendarView.test.tsx"},{"assertionResults":[],"startTime":1769809815984,"endTime":1769809815984,"status":"passed","message":"","name":"D:/Documents/Mis_proyectos/Proyectos_Actuales/aiutox_erp_core/frontend/app/features/calendar/__tests__/eventDrag.test.ts"},{"assertionResults":[],"startTime":1769809815984,"endTime":1769809815984,"status":"passed","message":"","name":"D:/Documents/Mis_proyectos/Proyectos_Actuales/aiutox_erp_core/frontend/app/features/comments/__tests__/CommentThread.test.tsx"},{"assertionResults":[],"startTime":1769809815984,"endTime":1769809815984,"status":"passed","message":"","name":"D:/Documents/Mis_proyectos/Proyectos_Actuales/aiutox_erp_core/frontend/app/features/import-export/__tests__/ImportExport.test.tsx"},{"assertionResults":[],"startTime":1769809815984,"endTime":1769809815984,"status":"passed","message":"","name":"D:/Documents/Mis_proyectos/Proyectos_Actuales/aiutox_erp_core/frontend/app/features/notifications/__tests__/Notifications.test.tsx"},{"assertionResults":[],"startTime":1769809815984,"endTime":1769809815984,"status":"passed","message":"","name":"D:/Documents/Mis_proyectos/Proyectos_Actuales/aiutox_erp_core/frontend/app/features/integrations/__tests__/Integrations.test.tsx"},{"assertionResults":[],"startTime":1769809815984,"endTime":1769809815984,"status":"passed","message":"","name":"D:/Documents/Mis_proyectos/Proyectos_Actuales/aiutox_erp_core/frontend/app/features/products/__tests__/ProductList.test.tsx"},{"assertionResults":[],"startTime":1769809815984,"endTime":1769809815984,"status":"passed","message":"","name":"D:/Documents/Mis_proyectos/Proyectos_Actuales/aiutox_erp_core/frontend/app/features/pubsub/__tests__/PubSub.test.tsx"},{"assertionResults":[],"startTime":1769809815984,"endTime":1769809815984,"status":"passed","message":"","name":"D:/Documents/Mis_proyectos/Proyectos_Actuales/aiutox_erp_core/frontend/app/features/reporting/__tests__/ReportList.test.tsx"},{"assertionResults":[],"startTime":1769809815984,"endTime":1769809815984,"status":"passed","message":"","name":"D:/Documents/Mis_proyectos/Proyectos_Actuales/aiutox_erp_core/frontend/app/features/tasks/__tests__/TaskList.test.tsx"},{"assertionResults":[],"startTime":1769809815984,"endTime":1769809815984,"status":"passed","message":"","name":"D:/Documents/Mis_proyectos/Proyectos_Actuales/aiutox_erp_core/frontend/app/features/templates/__tests__/TemplateList.test.tsx"},{"assertionResults":[],"startTime":1769809815984,"endTime":1769809815984,"status":"passed","message":"","name":"D:/Documents/Mis_proyectos/Proyectos_Actuales/aiutox_erp_core/frontend/app/lib/api/__tests__/client.test.ts"},{"assertionResults":[],"startTime":1769809815984,"endTime":1769809815984,"status":"passed","message":"","name":"D:/Documents/Mis_proyectos/Proyectos_Actuales/aiutox_erp_core/frontend/app/lib/modules/__tests__/registry.test.ts"},{"assertionResults":[],"startTime":1769809815984,"endTime":1769809815984,"status":"passed","message":"","name":"D:/Documents/Mis_proyectos/Proyectos_Actuales/aiutox_erp_core/frontend/app/lib/quickActions/__tests__/registry.test.ts"},{"assertionResults":[],"startTime":1769809815984,"endTime":1769809815984,"status":"passed","message":"","name":"D:/Documents/Mis_proyectos/Proyectos_Actuales/aiutox_erp_core/frontend/app/__tests__/integration/config/theme-api.test.ts"},{"assertionResults":[],"startTime":1769809815984,"endTime":1769809815984,"status":"passed","message":"","name":"D:/Documents/Mis_proyectos/Proyectos_Actuales/aiutox_erp_core/frontend/app/lib/storage/__tests__/encryptedStorage.test.ts"},{"assertionResults":[],"startTime":1769809815984,"endTime":1769809815984,"status":"passed","message":"","name":"D:/Documents/Mis_proyectos/Proyectos_Actuales/aiutox_erp_core/frontend/app/__tests__/integration/layout/page-layout-integration.test.tsx"},{"assertionResults":[],"startTime":1769809815984,"endTime":1769809815984,"status":"passed","message":"","name":"D:/Documents/Mis_proyectos/Proyectos_Actuales/aiutox_erp_core/frontend/app/features/approvals/hooks/__tests__/useApprovals.test.ts"},{"assertionResults":[],"startTime":1769809815984,"endTime":1769809815984,"status":"passed","message":"","name":"D:/Documents/Mis_proyectos/Proyectos_Actuales/aiutox_erp_core/frontend/app/features/files/hooks/__tests__/useFilePermissions.test.tsx"},{"assertionResults":[],"startTime":1769809815984,"endTime":1769809815984,"status":"passed","message":"","name":"D:/Documents/Mis_proyectos/Proyectos_Actuales/aiutox_erp_core/frontend/app/features/files/hooks/__tests__/useFiles.test.tsx"},{"assertionResults":[],"startTime":1769809815984,"endTime":1769809815984,"status":"passed","message":"","name":"D:/Documents/Mis_proyectos/Proyectos_Actuales/aiutox_erp_core/frontend/app/features/files/hooks/__tests__/useFolderPermissions.test.tsx"},{"assertionResults":[],"startTime":1769809815984,"endTime":1769809815984,"status":"passed","message":"","name":"D:/Documents/Mis_proyectos/Proyectos_Actuales/aiutox_erp_core/frontend/app/features/approvals/components/__tests__/ApprovalStatusBadge.test.tsx"},{"assertionResults":[],"startTime":1769809815984,"endTime":1769809815984,"status":"passed","message":"","name":"D:/Documents/Mis_proyectos/Proyectos_Actuales/aiutox_erp_core/frontend/app/features/approvals/components/__tests__/ApprovalTimeline.test.tsx"},{"assertionResults":[],"startTime":1769809815984,"endTime":1769809815984,"status":"passed","message":"","name":"D:/Documents/Mis_proyectos/Proyectos_Actuales/aiutox_erp_core/frontend/app/features/approvals/components/__tests__/ApprovalWidget.test.tsx"},{"assertionResults":[],"startTime":1769809815984,"endTime":1769809815984,"status":"passed","message":"","name":"D:/Documents/Mis_proyectos/Proyectos_Actuales/aiutox_erp_core/frontend/app/features/files/components/__tests__/FileDetail.test.tsx"},{"assertionResults":[],"startTime":1769809815984,"endTime":1769809815984,"status":"passed","message":"","name":"D:/Documents/Mis_proyectos/Proyectos_Actuales/aiutox_erp_core/frontend/app/features/files/components/__tests__/FileList.test.tsx"},{"assertionResults":[],"startTime":1769809815984,"endTime":1769809815984,"status":"passed","message":"","name":"D:/Documents/Mis_proyectos/Proyectos_Actuales/aiutox_erp_core/frontend/app/features/files/components/__tests__/FileUpload.test.tsx"},{"assertionResults":[],"startTime":1769809815984,"endTime":1769809815984,"status":"passed","message":"","name":"D:/Documents/Mis_proyectos/Proyectos_Actuales/aiutox_erp_core/frontend/app/features/search/components/__tests__/SearchHeader.test.tsx"},{"assertionResults":[],"startTime":1769809815984,"endTime":1769809815984,"status":"passed","message":"","name":"D:/Documents/Mis_proyectos/Proyectos_Actuales/aiutox_erp_core/frontend/app/features/search/components/__tests__/SearchResultsList.test.tsx"},{"assertionResults":[],"startTime":1769809815984,"endTime":1769809815984,"status":"passed","message":"","name":"D:/Documents/Mis_proyectos/Proyectos_Actuales/aiutox_erp_core/frontend/app/features/tasks/components/__tests__/TaskChecklist.test.tsx"},{"assertionResults":[],"startTime":1769809815984,"endTime":1769809815984,"status":"passed","message":"","name":"D:/Documents/Mis_proyectos/Proyectos_Actuales/aiutox_erp_core/frontend/app/features/tasks/components/__tests__/TaskEdit.test.tsx"},{"assertionResults":[],"startTime":1769809815984,"endTime":1769809815984,"status":"passed","message":"","name":"D:/Documents/Mis_proyectos/Proyectos_Actuales/aiutox_erp_core/frontend/app/features/tasks/components/__tests__/TaskForm.test.tsx"},{"assertionResults":[],"startTime":1769809815984,"endTime":1769809815984,"status":"passed","message":"","name":"D:/Documents/Mis_proyectos/Proyectos_Actuales/aiutox_erp_core/frontend/app/features/tasks/components/__tests__/TaskNotificationsSSE.test.tsx"},{"assertionResults":[],"startTime":1769809815984,"endTime":1769809815984,"status":"passed","message":"","name":"D:/Documents/Mis_proyectos/Proyectos_Actuales/aiutox_erp_core/frontend/app/features/files/utils/__tests__/fileUtils.test.ts"},{"assertionResults":[],"startTime":1769809815984,"endTime":1769809815984,"status":"passed","message":"","name":"D:/Documents/Mis_proyectos/Proyectos_Actuales/aiutox_erp_core/frontend/app/features/users/hooks/__tests__/useUsers.test.ts"},{"assertionResults":[],"startTime":1769809815984,"endTime":1769809815984,"status":"passed","message":"","name":"D:/Documents/Mis_proyectos/Proyectos_Actuales/aiutox_erp_core/frontend/app/features/tasks/hooks/__tests__/useDependencies.test.ts"},{"assertionResults":[],"startTime":1769809815984,"endTime":1769809815984,"status":"passed","message":"","name":"D:/Documents/Mis_proyectos/Proyectos_Actuales/aiutox_erp_core/frontend/app/features/tasks/hooks/__tests__/useTaskFiles.test.ts"},{"assertionResults":[],"startTime":1769809815984,"endTime":1769809815984,"status":"passed","message":"","name":"D:/Documents/Mis_proyectos/Proyectos_Actuales/aiutox_erp_core/frontend/app/features/tasks/hooks/__tests__/useWebhooks.test.ts"},{"assertionResults":[],"startTime":1769809815984,"endTime":1769809815984,"status":"passed","message":"","name":"D:/Documents/Mis_proyectos/Proyectos_Actuales/aiutox_erp_core/frontend/app/features/views/hooks/__tests__/useFilterUrlSync.test.ts"},{"assertionResults":[],"startTime":1769809815984,"endTime":1769809815984,"status":"passed","message":"","name":"D:/Documents/Mis_proyectos/Proyectos_Actuales/aiutox_erp_core/frontend/app/features/views/hooks/__tests__/useSavedFilters.test.ts"},{"assertionResults":[],"startTime":1769809815984,"endTime":1769809815984,"status":"passed","message":"","name":"D:/Documents/Mis_proyectos/Proyectos_Actuales/aiutox_erp_core/frontend/app/features/views/utils/__tests__/filterUtils.test.ts"},{"assertionResults":[],"startTime":1769809815984,"endTime":1769809815984,"status":"passed","message":"","name":"D:/Documents/Mis_proyectos/Proyectos_Actuales/aiutox_erp_core/frontend/app/features/workflows/hooks/__tests__/useWorkflows.test.ts"},{"assertionResults":[],"startTime":1769809815984,"endTime":1769809815984,"status":"passed","message":"","name":"D:/Documents/Mis_proyectos/Proyectos_Actuales/aiutox_erp_core/frontend/app/features/files/components/previewers/__tests__/CodePreview.test.tsx"},{"assertionResults":[],"startTime":1769809815984,"endTime":1769809815984,"status":"passed","message":"","name":"D:/Documents/Mis_proyectos/Proyectos_Actuales/aiutox_erp_core/frontend/app/features/files/components/previewers/__tests__/CsvPreview.test.tsx"},{"assertionResults":[],"startTime":1769809815984,"endTime":1769809815984,"status":"passed","message":"","name":"D:/Documents/Mis_proyectos/Proyectos_Actuales/aiutox_erp_core/frontend/app/features/files/components/previewers/__tests__/JsonPreview.test.tsx"},{"assertionResults":[],"startTime":1769809815984,"endTime":1769809815984,"status":"passed","message":"","name":"D:/Documents/Mis_proyectos/Proyectos_Actuales/aiutox_erp_core/frontend/app/features/files/components/previewers/__tests__/MarkdownPreview.test.tsx"},{"assertionResults":[],"startTime":1769809815984,"endTime":1769809815984,"status":"passed","message":"","name":"D:/Documents/Mis_proyectos/Proyectos_Actuales/aiutox_erp_core/frontend/app/features/files/components/previewers/__tests__/MermaidPreview.test.tsx"},{"assertionResults":[],"startTime":1769809815984,"endTime":1769809815984,"status":"passed","message":"","name":"D:/Documents/Mis_proyectos/Proyectos_Actuales/aiutox_erp_core/frontend/app/features/files/components/previewers/__tests__/TextPreview.test.tsx"}]}