{"numTotalTestSuites":5,"numPassedTestSuites":1,"numFailedTestSuites":4,"numPendingTestSuites":0,"numTotalTests":15,"numPassedTests":11,"numFailedTests":4,"numPendingTests":0,"numTodoTests":0,"snapshot":{"added":0,"failure":false,"filesAdded":0,"filesRemoved":0,"filesRemovedList":[],"filesUnmatched":0,"filesUpdated":0,"matched":0,"total":0,"unchecked":0,"uncheckedKeysByFile":[],"unmatched":0,"updated":0,"didUpdate":false},"startTime":1767585683148,"success":false,"testResults":[{"assertionResults":[{"ancestorTitles":["PubSub Module","PubSubPage"],"fullName":"PubSub Module PubSubPage renders PubSub page with title and description","status":"passed","title":"renders PubSub page with title and description","duration":136.60850000000028,"failureMessages":[],"meta":{}},{"ancestorTitles":["PubSub Module","PubSubPage"],"fullName":"PubSub Module PubSubPage renders tabs for dashboard, streams, and groups","status":"passed","title":"renders tabs for dashboard, streams, and groups","duration":51.83259999999973,"failureMessages":[],"meta":{}},{"ancestorTitles":["PubSub Module","PubSubPage"],"fullName":"PubSub Module PubSubPage shows dashboard tab by default","status":"passed","title":"shows dashboard tab by default","duration":44.78620000000046,"failureMessages":[],"meta":{}},{"ancestorTitles":["PubSub Module","PubSubPage"],"fullName":"PubSub Module PubSubPage shows loading state initially","status":"passed","title":"shows loading state initially","duration":14.140800000000127,"failureMessages":[],"meta":{}},{"ancestorTitles":["PubSub Module","PubSubPage"],"fullName":"PubSub Module PubSubPage shows error state when API fails","status":"passed","title":"shows error state when API fails","duration":15.487299999999777,"failureMessages":[],"meta":{}},{"ancestorTitles":["PubSub Module","PubSubPage"],"fullName":"PubSub Module PubSubPage navigates to stream view when stream is clicked","status":"failed","title":"navigates to stream view when stream is clicked","duration":1035.9151999999995,"failureMessages":["Error: Unable to find role=\"button\" and name \"View\"\n\nIgnored nodes: comments, script, style\n\u001b[36m<body>\u001b[39m\n  \u001b[36m<div>\u001b[39m\n    \u001b[36m<div\u001b[39m\n      \u001b[33mclass\u001b[39m=\u001b[32m\"flex flex-col min-h-[calc(100vh-4rem)]\"\u001b[39m\n    \u001b[36m>\u001b[39m\n      \u001b[36m<div\u001b[39m\n        \u001b[33mclass\u001b[39m=\u001b[32m\"container mx-auto py-6 space-y-6 flex-1\"\u001b[39m\n      \u001b[36m>\u001b[39m\n        \u001b[36m<div\u001b[39m\n          \u001b[33mclass\u001b[39m=\u001b[32m\"space-y-2\"\u001b[39m\n        \u001b[36m>\u001b[39m\n          \u001b[36m<h1\u001b[39m\n            \u001b[33mclass\u001b[39m=\u001b[32m\"text-3xl font-bold\"\u001b[39m\n          \u001b[36m>\u001b[39m\n            \u001b[0mPubSub\u001b[0m\n          \u001b[36m</h1>\u001b[39m\n          \u001b[36m<p\u001b[39m\n            \u001b[33mclass\u001b[39m=\u001b[32m\"text-muted-foreground\"\u001b[39m\n          \u001b[36m>\u001b[39m\n            \u001b[0mPubSub monitoring and management\u001b[0m\n          \u001b[36m</p>\u001b[39m\n        \u001b[36m</div>\u001b[39m\n        \u001b[36m<div\u001b[39m\n          \u001b[33mclass\u001b[39m=\u001b[32m\"flex-1\"\u001b[39m\n        \u001b[36m>\u001b[39m\n          \u001b[36m<div\u001b[39m\n            \u001b[33mclass\u001b[39m=\u001b[32m\"space-y-6\"\u001b[39m\n          \u001b[36m>\u001b[39m\n            \u001b[36m<div\u001b[39m\n              \u001b[33mdata-orientation\u001b[39m=\u001b[32m\"horizontal\"\u001b[39m\n              \u001b[33mdir\u001b[39m=\u001b[32m\"ltr\"\u001b[39m\n            \u001b[36m>\u001b[39m\n              \u001b[36m<div\u001b[39m\n                \u001b[33maria-orientation\u001b[39m=\u001b[32m\"horizontal\"\u001b[39m\n                \u001b[33mclass\u001b[39m=\u001b[32m\"h-10 items-center justify-center rounded-md bg-muted p-1 text-muted-foreground grid w-full grid-cols-3\"\u001b[39m\n                \u001b[33mdata-orientation\u001b[39m=\u001b[32m\"horizontal\"\u001b[39m\n                \u001b[33mrole\u001b[39m=\u001b[32m\"tablist\"\u001b[39m\n                \u001b[33mstyle\u001b[39m=\u001b[32m\"outline: none;\"\u001b[39m\n                \u001b[33mtabindex\u001b[39m=\u001b[32m\"0\"\u001b[39m\n              \u001b[36m>\u001b[39m\n                \u001b[36m<button\u001b[39m\n                  \u001b[33maria-controls\u001b[39m=\u001b[32m\"radix-_r_18_-content-dashboard\"\u001b[39m\n                  \u001b[33maria-selected\u001b[39m=\u001b[32m\"true\"\u001b[39m\n                  \u001b[33mclass\u001b[39m=\u001b[32m\"inline-flex items-center justify-center whitespace-nowrap rounded-sm px-3 py-1.5 text-sm font-medium ring-offset-[hsl(var(--background))] transition-all focus-visible:outline-none focus-visible:ring-2 focus-visible:ring-[hsl(var(--ring))] focus-visible:ring-offset-2 disabled:pointer-events-none disabled:opacity-50 data-[state=active]:bg-[hsl(var(--background))] data-[state=active]:text-[hsl(var(--foreground))] data-[state=active]:shadow-sm\"\u001b[39m\n                  \u001b[33mdata-orientation\u001b[39m=\u001b[32m\"horizontal\"\u001b[39m\n                  \u001b[33mdata-radix-collection-item\u001b[39m=\u001b[32m\"\"\u001b[39m\n                  \u001b[33mdata-state\u001b[39m=\u001b[32m\"active\"\u001b[39m\n                  \u001b[33mid\u001b[39m=\u001b[32m\"radix-_r_18_-trigger-dashboard\"\u001b[39m\n                  \u001b[33mrole\u001b[39m=\u001b[32m\"tab\"\u001b[39m\n                  \u001b[33mtabindex\u001b[39m=\u001b[32m\"-1\"\u001b[39m\n                  \u001b[33mtype\u001b[39m=\u001b[32m\"button\"\u001b[39m\n                \u001b[36m>\u001b[39m\n                  \u001b[0mDashboard\u001b[0m\n                \u001b[36m</button>\u001b[39m\n                \u001b[36m<button\u001b[39m\n                  \u001b[33maria-controls\u001b[39m=\u001b[32m\"radix-_r_18_-content-stream\"\u001b[39m\n                  \u001b[33maria-selected\u001b[39m=\u001b[32m\"false\"\u001b[39m\n                  \u001b[33mclass\u001b[39m=\u001b[32m\"inline-flex items-center justify-center whitespace-nowrap rounded-sm px-3 py-1.5 text-sm font-medium ring-offset-[hsl(var(--background))] transition-all focus-visible:outline-none focus-visible:ring-2 focus-visible:ring-[hsl(var(--ring))] focus-visible:ring-offset-2 disabled:pointer-events-none disabled:opacity-50 data-[state=active]:bg-[hsl(var(--background))] data-[state=active]:text-[hsl(var(--foreground))] data-[state=active]:shadow-sm\"\u001b[39m\n                  \u001b[33mdata-orientation\u001b[39m=\u001b[32m\"horizontal\"\u001b[39m\n                  \u001b[33mdata-radix-collection-item\u001b[39m=\u001b[32m\"\"\u001b[39m\n                  \u001b[33mdata-state\u001b[39m=\u001b[32m\"inactive\"\u001b[39m\n                  \u001b[33mid\u001b[39m=\u001b[32m\"radix-_r_18_-trigger-stream\"\u001b[39m\n                  \u001b[33mrole\u001b[39m=\u001b[32m\"tab\"\u001b[39m\n                  \u001b[33mtabindex\u001b[39m=\u001b[32m\"-1\"\u001b[39m\n                  \u001b[33mtype\u001b[39m=\u001b[32m\"button\"\u001b[39m\n                \u001b[36m>\u001b[39m\n                  \u001b[0mStreams\u001b[0m\n                \u001b[36m</button>\u001b[39m\n                \u001b[36m<button\u001b[39m\n                  \u001b[33maria-controls\u001b[39m=\u001b[32m\"radix-_r_18_-content-group\"\u001b[39m\n                  \u001b[33maria-selected\u001b[39m=\u001b[32m\"false\"\u001b[39m\n                  \u001b[33mclass\u001b[39m=\u001b[32m\"inline-flex items-center justify-center whitespace-nowrap rounded-sm px-3 py-1.5 text-sm font-medium ring-offset-[hsl(var(--background))] transition-all focus-visible:outline-none focus-visible:ring-2 focus-visible:ring-[hsl(var(--ring))] focus-visible:ring-offset-2 disabled:pointer-events-none disabled:opacity-50 data-[state=active]:bg-[hsl(var(--background))] data-[state=active]:text-[hsl(var(--foreground))] data-[state=active]:shadow-sm\"\u001b[39m\n                  \u001b[33mdata-orientation\u001b[39m=\u001b[32m\"horizontal\"\u001b[39m\n                  \u001b[33mdata-radix-collection-item\u001b[39m=\u001b[32m\"\"\u001b[39m\n                  \u001b[33mdata-state\u001b[39m=\u001b[32m\"inactive\"\u001b[39m\n                  \u001b[33mid\u001b[39m=\u001b[32m\"radix-_r_18_-trigger-group\"\u001b[39m\n                  \u001b[33mrole\u001b[39m=\u001b[32m\"tab\"\u001b[39m\n                  \u001b[33mtabindex\u001b[39m=\u001b[32m\"-1\"\u001b[39m\n                  \u001b[33mtype\u001b[39m=\u001b[32m\"button\"\u001b[39m\n                \u001b[36m>\u001b[39m\n                  \u001b[0mGroups\u001b[0m\n                \u001b[36m</button>\u001b[39m\n              \u001b[36m</div>\u001b[39m\n              \u001b[36m<div\u001b[39m\n                \u001b[33maria-labelledby\u001b[39m=\u001b[32m\"radix-_r_18_-trigger-dashboard\"\u001b[39m\n                \u001b[33mclass\u001b[39m=\u001b[32m\"mt-2 ring-offset-[hsl(var(--background))] focus-visible:outline-none focus-visible:ring-2 focus-visible:ring-[hsl(var(--ring))] focus-visible:ring-offset-2 space-y-6\"\u001b[39m\n                \u001b[33mdata-orientation\u001b[39m=\u001b[32m\"horizontal\"\u001b[39m\n                \u001b[33mdata-state\u001b[39m=\u001b[32m\"active\"\u001b[39m\n                \u001b[33mid\u001b[39m=\u001b[32m\"radix-_r_18_-content-dashboard\"\u001b[39m\n                \u001b[33mrole\u001b[39m=\u001b[32m\"tabpanel\"\u001b[39m\n                \u001b[33mstyle\u001b[39m=\u001b[32m\"animation-duration: 0s;\"\u001b[39m\n                \u001b[33mtabindex\u001b[39m=\u001b[32m\"0\"\u001b[39m\n              \u001b[36m>\u001b[39m\n                \u001b[36m<div\u001b[39m\n                  \u001b[33mclass\u001b[39m=\u001b[32m\"space-y-6\"\u001b[39m\n                \u001b[36m>\u001b[39m\n                  \u001b[36m<div\u001b[39m\n                    \u001b[33mclass\u001b[39m=\u001b[32m\"flex items-center justify-between\"\u001b[39m\n                  \u001b[36m>\u001b[39m\n                    \u001b[36m<h1\u001b[39m\n                      \u001b[33mclass\u001b[39m=\u001b[32m\"text-2xl font-bold\"\u001b[39m\n                    \u001b[36m>\u001b[39m\n                      \u001b[0mPubSub\u001b[0m\n                    \u001b[36m</h1>\u001b[39m\n                  \u001b[36m</div>\u001b[39m\n                  \u001b[36m<div\u001b[39m\n                    \u001b[33mdata-orientation\u001b[39m=\u001b[32m\"horizontal\"\u001b[39m\n                    \u001b[33mdir\u001b[39m=\u001b[32m\"ltr\"\u001b[39m\n                  \u001b[36m>\u001b[39m\n                    \u001b[36m<div\u001b[39m\n                      \u001b[33maria-orientation\u001b[39m=\u001b[32m\"horizontal\"\u001b[39m\n                      \u001b[33mclass\u001b[39m=\u001b[32m\"h-10 items-center justify-center rounded-md bg-muted p-1 text-muted-foreground grid w-full grid-cols-3\"\u001b[39m\n                      \u001b[33mdata-orientation\u001b[39m=\u001b[32m\"horizontal\"\u001b[39m\n                      \u001b[33mrole\u001b[39m=\u001b[32m\"tablist\"\u001b[39m\n                      \u001b[33mstyle\u001b[39m=\u001b[32m\"outline: none;\"\u001b[39m\n        ...\n    at Proxy.waitForWrapper (D:\\Documents\\Mis_proyectos\\Proyectos_Actuales\\aiutox_erp_core\\frontend\\node_modules\\@testing-library\\dom\\dist\\wait-for.js:163:27)\n    at D:/Documents/Mis_proyectos/Proyectos_Actuales/aiutox_erp_core/frontend/app/features/pubsub/__tests__/PubSub.test.tsx:357:13\n    at runNextTicks (node:internal/process/task_queues:65:5)\n    at listOnTimeout (node:internal/timers:549:9)\n    at processTimers (node:internal/timers:523:7)\n    at file:///D:/Documents/Mis_proyectos/Proyectos_Actuales/aiutox_erp_core/frontend/node_modules/@vitest/runner/dist/index.js:915:20"],"meta":{}},{"ancestorTitles":["PubSub Module","PubSubPage"],"fullName":"PubSub Module PubSubPage navigates back to dashboard when back button is clicked","status":"failed","title":"navigates back to dashboard when back button is clicked","duration":1029.8856000000005,"failureMessages":["Error: Unable to find role=\"button\" and name \"View\"\n\nIgnored nodes: comments, script, style\n\u001b[36m<body>\u001b[39m\n  \u001b[36m<div>\u001b[39m\n    \u001b[36m<div\u001b[39m\n      \u001b[33mclass\u001b[39m=\u001b[32m\"flex flex-col min-h-[calc(100vh-4rem)]\"\u001b[39m\n    \u001b[36m>\u001b[39m\n      \u001b[36m<div\u001b[39m\n        \u001b[33mclass\u001b[39m=\u001b[32m\"container mx-auto py-6 space-y-6 flex-1\"\u001b[39m\n      \u001b[36m>\u001b[39m\n        \u001b[36m<div\u001b[39m\n          \u001b[33mclass\u001b[39m=\u001b[32m\"space-y-2\"\u001b[39m\n        \u001b[36m>\u001b[39m\n          \u001b[36m<h1\u001b[39m\n            \u001b[33mclass\u001b[39m=\u001b[32m\"text-3xl font-bold\"\u001b[39m\n          \u001b[36m>\u001b[39m\n            \u001b[0mPubSub\u001b[0m\n          \u001b[36m</h1>\u001b[39m\n          \u001b[36m<p\u001b[39m\n            \u001b[33mclass\u001b[39m=\u001b[32m\"text-muted-foreground\"\u001b[39m\n          \u001b[36m>\u001b[39m\n            \u001b[0mPubSub monitoring and management\u001b[0m\n          \u001b[36m</p>\u001b[39m\n        \u001b[36m</div>\u001b[39m\n        \u001b[36m<div\u001b[39m\n          \u001b[33mclass\u001b[39m=\u001b[32m\"flex-1\"\u001b[39m\n        \u001b[36m>\u001b[39m\n          \u001b[36m<div\u001b[39m\n            \u001b[33mclass\u001b[39m=\u001b[32m\"space-y-6\"\u001b[39m\n          \u001b[36m>\u001b[39m\n            \u001b[36m<div\u001b[39m\n              \u001b[33mdata-orientation\u001b[39m=\u001b[32m\"horizontal\"\u001b[39m\n              \u001b[33mdir\u001b[39m=\u001b[32m\"ltr\"\u001b[39m\n            \u001b[36m>\u001b[39m\n              \u001b[36m<div\u001b[39m\n                \u001b[33maria-orientation\u001b[39m=\u001b[32m\"horizontal\"\u001b[39m\n                \u001b[33mclass\u001b[39m=\u001b[32m\"h-10 items-center justify-center rounded-md bg-muted p-1 text-muted-foreground grid w-full grid-cols-3\"\u001b[39m\n                \u001b[33mdata-orientation\u001b[39m=\u001b[32m\"horizontal\"\u001b[39m\n                \u001b[33mrole\u001b[39m=\u001b[32m\"tablist\"\u001b[39m\n                \u001b[33mstyle\u001b[39m=\u001b[32m\"outline: none;\"\u001b[39m\n                \u001b[33mtabindex\u001b[39m=\u001b[32m\"0\"\u001b[39m\n              \u001b[36m>\u001b[39m\n                \u001b[36m<button\u001b[39m\n                  \u001b[33maria-controls\u001b[39m=\u001b[32m\"radix-_r_1g_-content-dashboard\"\u001b[39m\n                  \u001b[33maria-selected\u001b[39m=\u001b[32m\"true\"\u001b[39m\n                  \u001b[33mclass\u001b[39m=\u001b[32m\"inline-flex items-center justify-center whitespace-nowrap rounded-sm px-3 py-1.5 text-sm font-medium ring-offset-[hsl(var(--background))] transition-all focus-visible:outline-none focus-visible:ring-2 focus-visible:ring-[hsl(var(--ring))] focus-visible:ring-offset-2 disabled:pointer-events-none disabled:opacity-50 data-[state=active]:bg-[hsl(var(--background))] data-[state=active]:text-[hsl(var(--foreground))] data-[state=active]:shadow-sm\"\u001b[39m\n                  \u001b[33mdata-orientation\u001b[39m=\u001b[32m\"horizontal\"\u001b[39m\n                  \u001b[33mdata-radix-collection-item\u001b[39m=\u001b[32m\"\"\u001b[39m\n                  \u001b[33mdata-state\u001b[39m=\u001b[32m\"active\"\u001b[39m\n                  \u001b[33mid\u001b[39m=\u001b[32m\"radix-_r_1g_-trigger-dashboard\"\u001b[39m\n                  \u001b[33mrole\u001b[39m=\u001b[32m\"tab\"\u001b[39m\n                  \u001b[33mtabindex\u001b[39m=\u001b[32m\"-1\"\u001b[39m\n                  \u001b[33mtype\u001b[39m=\u001b[32m\"button\"\u001b[39m\n                \u001b[36m>\u001b[39m\n                  \u001b[0mDashboard\u001b[0m\n                \u001b[36m</button>\u001b[39m\n                \u001b[36m<button\u001b[39m\n                  \u001b[33maria-controls\u001b[39m=\u001b[32m\"radix-_r_1g_-content-stream\"\u001b[39m\n                  \u001b[33maria-selected\u001b[39m=\u001b[32m\"false\"\u001b[39m\n                  \u001b[33mclass\u001b[39m=\u001b[32m\"inline-flex items-center justify-center whitespace-nowrap rounded-sm px-3 py-1.5 text-sm font-medium ring-offset-[hsl(var(--background))] transition-all focus-visible:outline-none focus-visible:ring-2 focus-visible:ring-[hsl(var(--ring))] focus-visible:ring-offset-2 disabled:pointer-events-none disabled:opacity-50 data-[state=active]:bg-[hsl(var(--background))] data-[state=active]:text-[hsl(var(--foreground))] data-[state=active]:shadow-sm\"\u001b[39m\n                  \u001b[33mdata-orientation\u001b[39m=\u001b[32m\"horizontal\"\u001b[39m\n                  \u001b[33mdata-radix-collection-item\u001b[39m=\u001b[32m\"\"\u001b[39m\n                  \u001b[33mdata-state\u001b[39m=\u001b[32m\"inactive\"\u001b[39m\n                  \u001b[33mid\u001b[39m=\u001b[32m\"radix-_r_1g_-trigger-stream\"\u001b[39m\n                  \u001b[33mrole\u001b[39m=\u001b[32m\"tab\"\u001b[39m\n                  \u001b[33mtabindex\u001b[39m=\u001b[32m\"-1\"\u001b[39m\n                  \u001b[33mtype\u001b[39m=\u001b[32m\"button\"\u001b[39m\n                \u001b[36m>\u001b[39m\n                  \u001b[0mStreams\u001b[0m\n                \u001b[36m</button>\u001b[39m\n                \u001b[36m<button\u001b[39m\n                  \u001b[33maria-controls\u001b[39m=\u001b[32m\"radix-_r_1g_-content-group\"\u001b[39m\n                  \u001b[33maria-selected\u001b[39m=\u001b[32m\"false\"\u001b[39m\n                  \u001b[33mclass\u001b[39m=\u001b[32m\"inline-flex items-center justify-center whitespace-nowrap rounded-sm px-3 py-1.5 text-sm font-medium ring-offset-[hsl(var(--background))] transition-all focus-visible:outline-none focus-visible:ring-2 focus-visible:ring-[hsl(var(--ring))] focus-visible:ring-offset-2 disabled:pointer-events-none disabled:opacity-50 data-[state=active]:bg-[hsl(var(--background))] data-[state=active]:text-[hsl(var(--foreground))] data-[state=active]:shadow-sm\"\u001b[39m\n                  \u001b[33mdata-orientation\u001b[39m=\u001b[32m\"horizontal\"\u001b[39m\n                  \u001b[33mdata-radix-collection-item\u001b[39m=\u001b[32m\"\"\u001b[39m\n                  \u001b[33mdata-state\u001b[39m=\u001b[32m\"inactive\"\u001b[39m\n                  \u001b[33mid\u001b[39m=\u001b[32m\"radix-_r_1g_-trigger-group\"\u001b[39m\n                  \u001b[33mrole\u001b[39m=\u001b[32m\"tab\"\u001b[39m\n                  \u001b[33mtabindex\u001b[39m=\u001b[32m\"-1\"\u001b[39m\n                  \u001b[33mtype\u001b[39m=\u001b[32m\"button\"\u001b[39m\n                \u001b[36m>\u001b[39m\n                  \u001b[0mGroups\u001b[0m\n                \u001b[36m</button>\u001b[39m\n              \u001b[36m</div>\u001b[39m\n              \u001b[36m<div\u001b[39m\n                \u001b[33maria-labelledby\u001b[39m=\u001b[32m\"radix-_r_1g_-trigger-dashboard\"\u001b[39m\n                \u001b[33mclass\u001b[39m=\u001b[32m\"mt-2 ring-offset-[hsl(var(--background))] focus-visible:outline-none focus-visible:ring-2 focus-visible:ring-[hsl(var(--ring))] focus-visible:ring-offset-2 space-y-6\"\u001b[39m\n                \u001b[33mdata-orientation\u001b[39m=\u001b[32m\"horizontal\"\u001b[39m\n                \u001b[33mdata-state\u001b[39m=\u001b[32m\"active\"\u001b[39m\n                \u001b[33mid\u001b[39m=\u001b[32m\"radix-_r_1g_-content-dashboard\"\u001b[39m\n                \u001b[33mrole\u001b[39m=\u001b[32m\"tabpanel\"\u001b[39m\n                \u001b[33mstyle\u001b[39m=\u001b[32m\"animation-duration: 0s;\"\u001b[39m\n                \u001b[33mtabindex\u001b[39m=\u001b[32m\"0\"\u001b[39m\n              \u001b[36m>\u001b[39m\n                \u001b[36m<div\u001b[39m\n                  \u001b[33mclass\u001b[39m=\u001b[32m\"space-y-6\"\u001b[39m\n                \u001b[36m>\u001b[39m\n                  \u001b[36m<div\u001b[39m\n                    \u001b[33mclass\u001b[39m=\u001b[32m\"flex items-center justify-between\"\u001b[39m\n                  \u001b[36m>\u001b[39m\n                    \u001b[36m<h1\u001b[39m\n                      \u001b[33mclass\u001b[39m=\u001b[32m\"text-2xl font-bold\"\u001b[39m\n                    \u001b[36m>\u001b[39m\n                      \u001b[0mPubSub\u001b[0m\n                    \u001b[36m</h1>\u001b[39m\n                  \u001b[36m</div>\u001b[39m\n                  \u001b[36m<div\u001b[39m\n                    \u001b[33mdata-orientation\u001b[39m=\u001b[32m\"horizontal\"\u001b[39m\n                    \u001b[33mdir\u001b[39m=\u001b[32m\"ltr\"\u001b[39m\n                  \u001b[36m>\u001b[39m\n                    \u001b[36m<div\u001b[39m\n                      \u001b[33maria-orientation\u001b[39m=\u001b[32m\"horizontal\"\u001b[39m\n                      \u001b[33mclass\u001b[39m=\u001b[32m\"h-10 items-center justify-center rounded-md bg-muted p-1 text-muted-foreground grid w-full grid-cols-3\"\u001b[39m\n                      \u001b[33mdata-orientation\u001b[39m=\u001b[32m\"horizontal\"\u001b[39m\n                      \u001b[33mrole\u001b[39m=\u001b[32m\"tablist\"\u001b[39m\n                      \u001b[33mstyle\u001b[39m=\u001b[32m\"outline: none;\"\u001b[39m\n        ...\n    at Proxy.waitForWrapper (D:\\Documents\\Mis_proyectos\\Proyectos_Actuales\\aiutox_erp_core\\frontend\\node_modules\\@testing-library\\dom\\dist\\wait-for.js:163:27)\n    at D:/Documents/Mis_proyectos/Proyectos_Actuales/aiutox_erp_core/frontend/app/features/pubsub/__tests__/PubSub.test.tsx:372:13\n    at runNextTicks (node:internal/process/task_queues:65:5)\n    at listOnTimeout (node:internal/timers:549:9)\n    at processTimers (node:internal/timers:523:7)\n    at file:///D:/Documents/Mis_proyectos/Proyectos_Actuales/aiutox_erp_core/frontend/node_modules/@vitest/runner/dist/index.js:915:20"],"meta":{}},{"ancestorTitles":["PubSub Module","PubSubDashboard component"],"fullName":"PubSub Module PubSubDashboard component renders overview stats correctly","status":"passed","title":"renders overview stats correctly","duration":38.4375,"failureMessages":[],"meta":{}},{"ancestorTitles":["PubSub Module","PubSubDashboard component"],"fullName":"PubSub Module PubSubDashboard component renders Redis information correctly","status":"passed","title":"renders Redis information correctly","duration":25.870599999999286,"failureMessages":[],"meta":{}},{"ancestorTitles":["PubSub Module","PubSubDashboard component"],"fullName":"PubSub Module PubSubDashboard component shows streams list correctly","status":"failed","title":"shows streams list correctly","duration":1044.1981000000005,"failureMessages":["Error: Unable to find an element with the text: test-stream. This could be because the text is broken up by multiple elements. In this case, you can provide a function for your text matcher to make your matcher more flexible.\n\nIgnored nodes: comments, script, style\n\u001b[36m<body>\u001b[39m\n  \u001b[36m<div>\u001b[39m\n    \u001b[36m<div\u001b[39m\n      \u001b[33mclass\u001b[39m=\u001b[32m\"flex flex-col min-h-[calc(100vh-4rem)]\"\u001b[39m\n    \u001b[36m>\u001b[39m\n      \u001b[36m<div\u001b[39m\n        \u001b[33mclass\u001b[39m=\u001b[32m\"container mx-auto py-6 space-y-6 flex-1\"\u001b[39m\n      \u001b[36m>\u001b[39m\n        \u001b[36m<div\u001b[39m\n          \u001b[33mclass\u001b[39m=\u001b[32m\"space-y-2\"\u001b[39m\n        \u001b[36m>\u001b[39m\n          \u001b[36m<h1\u001b[39m\n            \u001b[33mclass\u001b[39m=\u001b[32m\"text-3xl font-bold\"\u001b[39m\n          \u001b[36m>\u001b[39m\n            \u001b[0mPubSub\u001b[0m\n          \u001b[36m</h1>\u001b[39m\n          \u001b[36m<p\u001b[39m\n            \u001b[33mclass\u001b[39m=\u001b[32m\"text-muted-foreground\"\u001b[39m\n          \u001b[36m>\u001b[39m\n            \u001b[0mPubSub monitoring and management\u001b[0m\n          \u001b[36m</p>\u001b[39m\n        \u001b[36m</div>\u001b[39m\n        \u001b[36m<div\u001b[39m\n          \u001b[33mclass\u001b[39m=\u001b[32m\"flex-1\"\u001b[39m\n        \u001b[36m>\u001b[39m\n          \u001b[36m<div\u001b[39m\n            \u001b[33mclass\u001b[39m=\u001b[32m\"space-y-6\"\u001b[39m\n          \u001b[36m>\u001b[39m\n            \u001b[36m<div\u001b[39m\n              \u001b[33mdata-orientation\u001b[39m=\u001b[32m\"horizontal\"\u001b[39m\n              \u001b[33mdir\u001b[39m=\u001b[32m\"ltr\"\u001b[39m\n            \u001b[36m>\u001b[39m\n              \u001b[36m<div\u001b[39m\n                \u001b[33maria-orientation\u001b[39m=\u001b[32m\"horizontal\"\u001b[39m\n                \u001b[33mclass\u001b[39m=\u001b[32m\"h-10 items-center justify-center rounded-md bg-muted p-1 text-muted-foreground grid w-full grid-cols-3\"\u001b[39m\n                \u001b[33mdata-orientation\u001b[39m=\u001b[32m\"horizontal\"\u001b[39m\n                \u001b[33mrole\u001b[39m=\u001b[32m\"tablist\"\u001b[39m\n                \u001b[33mstyle\u001b[39m=\u001b[32m\"outline: none;\"\u001b[39m\n                \u001b[33mtabindex\u001b[39m=\u001b[32m\"0\"\u001b[39m\n              \u001b[36m>\u001b[39m\n                \u001b[36m<button\u001b[39m\n                  \u001b[33maria-controls\u001b[39m=\u001b[32m\"radix-_r_28_-content-dashboard\"\u001b[39m\n                  \u001b[33maria-selected\u001b[39m=\u001b[32m\"true\"\u001b[39m\n                  \u001b[33mclass\u001b[39m=\u001b[32m\"inline-flex items-center justify-center whitespace-nowrap rounded-sm px-3 py-1.5 text-sm font-medium ring-offset-[hsl(var(--background))] transition-all focus-visible:outline-none focus-visible:ring-2 focus-visible:ring-[hsl(var(--ring))] focus-visible:ring-offset-2 disabled:pointer-events-none disabled:opacity-50 data-[state=active]:bg-[hsl(var(--background))] data-[state=active]:text-[hsl(var(--foreground))] data-[state=active]:shadow-sm\"\u001b[39m\n                  \u001b[33mdata-orientation\u001b[39m=\u001b[32m\"horizontal\"\u001b[39m\n                  \u001b[33mdata-radix-collection-item\u001b[39m=\u001b[32m\"\"\u001b[39m\n                  \u001b[33mdata-state\u001b[39m=\u001b[32m\"active\"\u001b[39m\n                  \u001b[33mid\u001b[39m=\u001b[32m\"radix-_r_28_-trigger-dashboard\"\u001b[39m\n                  \u001b[33mrole\u001b[39m=\u001b[32m\"tab\"\u001b[39m\n                  \u001b[33mtabindex\u001b[39m=\u001b[32m\"-1\"\u001b[39m\n                  \u001b[33mtype\u001b[39m=\u001b[32m\"button\"\u001b[39m\n                \u001b[36m>\u001b[39m\n                  \u001b[0mDashboard\u001b[0m\n                \u001b[36m</button>\u001b[39m\n                \u001b[36m<button\u001b[39m\n                  \u001b[33maria-controls\u001b[39m=\u001b[32m\"radix-_r_28_-content-stream\"\u001b[39m\n                  \u001b[33maria-selected\u001b[39m=\u001b[32m\"false\"\u001b[39m\n                  \u001b[33mclass\u001b[39m=\u001b[32m\"inline-flex items-center justify-center whitespace-nowrap rounded-sm px-3 py-1.5 text-sm font-medium ring-offset-[hsl(var(--background))] transition-all focus-visible:outline-none focus-visible:ring-2 focus-visible:ring-[hsl(var(--ring))] focus-visible:ring-offset-2 disabled:pointer-events-none disabled:opacity-50 data-[state=active]:bg-[hsl(var(--background))] data-[state=active]:text-[hsl(var(--foreground))] data-[state=active]:shadow-sm\"\u001b[39m\n                  \u001b[33mdata-orientation\u001b[39m=\u001b[32m\"horizontal\"\u001b[39m\n                  \u001b[33mdata-radix-collection-item\u001b[39m=\u001b[32m\"\"\u001b[39m\n                  \u001b[33mdata-state\u001b[39m=\u001b[32m\"inactive\"\u001b[39m\n                  \u001b[33mid\u001b[39m=\u001b[32m\"radix-_r_28_-trigger-stream\"\u001b[39m\n                  \u001b[33mrole\u001b[39m=\u001b[32m\"tab\"\u001b[39m\n                  \u001b[33mtabindex\u001b[39m=\u001b[32m\"-1\"\u001b[39m\n                  \u001b[33mtype\u001b[39m=\u001b[32m\"button\"\u001b[39m\n                \u001b[36m>\u001b[39m\n                  \u001b[0mStreams\u001b[0m\n                \u001b[36m</button>\u001b[39m\n                \u001b[36m<button\u001b[39m\n                  \u001b[33maria-controls\u001b[39m=\u001b[32m\"radix-_r_28_-content-group\"\u001b[39m\n                  \u001b[33maria-selected\u001b[39m=\u001b[32m\"false\"\u001b[39m\n                  \u001b[33mclass\u001b[39m=\u001b[32m\"inline-flex items-center justify-center whitespace-nowrap rounded-sm px-3 py-1.5 text-sm font-medium ring-offset-[hsl(var(--background))] transition-all focus-visible:outline-none focus-visible:ring-2 focus-visible:ring-[hsl(var(--ring))] focus-visible:ring-offset-2 disabled:pointer-events-none disabled:opacity-50 data-[state=active]:bg-[hsl(var(--background))] data-[state=active]:text-[hsl(var(--foreground))] data-[state=active]:shadow-sm\"\u001b[39m\n                  \u001b[33mdata-orientation\u001b[39m=\u001b[32m\"horizontal\"\u001b[39m\n                  \u001b[33mdata-radix-collection-item\u001b[39m=\u001b[32m\"\"\u001b[39m\n                  \u001b[33mdata-state\u001b[39m=\u001b[32m\"inactive\"\u001b[39m\n                  \u001b[33mid\u001b[39m=\u001b[32m\"radix-_r_28_-trigger-group\"\u001b[39m\n                  \u001b[33mrole\u001b[39m=\u001b[32m\"tab\"\u001b[39m\n                  \u001b[33mtabindex\u001b[39m=\u001b[32m\"-1\"\u001b[39m\n                  \u001b[33mtype\u001b[39m=\u001b[32m\"button\"\u001b[39m\n                \u001b[36m>\u001b[39m\n                  \u001b[0mGroups\u001b[0m\n                \u001b[36m</button>\u001b[39m\n              \u001b[36m</div>\u001b[39m\n              \u001b[36m<div\u001b[39m\n                \u001b[33maria-labelledby\u001b[39m=\u001b[32m\"radix-_r_28_-trigger-dashboard\"\u001b[39m\n                \u001b[33mclass\u001b[39m=\u001b[32m\"mt-2 ring-offset-[hsl(var(--background))] focus-visible:outline-none focus-visible:ring-2 focus-visible:ring-[hsl(var(--ring))] focus-visible:ring-offset-2 space-y-6\"\u001b[39m\n                \u001b[33mdata-orientation\u001b[39m=\u001b[32m\"horizontal\"\u001b[39m\n                \u001b[33mdata-state\u001b[39m=\u001b[32m\"active\"\u001b[39m\n                \u001b[33mid\u001b[39m=\u001b[32m\"radix-_r_28_-content-dashboard\"\u001b[39m\n                \u001b[33mrole\u001b[39m=\u001b[32m\"tabpanel\"\u001b[39m\n                \u001b[33mstyle\u001b[39m=\u001b[32m\"animation-duration: 0s;\"\u001b[39m\n                \u001b[33mtabindex\u001b[39m=\u001b[32m\"0\"\u001b[39m\n              \u001b[36m>\u001b[39m\n                \u001b[36m<div\u001b[39m\n                  \u001b[33mclass\u001b[39m=\u001b[32m\"space-y-6\"\u001b[39m\n                \u001b[36m>\u001b[39m\n                  \u001b[36m<div\u001b[39m\n                    \u001b[33mclass\u001b[39m=\u001b[32m\"flex items-center justify-between\"\u001b[39m\n                  \u001b[36m>\u001b[39m\n                    \u001b[36m<h1\u001b[39m\n                      \u001b[33mclass\u001b[39m=\u001b[32m\"text-2xl font-bold\"\u001b[39m\n                    \u001b[36m>\u001b[39m\n                      \u001b[0mPubSub\u001b[0m\n                    \u001b[36m</h1>\u001b[39m\n                  \u001b[36m</div>\u001b[39m\n                  \u001b[36m<div\u001b[39m\n                    \u001b[33mdata-orientation\u001b[39m=\u001b[32m\"horizontal\"\u001b[39m\n                    \u001b[33mdir\u001b[39m=\u001b[32m\"ltr\"\u001b[39m\n                  \u001b[36m>\u001b[39m\n                    \u001b[36m<div\u001b[39m\n                      \u001b[33maria-orientation\u001b[39m=\u001b[32m\"horizontal\"\u001b[39m\n                      \u001b[33mclass\u001b[39m=\u001b[32m\"h-10 items-center justify-center rounded-md bg-muted p-1 text-muted-foreground grid w-full grid-cols-3\"\u001b[39m\n                      \u001b[33mdata-orientation\u001b[39m=\u001b[32m\"horizontal\"\u001b[39m\n                      \u001b[33mrole\u001b[39m=\u001b[32m\"tablist\"\u001b[39m\n                      \u001b[33mstyle\u001b[39m=\u001b[32m\"outline: none;\"\u001b[39m\n        ...\n    at Proxy.waitForWrapper (D:\\Documents\\Mis_proyectos\\Proyectos_Actuales\\aiutox_erp_core\\frontend\\node_modules\\@testing-library\\dom\\dist\\wait-for.js:163:27)\n    at D:/Documents/Mis_proyectos/Proyectos_Actuales/aiutox_erp_core/frontend/app/features/pubsub/__tests__/PubSub.test.tsx:434:13\n    at runNextTicks (node:internal/process/task_queues:65:5)\n    at listOnTimeout (node:internal/timers:549:9)\n    at processTimers (node:internal/timers:523:7)\n    at file:///D:/Documents/Mis_proyectos/Proyectos_Actuales/aiutox_erp_core/frontend/node_modules/@vitest/runner/dist/index.js:915:20"],"meta":{}},{"ancestorTitles":["PubSub Module","PubSubDashboard component"],"fullName":"PubSub Module PubSubDashboard component shows empty state when no streams","status":"failed","title":"shows empty state when no streams","duration":1036.7423999999992,"failureMessages":["Error: Unable to find an element with the text: No streams found. This could be because the text is broken up by multiple elements. In this case, you can provide a function for your text matcher to make your matcher more flexible.\n\nIgnored nodes: comments, script, style\n\u001b[36m<body>\u001b[39m\n  \u001b[36m<div>\u001b[39m\n    \u001b[36m<div\u001b[39m\n      \u001b[33mclass\u001b[39m=\u001b[32m\"flex flex-col min-h-[calc(100vh-4rem)]\"\u001b[39m\n    \u001b[36m>\u001b[39m\n      \u001b[36m<div\u001b[39m\n        \u001b[33mclass\u001b[39m=\u001b[32m\"container mx-auto py-6 space-y-6 flex-1\"\u001b[39m\n      \u001b[36m>\u001b[39m\n        \u001b[36m<div\u001b[39m\n          \u001b[33mclass\u001b[39m=\u001b[32m\"space-y-2\"\u001b[39m\n        \u001b[36m>\u001b[39m\n          \u001b[36m<h1\u001b[39m\n            \u001b[33mclass\u001b[39m=\u001b[32m\"text-3xl font-bold\"\u001b[39m\n          \u001b[36m>\u001b[39m\n            \u001b[0mPubSub\u001b[0m\n          \u001b[36m</h1>\u001b[39m\n          \u001b[36m<p\u001b[39m\n            \u001b[33mclass\u001b[39m=\u001b[32m\"text-muted-foreground\"\u001b[39m\n          \u001b[36m>\u001b[39m\n            \u001b[0mPubSub monitoring and management\u001b[0m\n          \u001b[36m</p>\u001b[39m\n        \u001b[36m</div>\u001b[39m\n        \u001b[36m<div\u001b[39m\n          \u001b[33mclass\u001b[39m=\u001b[32m\"flex-1\"\u001b[39m\n        \u001b[36m>\u001b[39m\n          \u001b[36m<div\u001b[39m\n            \u001b[33mclass\u001b[39m=\u001b[32m\"space-y-6\"\u001b[39m\n          \u001b[36m>\u001b[39m\n            \u001b[36m<div\u001b[39m\n              \u001b[33mdata-orientation\u001b[39m=\u001b[32m\"horizontal\"\u001b[39m\n              \u001b[33mdir\u001b[39m=\u001b[32m\"ltr\"\u001b[39m\n            \u001b[36m>\u001b[39m\n              \u001b[36m<div\u001b[39m\n                \u001b[33maria-orientation\u001b[39m=\u001b[32m\"horizontal\"\u001b[39m\n                \u001b[33mclass\u001b[39m=\u001b[32m\"h-10 items-center justify-center rounded-md bg-muted p-1 text-muted-foreground grid w-full grid-cols-3\"\u001b[39m\n                \u001b[33mdata-orientation\u001b[39m=\u001b[32m\"horizontal\"\u001b[39m\n                \u001b[33mrole\u001b[39m=\u001b[32m\"tablist\"\u001b[39m\n                \u001b[33mstyle\u001b[39m=\u001b[32m\"outline: none;\"\u001b[39m\n                \u001b[33mtabindex\u001b[39m=\u001b[32m\"0\"\u001b[39m\n              \u001b[36m>\u001b[39m\n                \u001b[36m<button\u001b[39m\n                  \u001b[33maria-controls\u001b[39m=\u001b[32m\"radix-_r_2g_-content-dashboard\"\u001b[39m\n                  \u001b[33maria-selected\u001b[39m=\u001b[32m\"true\"\u001b[39m\n                  \u001b[33mclass\u001b[39m=\u001b[32m\"inline-flex items-center justify-center whitespace-nowrap rounded-sm px-3 py-1.5 text-sm font-medium ring-offset-[hsl(var(--background))] transition-all focus-visible:outline-none focus-visible:ring-2 focus-visible:ring-[hsl(var(--ring))] focus-visible:ring-offset-2 disabled:pointer-events-none disabled:opacity-50 data-[state=active]:bg-[hsl(var(--background))] data-[state=active]:text-[hsl(var(--foreground))] data-[state=active]:shadow-sm\"\u001b[39m\n                  \u001b[33mdata-orientation\u001b[39m=\u001b[32m\"horizontal\"\u001b[39m\n                  \u001b[33mdata-radix-collection-item\u001b[39m=\u001b[32m\"\"\u001b[39m\n                  \u001b[33mdata-state\u001b[39m=\u001b[32m\"active\"\u001b[39m\n                  \u001b[33mid\u001b[39m=\u001b[32m\"radix-_r_2g_-trigger-dashboard\"\u001b[39m\n                  \u001b[33mrole\u001b[39m=\u001b[32m\"tab\"\u001b[39m\n                  \u001b[33mtabindex\u001b[39m=\u001b[32m\"-1\"\u001b[39m\n                  \u001b[33mtype\u001b[39m=\u001b[32m\"button\"\u001b[39m\n                \u001b[36m>\u001b[39m\n                  \u001b[0mDashboard\u001b[0m\n                \u001b[36m</button>\u001b[39m\n                \u001b[36m<button\u001b[39m\n                  \u001b[33maria-controls\u001b[39m=\u001b[32m\"radix-_r_2g_-content-stream\"\u001b[39m\n                  \u001b[33maria-selected\u001b[39m=\u001b[32m\"false\"\u001b[39m\n                  \u001b[33mclass\u001b[39m=\u001b[32m\"inline-flex items-center justify-center whitespace-nowrap rounded-sm px-3 py-1.5 text-sm font-medium ring-offset-[hsl(var(--background))] transition-all focus-visible:outline-none focus-visible:ring-2 focus-visible:ring-[hsl(var(--ring))] focus-visible:ring-offset-2 disabled:pointer-events-none disabled:opacity-50 data-[state=active]:bg-[hsl(var(--background))] data-[state=active]:text-[hsl(var(--foreground))] data-[state=active]:shadow-sm\"\u001b[39m\n                  \u001b[33mdata-orientation\u001b[39m=\u001b[32m\"horizontal\"\u001b[39m\n                  \u001b[33mdata-radix-collection-item\u001b[39m=\u001b[32m\"\"\u001b[39m\n                  \u001b[33mdata-state\u001b[39m=\u001b[32m\"inactive\"\u001b[39m\n                  \u001b[33mid\u001b[39m=\u001b[32m\"radix-_r_2g_-trigger-stream\"\u001b[39m\n                  \u001b[33mrole\u001b[39m=\u001b[32m\"tab\"\u001b[39m\n                  \u001b[33mtabindex\u001b[39m=\u001b[32m\"-1\"\u001b[39m\n                  \u001b[33mtype\u001b[39m=\u001b[32m\"button\"\u001b[39m\n                \u001b[36m>\u001b[39m\n                  \u001b[0mStreams\u001b[0m\n                \u001b[36m</button>\u001b[39m\n                \u001b[36m<button\u001b[39m\n                  \u001b[33maria-controls\u001b[39m=\u001b[32m\"radix-_r_2g_-content-group\"\u001b[39m\n                  \u001b[33maria-selected\u001b[39m=\u001b[32m\"false\"\u001b[39m\n                  \u001b[33mclass\u001b[39m=\u001b[32m\"inline-flex items-center justify-center whitespace-nowrap rounded-sm px-3 py-1.5 text-sm font-medium ring-offset-[hsl(var(--background))] transition-all focus-visible:outline-none focus-visible:ring-2 focus-visible:ring-[hsl(var(--ring))] focus-visible:ring-offset-2 disabled:pointer-events-none disabled:opacity-50 data-[state=active]:bg-[hsl(var(--background))] data-[state=active]:text-[hsl(var(--foreground))] data-[state=active]:shadow-sm\"\u001b[39m\n                  \u001b[33mdata-orientation\u001b[39m=\u001b[32m\"horizontal\"\u001b[39m\n                  \u001b[33mdata-radix-collection-item\u001b[39m=\u001b[32m\"\"\u001b[39m\n                  \u001b[33mdata-state\u001b[39m=\u001b[32m\"inactive\"\u001b[39m\n                  \u001b[33mid\u001b[39m=\u001b[32m\"radix-_r_2g_-trigger-group\"\u001b[39m\n                  \u001b[33mrole\u001b[39m=\u001b[32m\"tab\"\u001b[39m\n                  \u001b[33mtabindex\u001b[39m=\u001b[32m\"-1\"\u001b[39m\n                  \u001b[33mtype\u001b[39m=\u001b[32m\"button\"\u001b[39m\n                \u001b[36m>\u001b[39m\n                  \u001b[0mGroups\u001b[0m\n                \u001b[36m</button>\u001b[39m\n              \u001b[36m</div>\u001b[39m\n              \u001b[36m<div\u001b[39m\n                \u001b[33maria-labelledby\u001b[39m=\u001b[32m\"radix-_r_2g_-trigger-dashboard\"\u001b[39m\n                \u001b[33mclass\u001b[39m=\u001b[32m\"mt-2 ring-offset-[hsl(var(--background))] focus-visible:outline-none focus-visible:ring-2 focus-visible:ring-[hsl(var(--ring))] focus-visible:ring-offset-2 space-y-6\"\u001b[39m\n                \u001b[33mdata-orientation\u001b[39m=\u001b[32m\"horizontal\"\u001b[39m\n                \u001b[33mdata-state\u001b[39m=\u001b[32m\"active\"\u001b[39m\n                \u001b[33mid\u001b[39m=\u001b[32m\"radix-_r_2g_-content-dashboard\"\u001b[39m\n                \u001b[33mrole\u001b[39m=\u001b[32m\"tabpanel\"\u001b[39m\n                \u001b[33mstyle\u001b[39m=\u001b[32m\"animation-duration: 0s;\"\u001b[39m\n                \u001b[33mtabindex\u001b[39m=\u001b[32m\"0\"\u001b[39m\n              \u001b[36m>\u001b[39m\n                \u001b[36m<div\u001b[39m\n                  \u001b[33mclass\u001b[39m=\u001b[32m\"space-y-6\"\u001b[39m\n                \u001b[36m>\u001b[39m\n                  \u001b[36m<div\u001b[39m\n                    \u001b[33mclass\u001b[39m=\u001b[32m\"flex items-center justify-between\"\u001b[39m\n                  \u001b[36m>\u001b[39m\n                    \u001b[36m<h1\u001b[39m\n                      \u001b[33mclass\u001b[39m=\u001b[32m\"text-2xl font-bold\"\u001b[39m\n                    \u001b[36m>\u001b[39m\n                      \u001b[0mPubSub\u001b[0m\n                    \u001b[36m</h1>\u001b[39m\n                  \u001b[36m</div>\u001b[39m\n                  \u001b[36m<div\u001b[39m\n                    \u001b[33mdata-orientation\u001b[39m=\u001b[32m\"horizontal\"\u001b[39m\n                    \u001b[33mdir\u001b[39m=\u001b[32m\"ltr\"\u001b[39m\n                  \u001b[36m>\u001b[39m\n                    \u001b[36m<div\u001b[39m\n                      \u001b[33maria-orientation\u001b[39m=\u001b[32m\"horizontal\"\u001b[39m\n                      \u001b[33mclass\u001b[39m=\u001b[32m\"h-10 items-center justify-center rounded-md bg-muted p-1 text-muted-foreground grid w-full grid-cols-3\"\u001b[39m\n                      \u001b[33mdata-orientation\u001b[39m=\u001b[32m\"horizontal\"\u001b[39m\n                      \u001b[33mrole\u001b[39m=\u001b[32m\"tablist\"\u001b[39m\n                      \u001b[33mstyle\u001b[39m=\u001b[32m\"outline: none;\"\u001b[39m\n        ...\n    at Proxy.waitForWrapper (D:\\Documents\\Mis_proyectos\\Proyectos_Actuales\\aiutox_erp_core\\frontend\\node_modules\\@testing-library\\dom\\dist\\wait-for.js:163:27)\n    at D:/Documents/Mis_proyectos/Proyectos_Actuales/aiutox_erp_core/frontend/app/features/pubsub/__tests__/PubSub.test.tsx:457:13\n    at runNextTicks (node:internal/process/task_queues:65:5)\n    at listOnTimeout (node:internal/timers:549:9)\n    at processTimers (node:internal/timers:523:7)\n    at file:///D:/Documents/Mis_proyectos/Proyectos_Actuales/aiutox_erp_core/frontend/node_modules/@vitest/runner/dist/index.js:915:20"],"meta":{}},{"ancestorTitles":["PubSub Module","Data Structure"],"fullName":"PubSub Module Data Structure has required PubSub stats fields","status":"passed","title":"has required PubSub stats fields","duration":0.4916000000011991,"failureMessages":[],"meta":{}},{"ancestorTitles":["PubSub Module","Data Structure"],"fullName":"PubSub Module Data Structure has correct Redis info structure","status":"passed","title":"has correct Redis info structure","duration":0.256600000000617,"failureMessages":[],"meta":{}},{"ancestorTitles":["PubSub Module","Data Structure"],"fullName":"PubSub Module Data Structure has required PubSub stream fields","status":"passed","title":"has required PubSub stream fields","duration":0.23919999999998254,"failureMessages":[],"meta":{}},{"ancestorTitles":["PubSub Module","Data Structure"],"fullName":"PubSub Module Data Structure has correct stream entry structure","status":"passed","title":"has correct stream entry structure","duration":0.17890000000079453,"failureMessages":[],"meta":{}}],"startTime":1767585688512,"endTime":1767585692988.2393,"status":"failed","message":"","name":"D:/Documents/Mis_proyectos/Proyectos_Actuales/aiutox_erp_core/frontend/app/features/pubsub/__tests__/PubSub.test.tsx"}]}