{"numTotalTestSuites":446,"numPassedTestSuites":409,"numFailedTestSuites":37,"numPendingTestSuites":0,"numTotalTests":995,"numPassedTests":930,"numFailedTests":65,"numPendingTests":0,"numTodoTests":0,"snapshot":{"added":0,"failure":false,"filesAdded":0,"filesRemoved":0,"filesRemovedList":[],"filesUnmatched":0,"filesUpdated":0,"matched":0,"total":0,"unchecked":0,"uncheckedKeysByFile":[],"unmatched":0,"updated":0,"didUpdate":false},"startTime":1771643905879,"success":false,"testResults":[{"assertionResults":[{"ancestorTitles":["theme CSS aliases"],"fullName":"theme CSS aliases should map theme variables to design tokens","status":"passed","title":"should map theme variables to design tokens","duration":2.300899999999956,"failureMessages":[],"meta":{}}],"startTime":1771644261756,"endTime":1771644261758.3008,"status":"passed","message":"","name":"D:/Documents/Mis_proyectos/Proyectos_Actuales/aiutox_erp_core/frontend/app/__tests__/theme-aliases.test.ts"},{"assertionResults":[{"ancestorTitles":["useNavigation"],"fullName":"useNavigation filters calendar when tasks calendar setting is disabled","status":"passed","title":"filters calendar when tasks calendar setting is disabled","duration":18.975600000000668,"failureMessages":[],"meta":{}},{"ancestorTitles":["useNavigation"],"fullName":"useNavigation shows calendar when tasks calendar setting is enabled","status":"passed","title":"shows calendar when tasks calendar setting is enabled","duration":2.5031999999991967,"failureMessages":[],"meta":{}}],"startTime":1771644225611,"endTime":1771644225632.5032,"status":"passed","message":"","name":"D:/Documents/Mis_proyectos/Proyectos_Actuales/aiutox_erp_core/frontend/app/hooks/__tests__/useNavigation.test.tsx"},{"assertionResults":[{"ancestorTitles":["usePermissions"],"fullName":"usePermissions should return empty arrays when user is null","status":"passed","title":"should return empty arrays when user is null","duration":21.099099999999908,"failureMessages":[],"meta":{}},{"ancestorTitles":["usePermissions"],"fullName":"usePermissions should return user permissions and roles","status":"passed","title":"should return user permissions and roles","duration":2.8237000000001444,"failureMessages":[],"meta":{}},{"ancestorTitles":["usePermissions"],"fullName":"usePermissions should check exact permission","status":"passed","title":"should check exact permission","duration":2.6605999999999312,"failureMessages":[],"meta":{}},{"ancestorTitles":["usePermissions"],"fullName":"usePermissions should check wildcard permission (*)","status":"passed","title":"should check wildcard permission (*)","duration":1.9820999999999458,"failureMessages":[],"meta":{}},{"ancestorTitles":["usePermissions"],"fullName":"usePermissions should check module wildcard permission (module.*)","status":"passed","title":"should check module wildcard permission (module.*)","duration":3.402499999999918,"failureMessages":[],"meta":{}},{"ancestorTitles":["usePermissions"],"fullName":"usePermissions should check role","status":"failed","title":"should check role","duration":8.241899999999987,"failureMessages":["AssertionError: expected false to be true // Object.is equality\n    at D:/Documents/Mis_proyectos/Proyectos_Actuales/aiutox_erp_core/frontend/app/hooks/__tests__/usePermissions.test.ts:127:45\n    at file:///D:/Documents/Mis_proyectos/Proyectos_Actuales/aiutox_erp_core/frontend/node_modules/@vitest/runner/dist/index.js:145:11\n    at file:///D:/Documents/Mis_proyectos/Proyectos_Actuales/aiutox_erp_core/frontend/node_modules/@vitest/runner/dist/index.js:915:26\n    at file:///D:/Documents/Mis_proyectos/Proyectos_Actuales/aiutox_erp_core/frontend/node_modules/@vitest/runner/dist/index.js:1243:20\n    at new Promise (<anonymous>)\n    at runWithTimeout (file:///D:/Documents/Mis_proyectos/Proyectos_Actuales/aiutox_erp_core/frontend/node_modules/@vitest/runner/dist/index.js:1209:10)\n    at file:///D:/Documents/Mis_proyectos/Proyectos_Actuales/aiutox_erp_core/frontend/node_modules/@vitest/runner/dist/index.js:1653:37\n    at Traces.$ (file:///D:/Documents/Mis_proyectos/Proyectos_Actuales/aiutox_erp_core/frontend/node_modules/vitest/dist/chunks/traces.CCmnQaNT.js:142:27)\n    at trace (file:///D:/Documents/Mis_proyectos/Proyectos_Actuales/aiutox_erp_core/frontend/node_modules/vitest/dist/chunks/test.B8ej_ZHS.js:239:21)\n    at runTest (file:///D:/Documents/Mis_proyectos/Proyectos_Actuales/aiutox_erp_core/frontend/node_modules/@vitest/runner/dist/index.js:1653:12)"],"meta":{}},{"ancestorTitles":["usePermissions"],"fullName":"usePermissions should check any permission","status":"passed","title":"should check any permission","duration":2.16800000000012,"failureMessages":[],"meta":{}},{"ancestorTitles":["usePermissions"],"fullName":"usePermissions should check all permissions","status":"passed","title":"should check all permissions","duration":1.593499999999949,"failureMessages":[],"meta":{}},{"ancestorTitles":["useHasPermission"],"fullName":"useHasPermission should return true when user has permission","status":"passed","title":"should return true when user has permission","duration":3.123199999999997,"failureMessages":[],"meta":{}},{"ancestorTitles":["useHasPermission"],"fullName":"useHasPermission should return false when user does not have permission","status":"passed","title":"should return false when user does not have permission","duration":1.6505999999999403,"failureMessages":[],"meta":{}},{"ancestorTitles":["useHasRole"],"fullName":"useHasRole should return true when user has role","status":"failed","title":"should return true when user has role","duration":1.7994999999998527,"failureMessages":["AssertionError: expected false to be true // Object.is equality\n    at D:/Documents/Mis_proyectos/Proyectos_Actuales/aiutox_erp_core/frontend/app/hooks/__tests__/usePermissions.test.ts:219:28\n    at file:///D:/Documents/Mis_proyectos/Proyectos_Actuales/aiutox_erp_core/frontend/node_modules/@vitest/runner/dist/index.js:145:11\n    at file:///D:/Documents/Mis_proyectos/Proyectos_Actuales/aiutox_erp_core/frontend/node_modules/@vitest/runner/dist/index.js:915:26\n    at file:///D:/Documents/Mis_proyectos/Proyectos_Actuales/aiutox_erp_core/frontend/node_modules/@vitest/runner/dist/index.js:1243:20\n    at new Promise (<anonymous>)\n    at runWithTimeout (file:///D:/Documents/Mis_proyectos/Proyectos_Actuales/aiutox_erp_core/frontend/node_modules/@vitest/runner/dist/index.js:1209:10)\n    at file:///D:/Documents/Mis_proyectos/Proyectos_Actuales/aiutox_erp_core/frontend/node_modules/@vitest/runner/dist/index.js:1653:37\n    at Traces.$ (file:///D:/Documents/Mis_proyectos/Proyectos_Actuales/aiutox_erp_core/frontend/node_modules/vitest/dist/chunks/traces.CCmnQaNT.js:142:27)\n    at trace (file:///D:/Documents/Mis_proyectos/Proyectos_Actuales/aiutox_erp_core/frontend/node_modules/vitest/dist/chunks/test.B8ej_ZHS.js:239:21)\n    at runTest (file:///D:/Documents/Mis_proyectos/Proyectos_Actuales/aiutox_erp_core/frontend/node_modules/@vitest/runner/dist/index.js:1653:12)"],"meta":{}},{"ancestorTitles":["useHasRole"],"fullName":"useHasRole should return false when user does not have role","status":"passed","title":"should return false when user does not have role","duration":0.9068999999999505,"failureMessages":[],"meta":{}}],"startTime":1771643953205,"endTime":1771643953256.907,"status":"failed","message":"","name":"D:/Documents/Mis_proyectos/Proyectos_Actuales/aiutox_erp_core/frontend/app/hooks/__tests__/usePermissions.test.ts"},{"assertionResults":[{"ancestorTitles":["useQuickActions","basic functionality"],"fullName":"useQuickActions basic functionality should return empty array when no actions available","status":"passed","title":"should return empty array when no actions available","duration":18.50779999999986,"failureMessages":[],"meta":{}},{"ancestorTitles":["useQuickActions","basic functionality"],"fullName":"useQuickActions basic functionality should call registry filter with correct parameters","status":"passed","title":"should call registry filter with correct parameters","duration":3.7730999999998858,"failureMessages":[],"meta":{}},{"ancestorTitles":["useQuickActions","basic functionality"],"fullName":"useQuickActions basic functionality should use default maxResults when not specified","status":"passed","title":"should use default maxResults when not specified","duration":3.8641000000000076,"failureMessages":[],"meta":{}},{"ancestorTitles":["useQuickActions","user permissions"],"fullName":"useQuickActions user permissions should handle user with no permissions","status":"passed","title":"should handle user with no permissions","duration":2.507999999999811,"failureMessages":[],"meta":{}},{"ancestorTitles":["useQuickActions","user permissions"],"fullName":"useQuickActions user permissions should handle user with wildcard permission","status":"passed","title":"should handle user with wildcard permission","duration":4.794499999999971,"failureMessages":[],"meta":{}},{"ancestorTitles":["useQuickActions","reactivity"],"fullName":"useQuickActions reactivity should update when store version changes","status":"passed","title":"should update when store version changes","duration":3.2614000000000942,"failureMessages":[],"meta":{}},{"ancestorTitles":["useQuickActionAvailability"],"fullName":"useQuickActionAvailability should return false when action is not available","status":"passed","title":"should return false when action is not available","duration":2.419200000000046,"failureMessages":[],"meta":{}},{"ancestorTitles":["useQuickActionAvailability"],"fullName":"useQuickActionAvailability should return true when action is available","status":"passed","title":"should return true when action is available","duration":3.5894000000000688,"failureMessages":[],"meta":{}},{"ancestorTitles":["useQuickActionAvailability"],"fullName":"useQuickActionAvailability should return false when action list is empty","status":"passed","title":"should return false when action list is empty","duration":2.741000000000213,"failureMessages":[],"meta":{}}],"startTime":1771644203865,"endTime":1771644203910.741,"status":"passed","message":"","name":"D:/Documents/Mis_proyectos/Proyectos_Actuales/aiutox_erp_core/frontend/app/hooks/__tests__/useQuickActions.test.ts"},{"assertionResults":[{"ancestorTitles":["useSSE hook"],"fullName":"useSSE hook creates EventSource when enabled and sets isConnected on open","status":"passed","title":"creates EventSource when enabled and sets isConnected on open","duration":22.66949999999997,"failureMessages":[],"meta":{}},{"ancestorTitles":["useSSE hook"],"fullName":"useSSE hook does not create EventSource when disabled","status":"passed","title":"does not create EventSource when disabled","duration":2.304300000000012,"failureMessages":[],"meta":{}},{"ancestorTitles":["useSSE hook"],"fullName":"useSSE hook calls onEvent and toast handlers for task events","status":"passed","title":"calls onEvent and toast handlers for task events","duration":17.969300000000203,"failureMessages":[],"meta":{}},{"ancestorTitles":["useSSE hook"],"fullName":"useSSE hook closes EventSource on cleanup","status":"passed","title":"closes EventSource on cleanup","duration":3.1244000000001506,"failureMessages":[],"meta":{}}],"startTime":1771644196028,"endTime":1771644196074.1245,"status":"passed","message":"","name":"D:/Documents/Mis_proyectos/Proyectos_Actuales/aiutox_erp_core/frontend/app/hooks/__tests__/useSSE.test.ts"},{"assertionResults":[{"ancestorTitles":["useThemeConfig","fetching theme configuration"],"fullName":"useThemeConfig fetching theme configuration should fetch theme config successfully","status":"passed","title":"should fetch theme config successfully","duration":105.03810000000021,"failureMessages":[],"meta":{}},{"ancestorTitles":["useThemeConfig","fetching theme configuration"],"fullName":"useThemeConfig fetching theme configuration should handle loading state","status":"passed","title":"should handle loading state","duration":149.33589999999958,"failureMessages":[],"meta":{}},{"ancestorTitles":["useThemeConfig","fetching theme configuration"],"fullName":"useThemeConfig fetching theme configuration should handle fetch error","status":"passed","title":"should handle fetch error","duration":4.420000000000073,"failureMessages":[],"meta":{}},{"ancestorTitles":["useThemeConfig","fetching theme configuration"],"fullName":"useThemeConfig fetching theme configuration should return empty config when no theme data","status":"passed","title":"should return empty config when no theme data","duration":72.36269999999968,"failureMessages":[],"meta":{}},{"ancestorTitles":["useThemeConfig","applying theme to CSS"],"fullName":"useThemeConfig applying theme to CSS should apply theme colors to CSS variables","status":"passed","title":"should apply theme colors to CSS variables","duration":76.2751000000003,"failureMessages":[],"meta":{}},{"ancestorTitles":["useThemeConfig","applying theme to CSS"],"fullName":"useThemeConfig applying theme to CSS should update favicon when provided","status":"passed","title":"should update favicon when provided","duration":78.44730000000027,"failureMessages":[],"meta":{}},{"ancestorTitles":["useThemeConfig","applying theme to CSS"],"fullName":"useThemeConfig applying theme to CSS should not apply CSS variables for unmapped keys","status":"passed","title":"should not apply CSS variables for unmapped keys","duration":80.25730000000021,"failureMessages":[],"meta":{}},{"ancestorTitles":["useThemeConfig","updating theme"],"fullName":"useThemeConfig updating theme should update theme successfully","status":"passed","title":"should update theme successfully","duration":79.05369999999994,"failureMessages":[],"meta":{}},{"ancestorTitles":["useThemeConfig","updating theme"],"fullName":"useThemeConfig updating theme should handle update error","status":"passed","title":"should handle update error","duration":77.13959999999997,"failureMessages":[],"meta":{}},{"ancestorTitles":["useThemeConfig","updating theme"],"fullName":"useThemeConfig updating theme should show updating state during mutation","status":"passed","title":"should show updating state during mutation","duration":141.01029999999992,"failureMessages":[],"meta":{}},{"ancestorTitles":["useThemeConfig","updating single theme property"],"fullName":"useThemeConfig updating single theme property should update single property successfully","status":"passed","title":"should update single property successfully","duration":187.21590000000015,"failureMessages":[],"meta":{}},{"ancestorTitles":["useThemeConfig","updating single theme property"],"fullName":"useThemeConfig updating single theme property should refetch theme after updating property","status":"passed","title":"should refetch theme after updating property","duration":186.62739999999985,"failureMessages":[],"meta":{}},{"ancestorTitles":["useThemeConfig","theme caching"],"fullName":"useThemeConfig theme caching should cache theme data","status":"passed","title":"should cache theme data","duration":77.74720000000025,"failureMessages":[],"meta":{}}],"startTime":1771643983098,"endTime":1771643984414.7473,"status":"passed","message":"","name":"D:/Documents/Mis_proyectos/Proyectos_Actuales/aiutox_erp_core/frontend/app/hooks/__tests__/useThemeConfig.test.tsx"},{"assertionResults":[{"ancestorTitles":["AuditConfigPage","rendering"],"fullName":"AuditConfigPage rendering should render audit configuration page","status":"passed","title":"should render audit configuration page","duration":70.33130000000074,"failureMessages":[],"meta":{}},{"ancestorTitles":["AuditConfigPage","rendering"],"fullName":"AuditConfigPage rendering should show loading state","status":"passed","title":"should show loading state","duration":6.350499999999556,"failureMessages":[],"meta":{}},{"ancestorTitles":["AuditConfigPage","rendering"],"fullName":"AuditConfigPage rendering should handle error state","status":"passed","title":"should handle error state","duration":8.44210000000021,"failureMessages":[],"meta":{}},{"ancestorTitles":["AuditConfigPage","audit logs list"],"fullName":"AuditConfigPage audit logs list should render audit logs list","status":"passed","title":"should render audit logs list","duration":11.9424999999992,"failureMessages":[],"meta":{}},{"ancestorTitles":["AuditConfigPage","audit logs list"],"fullName":"AuditConfigPage audit logs list should show empty state when no logs","status":"passed","title":"should show empty state when no logs","duration":15.289999999999964,"failureMessages":[],"meta":{}},{"ancestorTitles":["AuditConfigPage","filters"],"fullName":"AuditConfigPage filters should render filter controls","status":"passed","title":"should render filter controls","duration":14.350000000000364,"failureMessages":[],"meta":{}},{"ancestorTitles":["AuditConfigPage","filters"],"fullName":"AuditConfigPage filters should handle filter changes","status":"passed","title":"should handle filter changes","duration":5.965700000000652,"failureMessages":[],"meta":{}},{"ancestorTitles":["AuditConfigPage","filters"],"fullName":"AuditConfigPage filters should clear filters","status":"passed","title":"should clear filters","duration":10.130400000000009,"failureMessages":[],"meta":{}},{"ancestorTitles":["AuditConfigPage","export functionality"],"fullName":"AuditConfigPage export functionality should handle export button click","status":"passed","title":"should handle export button click","duration":16.485499999999774,"failureMessages":[],"meta":{}},{"ancestorTitles":["AuditConfigPage","pagination"],"fullName":"AuditConfigPage pagination should handle page size changes","status":"passed","title":"should handle page size changes","duration":15.040299999999661,"failureMessages":[],"meta":{}},{"ancestorTitles":["AuditConfigPage","audit log details"],"fullName":"AuditConfigPage audit log details should show log details dialog","status":"passed","title":"should show log details dialog","duration":14.954600000000028,"failureMessages":[],"meta":{}}],"startTime":1771644087519,"endTime":1771644087708.9546,"status":"passed","message":"","name":"D:/Documents/Mis_proyectos/Proyectos_Actuales/aiutox_erp_core/frontend/app/routes/__tests__/config.audit.test.tsx"},{"assertionResults":[{"ancestorTitles":["GeneralConfigPage","rendering"],"fullName":"GeneralConfigPage rendering should render general configuration page","status":"passed","title":"should render general configuration page","duration":245.38200000000006,"failureMessages":[],"meta":{}},{"ancestorTitles":["GeneralConfigPage","rendering"],"fullName":"GeneralConfigPage rendering should show loading state","status":"passed","title":"should show loading state","duration":10.46140000000014,"failureMessages":[],"meta":{}},{"ancestorTitles":["GeneralConfigPage","rendering"],"fullName":"GeneralConfigPage rendering should handle error state","status":"passed","title":"should handle error state","duration":30.657399999999598,"failureMessages":[],"meta":{}},{"ancestorTitles":["GeneralConfigPage","rendering"],"fullName":"GeneralConfigPage rendering should render all form fields","status":"passed","title":"should render all form fields","duration":188.33889999999974,"failureMessages":[],"meta":{}},{"ancestorTitles":["GeneralConfigPage","rendering"],"fullName":"GeneralConfigPage rendering should render action buttons","status":"passed","title":"should render action buttons","duration":188.43190000000004,"failureMessages":[],"meta":{}},{"ancestorTitles":["GeneralConfigPage","form interactions"],"fullName":"GeneralConfigPage form interactions should display current configuration values","status":"passed","title":"should display current configuration values","duration":152.4928,"failureMessages":[],"meta":{}},{"ancestorTitles":["GeneralConfigPage","form interactions"],"fullName":"GeneralConfigPage form interactions should render timezone select with current value","status":"passed","title":"should render timezone select with current value","duration":111.33300000000008,"failureMessages":[],"meta":{}},{"ancestorTitles":["GeneralConfigPage","form interactions"],"fullName":"GeneralConfigPage form interactions should render date format select with current value","status":"passed","title":"should render date format select with current value","duration":79.99810000000025,"failureMessages":[],"meta":{}},{"ancestorTitles":["GeneralConfigPage","form interactions"],"fullName":"GeneralConfigPage form interactions should render time format select with current value","status":"passed","title":"should render time format select with current value","duration":124.04320000000007,"failureMessages":[],"meta":{}},{"ancestorTitles":["GeneralConfigPage","form interactions"],"fullName":"GeneralConfigPage form interactions should render currency select with current value","status":"passed","title":"should render currency select with current value","duration":140.49000000000024,"failureMessages":[],"meta":{}},{"ancestorTitles":["GeneralConfigPage","form interactions"],"fullName":"GeneralConfigPage form interactions should render language select with current value","status":"passed","title":"should render language select with current value","duration":122.28920000000016,"failureMessages":[],"meta":{}},{"ancestorTitles":["GeneralConfigPage","save functionality"],"fullName":"GeneralConfigPage save functionality should render save button","status":"passed","title":"should render save button","duration":124.1886000000004,"failureMessages":[],"meta":{}},{"ancestorTitles":["GeneralConfigPage","reset functionality"],"fullName":"GeneralConfigPage reset functionality should render reset button when form is loaded","status":"passed","title":"should render reset button when form is loaded","duration":93.21990000000005,"failureMessages":[],"meta":{}},{"ancestorTitles":["GeneralConfigPage","default values"],"fullName":"GeneralConfigPage default values should use default values when config is empty","status":"passed","title":"should use default values when config is empty","duration":60.33150000000023,"failureMessages":[],"meta":{}}],"startTime":1771643979381,"endTime":1771643981054.3315,"status":"passed","message":"","name":"D:/Documents/Mis_proyectos/Proyectos_Actuales/aiutox_erp_core/frontend/app/routes/__tests__/config.general.test.tsx"},{"assertionResults":[{"ancestorTitles":["ImportExportConfigPage","rendering"],"fullName":"ImportExportConfigPage rendering should render import/export configuration page","status":"passed","title":"should render import/export configuration page","duration":156.76149999999961,"failureMessages":[],"meta":{}},{"ancestorTitles":["ImportExportConfigPage","tabs"],"fullName":"ImportExportConfigPage tabs should render import, export, and history tabs","status":"passed","title":"should render import, export, and history tabs","duration":35.927200000000084,"failureMessages":[],"meta":{}},{"ancestorTitles":["ImportExportConfigPage","import functionality"],"fullName":"ImportExportConfigPage import functionality should render import form","status":"passed","title":"should render import form","duration":37.076600000000326,"failureMessages":[],"meta":{}},{"ancestorTitles":["ImportExportConfigPage","export functionality"],"fullName":"ImportExportConfigPage export functionality should render export form","status":"passed","title":"should render export form","duration":32.630700000000616,"failureMessages":[],"meta":{}}],"startTime":1771644082911,"endTime":1771644083173.6306,"status":"passed","message":"","name":"D:/Documents/Mis_proyectos/Proyectos_Actuales/aiutox_erp_core/frontend/app/routes/__tests__/config.import-export.test.tsx"},{"assertionResults":[{"ancestorTitles":["IntegrationsConfigPage","rendering"],"fullName":"IntegrationsConfigPage rendering should render integrations configuration page","status":"passed","title":"should render integrations configuration page","duration":67.18700000000081,"failureMessages":[],"meta":{}},{"ancestorTitles":["IntegrationsConfigPage","rendering"],"fullName":"IntegrationsConfigPage rendering should show loading state","status":"passed","title":"should show loading state","duration":6.864300000000185,"failureMessages":[],"meta":{}},{"ancestorTitles":["IntegrationsConfigPage","rendering"],"fullName":"IntegrationsConfigPage rendering should handle error state","status":"passed","title":"should handle error state","duration":7.89220000000023,"failureMessages":[],"meta":{}},{"ancestorTitles":["IntegrationsConfigPage","integrations list"],"fullName":"IntegrationsConfigPage integrations list should render integrations list","status":"passed","title":"should render integrations list","duration":13.408499999999549,"failureMessages":[],"meta":{}},{"ancestorTitles":["IntegrationsConfigPage","integrations list"],"fullName":"IntegrationsConfigPage integrations list should show empty state when no integrations","status":"passed","title":"should show empty state when no integrations","duration":16.027600000000348,"failureMessages":[],"meta":{}},{"ancestorTitles":["IntegrationsConfigPage","tabs"],"fullName":"IntegrationsConfigPage tabs should render integration type tabs","status":"passed","title":"should render integration type tabs","duration":15.701699999999619,"failureMessages":[],"meta":{}}],"startTime":1771644143379,"endTime":1771644143506.7017,"status":"passed","message":"","name":"D:/Documents/Mis_proyectos/Proyectos_Actuales/aiutox_erp_core/frontend/app/routes/__tests__/config.integrations.test.tsx"},{"assertionResults":[{"ancestorTitles":["ModulesConfigPage","rendering"],"fullName":"ModulesConfigPage rendering should render modules configuration page","status":"passed","title":"should render modules configuration page","duration":135.04780000000028,"failureMessages":[],"meta":{}},{"ancestorTitles":["ModulesConfigPage","rendering"],"fullName":"ModulesConfigPage rendering should show loading state","status":"passed","title":"should show loading state","duration":8.885800000000017,"failureMessages":[],"meta":{}},{"ancestorTitles":["ModulesConfigPage","rendering"],"fullName":"ModulesConfigPage rendering should show error message when error occurs","status":"passed","title":"should show error message when error occurs","duration":30.07669999999962,"failureMessages":[],"meta":{}},{"ancestorTitles":["ModulesConfigPage","rendering"],"fullName":"ModulesConfigPage rendering should render filter buttons","status":"passed","title":"should render filter buttons","duration":43.72119999999995,"failureMessages":[],"meta":{}},{"ancestorTitles":["ModulesConfigPage","loading modules from API"],"fullName":"ModulesConfigPage loading modules from API should load modules from API on mount","status":"passed","title":"should load modules from API on mount","duration":17.82390000000032,"failureMessages":[],"meta":{}},{"ancestorTitles":["ModulesConfigPage","loading modules from API"],"fullName":"ModulesConfigPage loading modules from API should display loaded modules","status":"passed","title":"should display loaded modules","duration":44.56810000000041,"failureMessages":[],"meta":{}},{"ancestorTitles":["ModulesConfigPage","loading modules from API"],"fullName":"ModulesConfigPage loading modules from API should handle empty modules list gracefully","status":"passed","title":"should handle empty modules list gracefully","duration":27.201000000000022,"failureMessages":[],"meta":{}},{"ancestorTitles":["ModulesConfigPage","module listing"],"fullName":"ModulesConfigPage module listing should display core modules section","status":"passed","title":"should display core modules section","duration":38.660400000000664,"failureMessages":[],"meta":{}},{"ancestorTitles":["ModulesConfigPage","module listing"],"fullName":"ModulesConfigPage module listing should display business modules section","status":"passed","title":"should display business modules section","duration":49.667099999999664,"failureMessages":[],"meta":{}},{"ancestorTitles":["ModulesConfigPage","module listing"],"fullName":"ModulesConfigPage module listing should display module badges","status":"passed","title":"should display module badges","duration":45.783400000000256,"failureMessages":[],"meta":{}},{"ancestorTitles":["ModulesConfigPage","module listing"],"fullName":"ModulesConfigPage module listing should display module dependencies","status":"passed","title":"should display module dependencies","duration":14.517499999999927,"failureMessages":[],"meta":{}},{"ancestorTitles":["ModulesConfigPage","module activation/deactivation"],"fullName":"ModulesConfigPage module activation/deactivation should call enableModule when toggling disabled module","status":"passed","title":"should call enableModule when toggling disabled module","duration":41.69450000000052,"failureMessages":[],"meta":{}},{"ancestorTitles":["ModulesConfigPage","module activation/deactivation"],"fullName":"ModulesConfigPage module activation/deactivation should call disableModule when toggling enabled module","status":"passed","title":"should call disableModule when toggling enabled module","duration":20.26180000000022,"failureMessages":[],"meta":{}},{"ancestorTitles":["ModulesConfigPage","module activation/deactivation"],"fullName":"ModulesConfigPage module activation/deactivation should disable critical modules","status":"passed","title":"should disable critical modules","duration":15.519800000000032,"failureMessages":[],"meta":{}},{"ancestorTitles":["ModulesConfigPage","filtering"],"fullName":"ModulesConfigPage filtering should filter by all modules","status":"passed","title":"should filter by all modules","duration":15.448899999999412,"failureMessages":[],"meta":{}},{"ancestorTitles":["ModulesConfigPage","filtering"],"fullName":"ModulesConfigPage filtering should filter by core modules","status":"passed","title":"should filter by core modules","duration":15.068600000000515,"failureMessages":[],"meta":{}},{"ancestorTitles":["ModulesConfigPage","filtering"],"fullName":"ModulesConfigPage filtering should filter by business modules","status":"passed","title":"should filter by business modules","duration":15.731799999999566,"failureMessages":[],"meta":{}},{"ancestorTitles":["ModulesConfigPage","error handling"],"fullName":"ModulesConfigPage error handling should handle network errors gracefully","status":"passed","title":"should handle network errors gracefully","duration":16.054699999999684,"failureMessages":[],"meta":{}}],"startTime":1771644018699,"endTime":1771644019296.0547,"status":"passed","message":"","name":"D:/Documents/Mis_proyectos/Proyectos_Actuales/aiutox_erp_core/frontend/app/routes/__tests__/config.modules.test.tsx"},{"assertionResults":[{"ancestorTitles":["NotificationsConfigPage","rendering"],"fullName":"NotificationsConfigPage rendering should render notifications configuration page","status":"passed","title":"should render notifications configuration page","duration":72.48710000000028,"failureMessages":[],"meta":{}},{"ancestorTitles":["NotificationsConfigPage","rendering"],"fullName":"NotificationsConfigPage rendering should show loading state","status":"passed","title":"should show loading state","duration":7.595099999999547,"failureMessages":[],"meta":{}},{"ancestorTitles":["NotificationsConfigPage","rendering"],"fullName":"NotificationsConfigPage rendering should handle error state","status":"passed","title":"should handle error state","duration":11.103799999999865,"failureMessages":[],"meta":{}},{"ancestorTitles":["NotificationsConfigPage","tabs"],"fullName":"NotificationsConfigPage tabs should render channels and templates tabs","status":"passed","title":"should render channels and templates tabs","duration":5.916400000000067,"failureMessages":[],"meta":{}},{"ancestorTitles":["NotificationsConfigPage","SMTP configuration"],"fullName":"NotificationsConfigPage SMTP configuration should render SMTP form fields","status":"passed","title":"should render SMTP form fields","duration":9.875500000000102,"failureMessages":[],"meta":{}},{"ancestorTitles":["NotificationsConfigPage","SMS configuration"],"fullName":"NotificationsConfigPage SMS configuration should render SMS form fields","status":"passed","title":"should render SMS form fields","duration":3.94170000000031,"failureMessages":[],"meta":{}},{"ancestorTitles":["NotificationsConfigPage","Webhook configuration"],"fullName":"NotificationsConfigPage Webhook configuration should render Webhook form fields","status":"passed","title":"should render Webhook form fields","duration":4.148299999999836,"failureMessages":[],"meta":{}},{"ancestorTitles":["NotificationsConfigPage","templates tab"],"fullName":"NotificationsConfigPage templates tab should render templates list when templates tab is active","status":"passed","title":"should render templates list when templates tab is active","duration":5.82589999999982,"failureMessages":[],"meta":{}}],"startTime":1771644134188,"endTime":1771644134309.826,"status":"passed","message":"","name":"D:/Documents/Mis_proyectos/Proyectos_Actuales/aiutox_erp_core/frontend/app/routes/__tests__/config.notifications.test.tsx"},{"assertionResults":[{"ancestorTitles":["RolesConfigPage","rendering"],"fullName":"RolesConfigPage rendering should render roles configuration page","status":"passed","title":"should render roles configuration page","duration":86.40689999999995,"failureMessages":[],"meta":{}},{"ancestorTitles":["RolesConfigPage","rendering"],"fullName":"RolesConfigPage rendering should show loading state","status":"passed","title":"should show loading state","duration":7.5534999999999854,"failureMessages":[],"meta":{}},{"ancestorTitles":["RolesConfigPage","rendering"],"fullName":"RolesConfigPage rendering should show error message when error occurs","status":"passed","title":"should show error message when error occurs","duration":29.660400000000664,"failureMessages":[],"meta":{}},{"ancestorTitles":["RolesConfigPage","loading roles from API"],"fullName":"RolesConfigPage loading roles from API should load roles from API on mount","status":"passed","title":"should load roles from API on mount","duration":5.6031999999995605,"failureMessages":[],"meta":{}},{"ancestorTitles":["RolesConfigPage","loading roles from API"],"fullName":"RolesConfigPage loading roles from API should display loaded roles","status":"passed","title":"should display loaded roles","duration":25.847999999999956,"failureMessages":[],"meta":{}},{"ancestorTitles":["RolesConfigPage","role selection"],"fullName":"RolesConfigPage role selection should show select role message when no role is selected","status":"passed","title":"should show select role message when no role is selected","duration":31.53400000000056,"failureMessages":[],"meta":{}},{"ancestorTitles":["RolesConfigPage","role selection"],"fullName":"RolesConfigPage role selection should display role details when role is selected","status":"passed","title":"should display role details when role is selected","duration":34.034599999999955,"failureMessages":[],"meta":{}},{"ancestorTitles":["RolesConfigPage","permissions display"],"fullName":"RolesConfigPage permissions display should display permissions when role is selected","status":"passed","title":"should display permissions when role is selected","duration":24.274199999999837,"failureMessages":[],"meta":{}},{"ancestorTitles":["RolesConfigPage","permissions display"],"fullName":"RolesConfigPage permissions display should group permissions by module","status":"passed","title":"should group permissions by module","duration":35.89810000000034,"failureMessages":[],"meta":{}},{"ancestorTitles":["RolesConfigPage","role assignment"],"fullName":"RolesConfigPage role assignment should display users tab when role is selected","status":"passed","title":"should display users tab when role is selected","duration":18.948199999999815,"failureMessages":[],"meta":{}},{"ancestorTitles":["RolesConfigPage","role assignment"],"fullName":"RolesConfigPage role assignment should display assign role section","status":"passed","title":"should display assign role section","duration":26.16399999999976,"failureMessages":[],"meta":{}},{"ancestorTitles":["RolesConfigPage","error handling"],"fullName":"RolesConfigPage error handling should handle network errors gracefully","status":"passed","title":"should handle network errors gracefully","duration":14.345100000000457,"failureMessages":[],"meta":{}},{"ancestorTitles":["RolesConfigPage","validation"],"fullName":"RolesConfigPage validation should display system role warning for system roles","status":"passed","title":"should display system role warning for system roles","duration":14.929599999999482,"failureMessages":[],"meta":{}}],"startTime":1771644048152,"endTime":1771644048509.9297,"status":"passed","message":"","name":"D:/Documents/Mis_proyectos/Proyectos_Actuales/aiutox_erp_core/frontend/app/routes/__tests__/config.roles.test.tsx"},{"assertionResults":[{"ancestorTitles":["ThemeConfigPage","rendering"],"fullName":"ThemeConfigPage rendering should render theme configuration page","status":"passed","title":"should render theme configuration page","duration":219.1952000000001,"failureMessages":[],"meta":{}},{"ancestorTitles":["ThemeConfigPage","rendering"],"fullName":"ThemeConfigPage rendering should show loading state","status":"passed","title":"should show loading state","duration":8.282100000000355,"failureMessages":[],"meta":{}},{"ancestorTitles":["ThemeConfigPage","rendering"],"fullName":"ThemeConfigPage rendering should show error message when error occurs","status":"passed","title":"should show error message when error occurs","duration":11.287200000000212,"failureMessages":[],"meta":{}},{"ancestorTitles":["ThemeConfigPage","rendering"],"fullName":"ThemeConfigPage rendering should render all tabs","status":"passed","title":"should render all tabs","duration":102.32290000000012,"failureMessages":[],"meta":{}},{"ancestorTitles":["ThemeConfigPage","rendering"],"fullName":"ThemeConfigPage rendering should render action buttons","status":"passed","title":"should render action buttons","duration":88.1262999999999,"failureMessages":[],"meta":{}},{"ancestorTitles":["ThemeConfigPage","Colors tab"],"fullName":"ThemeConfigPage Colors tab should render color inputs","status":"passed","title":"should render color inputs","duration":125.49060000000009,"failureMessages":[],"meta":{}},{"ancestorTitles":["ThemeConfigPage","Colors tab"],"fullName":"ThemeConfigPage Colors tab should display current color values","status":"passed","title":"should display current color values","duration":81.33699999999999,"failureMessages":[],"meta":{}},{"ancestorTitles":["ThemeConfigPage","Colors tab"],"fullName":"ThemeConfigPage Colors tab should update color value on change","status":"passed","title":"should update color value on change","duration":310.64779999999973,"failureMessages":[],"meta":{}},{"ancestorTitles":["ThemeConfigPage","Logos tab"],"fullName":"ThemeConfigPage Logos tab should render logo inputs","status":"passed","title":"should render logo inputs","duration":130.70060000000012,"failureMessages":[],"meta":{}},{"ancestorTitles":["ThemeConfigPage","Logos tab"],"fullName":"ThemeConfigPage Logos tab should display current logo values","status":"passed","title":"should display current logo values","duration":104.73199999999997,"failureMessages":[],"meta":{}},{"ancestorTitles":["ThemeConfigPage","Logos tab"],"fullName":"ThemeConfigPage Logos tab should update logo value on change","status":"passed","title":"should update logo value on change","duration":712.27,"failureMessages":[],"meta":{}},{"ancestorTitles":["ThemeConfigPage","Typography tab"],"fullName":"ThemeConfigPage Typography tab should render typography inputs","status":"passed","title":"should render typography inputs","duration":168.61239999999998,"failureMessages":[],"meta":{}},{"ancestorTitles":["ThemeConfigPage","Typography tab"],"fullName":"ThemeConfigPage Typography tab should display current typography values","status":"passed","title":"should display current typography values","duration":227.02829999999994,"failureMessages":[],"meta":{}},{"ancestorTitles":["ThemeConfigPage","Components tab"],"fullName":"ThemeConfigPage Components tab should render component style inputs","status":"passed","title":"should render component style inputs","duration":153.42699999999968,"failureMessages":[],"meta":{}},{"ancestorTitles":["ThemeConfigPage","save functionality"],"fullName":"ThemeConfigPage save functionality should call updateTheme when save button is clicked","status":"passed","title":"should call updateTheme when save button is clicked","duration":340.7021999999997,"failureMessages":[],"meta":{}},{"ancestorTitles":["ThemeConfigPage","save functionality"],"fullName":"ThemeConfigPage save functionality should disable save button while updating","status":"passed","title":"should disable save button while updating","duration":54.130199999999604,"failureMessages":[],"meta":{}},{"ancestorTitles":["ThemeConfigPage","reset functionality"],"fullName":"ThemeConfigPage reset functionality should reset changes when reset button is clicked","status":"passed","title":"should reset changes when reset button is clicked","duration":364.01630000000023,"failureMessages":[],"meta":{}},{"ancestorTitles":["ThemeConfigPage","reset functionality"],"fullName":"ThemeConfigPage reset functionality should disable reset button while updating","status":"passed","title":"should disable reset button while updating","duration":55.7488000000003,"failureMessages":[],"meta":{}},{"ancestorTitles":["ThemeConfigPage","default values"],"fullName":"ThemeConfigPage default values should use default values when theme is empty","status":"passed","title":"should use default values when theme is empty","duration":74.67000000000007,"failureMessages":[],"meta":{}},{"ancestorTitles":["ThemeConfigPage","tab navigation"],"fullName":"ThemeConfigPage tab navigation should switch between tabs","status":"passed","title":"should switch between tabs","duration":335.1268,"failureMessages":[],"meta":{}}],"startTime":1771643973373,"endTime":1771643977043.1267,"status":"passed","message":"","name":"D:/Documents/Mis_proyectos/Proyectos_Actuales/aiutox_erp_core/frontend/app/routes/__tests__/config.theme.test.tsx"},{"assertionResults":[{"ancestorTitles":["ForgotPasswordPage"],"fullName":"ForgotPasswordPage should render forgot password form","status":"passed","title":"should render forgot password form","duration":123.82330000000024,"failureMessages":[],"meta":{}},{"ancestorTitles":["ForgotPasswordPage"],"fullName":"ForgotPasswordPage should have link to login page","status":"passed","title":"should have link to login page","duration":19.30179999999973,"failureMessages":[],"meta":{}}],"startTime":1771644124786,"endTime":1771644124929.3018,"status":"passed","message":"","name":"D:/Documents/Mis_proyectos/Proyectos_Actuales/aiutox_erp_core/frontend/app/routes/__tests__/forgot-password.test.tsx"},{"assertionResults":[{"ancestorTitles":["LoginPage"],"fullName":"LoginPage should render login form","status":"passed","title":"should render login form","duration":140.1551999999997,"failureMessages":[],"meta":{}},{"ancestorTitles":["LoginPage"],"fullName":"LoginPage should show form fields","status":"passed","title":"should show form fields","duration":14.970100000000002,"failureMessages":[],"meta":{}},{"ancestorTitles":["LoginPage"],"fullName":"LoginPage should render remember me checkbox","status":"passed","title":"should render remember me checkbox","duration":20.420600000000377,"failureMessages":[],"meta":{}},{"ancestorTitles":["LoginPage"],"fullName":"LoginPage should have remember_me=false by default in form","status":"passed","title":"should have remember_me=false by default in form","duration":19.416400000000067,"failureMessages":[],"meta":{}},{"ancestorTitles":["LoginPage"],"fullName":"LoginPage should have remember_me field in form schema","status":"passed","title":"should have remember_me field in form schema","duration":17.448499999999967,"failureMessages":[],"meta":{}},{"ancestorTitles":["LoginPage"],"fullName":"LoginPage should work with form validation when remember_me is checked","status":"passed","title":"should work with form validation when remember_me is checked","duration":145.7398000000003,"failureMessages":[],"meta":{}}],"startTime":1771644050760,"endTime":1771644051118.7397,"status":"passed","message":"","name":"D:/Documents/Mis_proyectos/Proyectos_Actuales/aiutox_erp_core/frontend/app/routes/__tests__/login.test.tsx"},{"assertionResults":[{"ancestorTitles":["NotFoundPage"],"fullName":"NotFoundPage should render 404 error page","status":"passed","title":"should render 404 error page","duration":105.50530000000003,"failureMessages":[],"meta":{}}],"startTime":1771644152151,"endTime":1771644152256.5054,"status":"passed","message":"","name":"D:/Documents/Mis_proyectos/Proyectos_Actuales/aiutox_erp_core/frontend/app/routes/__tests__/not-found.test.tsx"},{"assertionResults":[{"ancestorTitles":["UnauthorizedPage"],"fullName":"UnauthorizedPage should render 403 error page","status":"passed","title":"should render 403 error page","duration":47.269000000000005,"failureMessages":[],"meta":{}}],"startTime":1771644200103,"endTime":1771644200150.269,"status":"passed","message":"","name":"D:/Documents/Mis_proyectos/Proyectos_Actuales/aiutox_erp_core/frontend/app/routes/__tests__/unauthorized.test.tsx"},{"assertionResults":[{"ancestorTitles":["authStore - PWA Integration"],"fullName":"authStore - PWA Integration should send message to Service Worker on clearAuth","status":"passed","title":"should send message to Service Worker on clearAuth","duration":6.476499999999987,"failureMessages":[],"meta":{}},{"ancestorTitles":["authStore - PWA Integration"],"fullName":"authStore - PWA Integration should handle missing Service Worker gracefully","status":"passed","title":"should handle missing Service Worker gracefully","duration":1.707600000000184,"failureMessages":[],"meta":{}},{"ancestorTitles":["authStore - PWA Integration"],"fullName":"authStore - PWA Integration should handle missing controller gracefully","status":"passed","title":"should handle missing controller gracefully","duration":0.6514999999999418,"failureMessages":[],"meta":{}}],"startTime":1771644237604,"endTime":1771644237612.7075,"status":"passed","message":"","name":"D:/Documents/Mis_proyectos/Proyectos_Actuales/aiutox_erp_core/frontend/app/stores/__tests__/authStore.pwa.test.ts"},{"assertionResults":[{"ancestorTitles":["authStore - Refresh Token","setAuth"],"fullName":"authStore - Refresh Token setAuth should store both access token and refresh token","status":"passed","title":"should store both access token and refresh token","duration":4.654899999999998,"failureMessages":[],"meta":{}},{"ancestorTitles":["authStore - Refresh Token","setRefreshToken"],"fullName":"authStore - Refresh Token setRefreshToken should update refresh token in store","status":"passed","title":"should update refresh token in store","duration":0.7191000000000258,"failureMessages":[],"meta":{}},{"ancestorTitles":["authStore - Refresh Token","refreshAccessToken"],"fullName":"authStore - Refresh Token refreshAccessToken should refresh access token successfully","status":"passed","title":"should refresh access token successfully","duration":3.030999999999949,"failureMessages":[],"meta":{}},{"ancestorTitles":["authStore - Refresh Token","refreshAccessToken"],"fullName":"authStore - Refresh Token refreshAccessToken should return null if no refresh token exists","status":"passed","title":"should return null if no refresh token exists","duration":0.694300000000112,"failureMessages":[],"meta":{}},{"ancestorTitles":["authStore - Refresh Token","refreshAccessToken"],"fullName":"authStore - Refresh Token refreshAccessToken should clear auth and return null if refresh fails","status":"passed","title":"should clear auth and return null if refresh fails","duration":0.6132000000000062,"failureMessages":[],"meta":{}},{"ancestorTitles":["authStore - Refresh Token","clearAuth"],"fullName":"authStore - Refresh Token clearAuth should clear both tokens and user data","status":"passed","title":"should clear both tokens and user data","duration":0.3667000000000371,"failureMessages":[],"meta":{}}],"startTime":1771644239455,"endTime":1771644239465.6133,"status":"passed","message":"","name":"D:/Documents/Mis_proyectos/Proyectos_Actuales/aiutox_erp_core/frontend/app/stores/__tests__/authStore.test.ts"},{"assertionResults":[{"ancestorTitles":["PWA Lifecycle Integration"],"fullName":"PWA Lifecycle Integration should clear API caches on logout","status":"passed","title":"should clear API caches on logout","duration":6.960199999999986,"failureMessages":[],"meta":{}},{"ancestorTitles":["PWA Lifecycle Integration"],"fullName":"PWA Lifecycle Integration should handle SW registration lifecycle","status":"passed","title":"should handle SW registration lifecycle","duration":1.134999999999991,"failureMessages":[],"meta":{}}],"startTime":1771644243091,"endTime":1771644243099.135,"status":"passed","message":"","name":"D:/Documents/Mis_proyectos/Proyectos_Actuales/aiutox_erp_core/frontend/app/__tests__/integration/pwa-lifecycle.test.ts"},{"assertionResults":[{"ancestorTitles":["RequirePermission"],"fullName":"RequirePermission should render children when user has permission","status":"passed","title":"should render children when user has permission","duration":30.086000000000013,"failureMessages":[],"meta":{}},{"ancestorTitles":["RequirePermission"],"fullName":"RequirePermission should not render children when user does not have permission","status":"passed","title":"should not render children when user does not have permission","duration":17.16229999999996,"failureMessages":[],"meta":{}},{"ancestorTitles":["RequirePermission"],"fullName":"RequirePermission should render fallback when user does not have permission","status":"passed","title":"should render fallback when user does not have permission","duration":15.853599999999915,"failureMessages":[],"meta":{}}],"startTime":1771644175108,"endTime":1771644175171.8535,"status":"passed","message":"","name":"D:/Documents/Mis_proyectos/Proyectos_Actuales/aiutox_erp_core/frontend/app/components/auth/__tests__/RequirePermission.test.tsx"},{"assertionResults":[{"ancestorTitles":["RequireRole"],"fullName":"RequireRole should render children when user has role","status":"failed","title":"should render children when user has role","duration":31.247500000000173,"failureMessages":["TestingLibraryElementError: Unable to find an element with the text: Content. This could be because the text is broken up by multiple elements. In this case, you can provide a function for your text matcher to make your matcher more flexible.\n\nIgnored nodes: comments, script, style\n\u001b[36m<body>\u001b[39m\n  \u001b[36m<div />\u001b[39m\n\u001b[36m</body>\u001b[39m\n    at Object.getElementError (D:\\Documents\\Mis_proyectos\\Proyectos_Actuales\\aiutox_erp_core\\frontend\\node_modules\\@testing-library\\dom\\dist\\config.js:37:19)\n    at D:\\Documents\\Mis_proyectos\\Proyectos_Actuales\\aiutox_erp_core\\frontend\\node_modules\\@testing-library\\dom\\dist\\query-helpers.js:76:38\n    at D:\\Documents\\Mis_proyectos\\Proyectos_Actuales\\aiutox_erp_core\\frontend\\node_modules\\@testing-library\\dom\\dist\\query-helpers.js:52:17\n    at D:\\Documents\\Mis_proyectos\\Proyectos_Actuales\\aiutox_erp_core\\frontend\\node_modules\\@testing-library\\dom\\dist\\query-helpers.js:95:19\n    at D:/Documents/Mis_proyectos/Proyectos_Actuales/aiutox_erp_core/frontend/app/components/auth/__tests__/RequireRole.test.tsx:51:19\n    at file:///D:/Documents/Mis_proyectos/Proyectos_Actuales/aiutox_erp_core/frontend/node_modules/@vitest/runner/dist/index.js:145:11\n    at file:///D:/Documents/Mis_proyectos/Proyectos_Actuales/aiutox_erp_core/frontend/node_modules/@vitest/runner/dist/index.js:915:26\n    at file:///D:/Documents/Mis_proyectos/Proyectos_Actuales/aiutox_erp_core/frontend/node_modules/@vitest/runner/dist/index.js:1243:20\n    at new Promise (<anonymous>)\n    at runWithTimeout (file:///D:/Documents/Mis_proyectos/Proyectos_Actuales/aiutox_erp_core/frontend/node_modules/@vitest/runner/dist/index.js:1209:10)"],"meta":{}},{"ancestorTitles":["RequireRole"],"fullName":"RequireRole should not render children when user does not have role","status":"passed","title":"should not render children when user does not have role","duration":22.721199999999953,"failureMessages":[],"meta":{}},{"ancestorTitles":["RequireRole"],"fullName":"RequireRole should render fallback when user does not have role","status":"passed","title":"should render fallback when user does not have role","duration":15.406999999999925,"failureMessages":[],"meta":{}}],"startTime":1771643951380,"endTime":1771643951449.407,"status":"failed","message":"","name":"D:/Documents/Mis_proyectos/Proyectos_Actuales/aiutox_erp_core/frontend/app/components/auth/__tests__/RequireRole.test.tsx"},{"assertionResults":[{"ancestorTitles":["ConfigPageLayout"],"fullName":"ConfigPageLayout renderiza título correctamente","status":"passed","title":"renderiza título correctamente","duration":42.552900000000136,"failureMessages":[],"meta":{}},{"ancestorTitles":["ConfigPageLayout"],"fullName":"ConfigPageLayout renderiza botón Guardar cuando onSave se proporciona","status":"passed","title":"renderiza botón Guardar cuando onSave se proporciona","duration":7.9573999999997795,"failureMessages":[],"meta":{}},{"ancestorTitles":["ConfigPageLayout"],"fullName":"ConfigPageLayout renderiza botón Reset cuando onReset se proporciona","status":"passed","title":"renderiza botón Reset cuando onReset se proporciona","duration":4.501800000000003,"failureMessages":[],"meta":{}},{"ancestorTitles":["ConfigPageLayout"],"fullName":"ConfigPageLayout deshabilita botón Guardar cuando no hay cambios","status":"passed","title":"deshabilita botón Guardar cuando no hay cambios","duration":3.5733000000000175,"failureMessages":[],"meta":{}},{"ancestorTitles":["ConfigPageLayout"],"fullName":"ConfigPageLayout habilita botón Guardar cuando hay cambios","status":"passed","title":"habilita botón Guardar cuando hay cambios","duration":5.014100000000326,"failureMessages":[],"meta":{}},{"ancestorTitles":["ConfigPageLayout"],"fullName":"ConfigPageLayout deshabilita botones cuando está guardando","status":"passed","title":"deshabilita botones cuando está guardando","duration":7.106199999999717,"failureMessages":[],"meta":{}},{"ancestorTitles":["ConfigPageLayout"],"fullName":"ConfigPageLayout muestra texto personalizado en botón Guardar","status":"passed","title":"muestra texto personalizado en botón Guardar","duration":2.635699999999815,"failureMessages":[],"meta":{}},{"ancestorTitles":["ConfigPageLayout"],"fullName":"ConfigPageLayout muestra texto personalizado en botón Reset","status":"passed","title":"muestra texto personalizado en botón Reset","duration":2.679399999999987,"failureMessages":[],"meta":{}},{"ancestorTitles":["ConfigPageLayout"],"fullName":"ConfigPageLayout llama onSave cuando se hace clic en Guardar","status":"passed","title":"llama onSave cuando se hace clic en Guardar","duration":3.5126000000000204,"failureMessages":[],"meta":{}},{"ancestorTitles":["ConfigPageLayout"],"fullName":"ConfigPageLayout llama onReset cuando se hace clic en Reset","status":"passed","title":"llama onReset cuando se hace clic en Reset","duration":4.2292999999999665,"failureMessages":[],"meta":{}},{"ancestorTitles":["ConfigPageLayout"],"fullName":"ConfigPageLayout renderiza footerContent cuando se proporciona","status":"passed","title":"renderiza footerContent cuando se proporciona","duration":3.997399999999743,"failureMessages":[],"meta":{}}],"startTime":1771644156341,"endTime":1771644156428.9973,"status":"passed","message":"","name":"D:/Documents/Mis_proyectos/Proyectos_Actuales/aiutox_erp_core/frontend/app/components/config/__tests__/ConfigPageLayout.test.tsx"},{"assertionResults":[{"ancestorTitles":["AppShell"],"fullName":"AppShell should render correctly with all components","status":"passed","title":"should render correctly with all components","duration":48.986399999999776,"failureMessages":[],"meta":{}},{"ancestorTitles":["AppShell"],"fullName":"AppShell should render children in MainContent","status":"passed","title":"should render children in MainContent","duration":11.248400000000402,"failureMessages":[],"meta":{}}],"startTime":1771644192390,"endTime":1771644192450.2483,"status":"passed","message":"","name":"D:/Documents/Mis_proyectos/Proyectos_Actuales/aiutox_erp_core/frontend/app/components/layout/__tests__/AppShell.test.tsx"},{"assertionResults":[{"ancestorTitles":["Header"],"fullName":"Header should render correctly","status":"passed","title":"should render correctly","duration":94.15419999999995,"failureMessages":[],"meta":{}},{"ancestorTitles":["Header"],"fullName":"Header should render SidebarToggle","status":"failed","title":"should render SidebarToggle","duration":54.79150000000027,"failureMessages":["TestingLibraryElementError: Unable to find an element by: [data-testid=\"sidebar-toggle\"]\n\nIgnored nodes: comments, script, style\n\u001b[36m<body>\u001b[39m\n  \u001b[36m<div>\u001b[39m\n    \u001b[36m<h2>\u001b[39m\n      \u001b[0mUnexpected Application Error!\u001b[0m\n    \u001b[36m</h2>\u001b[39m\n    \u001b[36m<h3\u001b[39m\n      \u001b[33mstyle\u001b[39m=\u001b[32m\"font-style: italic;\"\u001b[39m\n    \u001b[36m>\u001b[39m\n      \u001b[0mcalendars.find is not a function\u001b[0m\n    \u001b[36m</h3>\u001b[39m\n    \u001b[36m<pre\u001b[39m\n      \u001b[33mstyle\u001b[39m=\u001b[32m\"padding: 0.5rem; background-color: rgba(200, 200, 200, 0.5);\"\u001b[39m\n    \u001b[36m>\u001b[39m\n      \u001b[0mTypeError: calendars.find is not a function\n    at TaskQuickAdd (D:/Documents/Mis_proyectos/Proyectos_Actuales/aiutox_erp_core/frontend/app/features/tasks/components/TaskQuickAdd.tsx:97:39)\n    at Object.react_stack_bottom_frame (D:\\Documents\\Mis_proyectos\\Proyectos_Actuales\\aiutox_erp_core\\frontend\\node_modules\\react-dom\\cjs\\react-dom-client.development.js:25904:20)\n    at renderWithHooks (D:\\Documents\\Mis_proyectos\\Proyectos_Actuales\\aiutox_erp_core\\frontend\\node_modules\\react-dom\\cjs\\react-dom-client.development.js:7662:22)\n    at updateFunctionComponent (D:\\Documents\\Mis_proyectos\\Proyectos_Actuales\\aiutox_erp_core\\frontend\\node_modules\\react-dom\\cjs\\react-dom-client.development.js:10166:19)\n    at beginWork (D:\\Documents\\Mis_proyectos\\Proyectos_Actuales\\aiutox_erp_core\\frontend\\node_modules\\react-dom\\cjs\\react-dom-client.development.js:11778:18)\n    at runWithFiberInDEV (D:\\Documents\\Mis_proyectos\\Proyectos_Actuales\\aiutox_erp_core\\frontend\\node_modules\\react-dom\\cjs\\react-dom-client.development.js:874:13)\n    at performUnitOfWork (D:\\Documents\\Mis_proyectos\\Proyectos_Actuales\\aiutox_erp_core\\frontend\\node_modules\\react-dom\\cjs\\react-dom-client.development.js:17641:22)\n    at workLoopSync (D:\\Documents\\Mis_proyectos\\Proyectos_Actuales\\aiutox_erp_core\\frontend\\node_modules\\react-dom\\cjs\\react-dom-client.development.js:17469:41)\n    at renderRootSync (D:\\Documents\\Mis_proyectos\\Proyectos_Actuales\\aiutox_erp_core\\frontend\\node_modules\\react-dom\\cjs\\react-dom-client.development.js:17450:11)\n    at performWorkOnRoot (D:\\Documents\\Mis_proyectos\\Proyectos_Actuales\\aiutox_erp_core\\frontend\\node_modules\\react-dom\\cjs\\react-dom-client.development.js:16583:35)\u001b[0m\n    \u001b[36m</pre>\u001b[39m\n    \u001b[36m<p>\u001b[39m\n      \u001b[0m💿 Hey developer 👋\u001b[0m\n    \u001b[36m</p>\u001b[39m\n    \u001b[36m<p>\u001b[39m\n      \u001b[0mYou can provide a way better UX than this when your app throws errors by providing your own \u001b[0m\n      \u001b[36m<code\u001b[39m\n        \u001b[33mstyle\u001b[39m=\u001b[32m\"padding: 2px 4px; background-color: rgba(200, 200, 200, 0.5);\"\u001b[39m\n      \u001b[36m>\u001b[39m\n        \u001b[0mErrorBoundary\u001b[0m\n      \u001b[36m</code>\u001b[39m\n      \u001b[0m or\u001b[0m\n      \u001b[0m \u001b[0m\n      \u001b[36m<code\u001b[39m\n        \u001b[33mstyle\u001b[39m=\u001b[32m\"padding: 2px 4px; background-color: rgba(200, 200, 200, 0.5);\"\u001b[39m\n      \u001b[36m>\u001b[39m\n        \u001b[0merrorElement\u001b[0m\n      \u001b[36m</code>\u001b[39m\n      \u001b[0m prop on your route.\u001b[0m\n    \u001b[36m</p>\u001b[39m\n  \u001b[36m</div>\u001b[39m\n\u001b[36m</body>\u001b[39m\n    at Object.getElementError (D:\\Documents\\Mis_proyectos\\Proyectos_Actuales\\aiutox_erp_core\\frontend\\node_modules\\@testing-library\\dom\\dist\\config.js:37:19)\n    at D:\\Documents\\Mis_proyectos\\Proyectos_Actuales\\aiutox_erp_core\\frontend\\node_modules\\@testing-library\\dom\\dist\\query-helpers.js:76:38\n    at D:\\Documents\\Mis_proyectos\\Proyectos_Actuales\\aiutox_erp_core\\frontend\\node_modules\\@testing-library\\dom\\dist\\query-helpers.js:52:17\n    at D:\\Documents\\Mis_proyectos\\Proyectos_Actuales\\aiutox_erp_core\\frontend\\node_modules\\@testing-library\\dom\\dist\\query-helpers.js:95:19\n    at D:/Documents/Mis_proyectos/Proyectos_Actuales/aiutox_erp_core/frontend/app/components/layout/__tests__/Header.test.tsx:160:12\n    at file:///D:/Documents/Mis_proyectos/Proyectos_Actuales/aiutox_erp_core/frontend/node_modules/@vitest/runner/dist/index.js:145:11\n    at file:///D:/Documents/Mis_proyectos/Proyectos_Actuales/aiutox_erp_core/frontend/node_modules/@vitest/runner/dist/index.js:915:26\n    at file:///D:/Documents/Mis_proyectos/Proyectos_Actuales/aiutox_erp_core/frontend/node_modules/@vitest/runner/dist/index.js:1243:20\n    at new Promise (<anonymous>)\n    at runWithTimeout (file:///D:/Documents/Mis_proyectos/Proyectos_Actuales/aiutox_erp_core/frontend/node_modules/@vitest/runner/dist/index.js:1209:10)"],"meta":{}},{"ancestorTitles":["Header"],"fullName":"Header should call onSidebarToggle when toggle is clicked","status":"failed","title":"should call onSidebarToggle when toggle is clicked","duration":19.96849999999995,"failureMessages":["TestingLibraryElementError: Unable to find an element by: [data-testid=\"sidebar-toggle\"]\n\nIgnored nodes: comments, script, style\n\u001b[36m<body>\u001b[39m\n  \u001b[36m<div>\u001b[39m\n    \u001b[36m<h2>\u001b[39m\n      \u001b[0mUnexpected Application Error!\u001b[0m\n    \u001b[36m</h2>\u001b[39m\n    \u001b[36m<h3\u001b[39m\n      \u001b[33mstyle\u001b[39m=\u001b[32m\"font-style: italic;\"\u001b[39m\n    \u001b[36m>\u001b[39m\n      \u001b[0mcalendars.find is not a function\u001b[0m\n    \u001b[36m</h3>\u001b[39m\n    \u001b[36m<pre\u001b[39m\n      \u001b[33mstyle\u001b[39m=\u001b[32m\"padding: 0.5rem; background-color: rgba(200, 200, 200, 0.5);\"\u001b[39m\n    \u001b[36m>\u001b[39m\n      \u001b[0mTypeError: calendars.find is not a function\n    at TaskQuickAdd (D:/Documents/Mis_proyectos/Proyectos_Actuales/aiutox_erp_core/frontend/app/features/tasks/components/TaskQuickAdd.tsx:97:39)\n    at Object.react_stack_bottom_frame (D:\\Documents\\Mis_proyectos\\Proyectos_Actuales\\aiutox_erp_core\\frontend\\node_modules\\react-dom\\cjs\\react-dom-client.development.js:25904:20)\n    at renderWithHooks (D:\\Documents\\Mis_proyectos\\Proyectos_Actuales\\aiutox_erp_core\\frontend\\node_modules\\react-dom\\cjs\\react-dom-client.development.js:7662:22)\n    at updateFunctionComponent (D:\\Documents\\Mis_proyectos\\Proyectos_Actuales\\aiutox_erp_core\\frontend\\node_modules\\react-dom\\cjs\\react-dom-client.development.js:10166:19)\n    at beginWork (D:\\Documents\\Mis_proyectos\\Proyectos_Actuales\\aiutox_erp_core\\frontend\\node_modules\\react-dom\\cjs\\react-dom-client.development.js:11778:18)\n    at runWithFiberInDEV (D:\\Documents\\Mis_proyectos\\Proyectos_Actuales\\aiutox_erp_core\\frontend\\node_modules\\react-dom\\cjs\\react-dom-client.development.js:874:13)\n    at performUnitOfWork (D:\\Documents\\Mis_proyectos\\Proyectos_Actuales\\aiutox_erp_core\\frontend\\node_modules\\react-dom\\cjs\\react-dom-client.development.js:17641:22)\n    at workLoopSync (D:\\Documents\\Mis_proyectos\\Proyectos_Actuales\\aiutox_erp_core\\frontend\\node_modules\\react-dom\\cjs\\react-dom-client.development.js:17469:41)\n    at renderRootSync (D:\\Documents\\Mis_proyectos\\Proyectos_Actuales\\aiutox_erp_core\\frontend\\node_modules\\react-dom\\cjs\\react-dom-client.development.js:17450:11)\n    at performWorkOnRoot (D:\\Documents\\Mis_proyectos\\Proyectos_Actuales\\aiutox_erp_core\\frontend\\node_modules\\react-dom\\cjs\\react-dom-client.development.js:16583:35)\u001b[0m\n    \u001b[36m</pre>\u001b[39m\n    \u001b[36m<p>\u001b[39m\n      \u001b[0m💿 Hey developer 👋\u001b[0m\n    \u001b[36m</p>\u001b[39m\n    \u001b[36m<p>\u001b[39m\n      \u001b[0mYou can provide a way better UX than this when your app throws errors by providing your own \u001b[0m\n      \u001b[36m<code\u001b[39m\n        \u001b[33mstyle\u001b[39m=\u001b[32m\"padding: 2px 4px; background-color: rgba(200, 200, 200, 0.5);\"\u001b[39m\n      \u001b[36m>\u001b[39m\n        \u001b[0mErrorBoundary\u001b[0m\n      \u001b[36m</code>\u001b[39m\n      \u001b[0m or\u001b[0m\n      \u001b[0m \u001b[0m\n      \u001b[36m<code\u001b[39m\n        \u001b[33mstyle\u001b[39m=\u001b[32m\"padding: 2px 4px; background-color: rgba(200, 200, 200, 0.5);\"\u001b[39m\n      \u001b[36m>\u001b[39m\n        \u001b[0merrorElement\u001b[0m\n      \u001b[36m</code>\u001b[39m\n      \u001b[0m prop on your route.\u001b[0m\n    \u001b[36m</p>\u001b[39m\n  \u001b[36m</div>\u001b[39m\n\u001b[36m</body>\u001b[39m\n    at Object.getElementError (D:\\Documents\\Mis_proyectos\\Proyectos_Actuales\\aiutox_erp_core\\frontend\\node_modules\\@testing-library\\dom\\dist\\config.js:37:19)\n    at D:\\Documents\\Mis_proyectos\\Proyectos_Actuales\\aiutox_erp_core\\frontend\\node_modules\\@testing-library\\dom\\dist\\query-helpers.js:76:38\n    at D:\\Documents\\Mis_proyectos\\Proyectos_Actuales\\aiutox_erp_core\\frontend\\node_modules\\@testing-library\\dom\\dist\\query-helpers.js:52:17\n    at D:\\Documents\\Mis_proyectos\\Proyectos_Actuales\\aiutox_erp_core\\frontend\\node_modules\\@testing-library\\dom\\dist\\query-helpers.js:95:19\n    at D:/Documents/Mis_proyectos/Proyectos_Actuales/aiutox_erp_core/frontend/app/components/layout/__tests__/Header.test.tsx:170:20\n    at file:///D:/Documents/Mis_proyectos/Proyectos_Actuales/aiutox_erp_core/frontend/node_modules/@vitest/runner/dist/index.js:145:11\n    at file:///D:/Documents/Mis_proyectos/Proyectos_Actuales/aiutox_erp_core/frontend/node_modules/@vitest/runner/dist/index.js:915:26\n    at file:///D:/Documents/Mis_proyectos/Proyectos_Actuales/aiutox_erp_core/frontend/node_modules/@vitest/runner/dist/index.js:1243:20\n    at new Promise (<anonymous>)\n    at runWithTimeout (file:///D:/Documents/Mis_proyectos/Proyectos_Actuales/aiutox_erp_core/frontend/node_modules/@vitest/runner/dist/index.js:1209:10)"],"meta":{}},{"ancestorTitles":["Header"],"fullName":"Header should have correct ARIA attributes","status":"failed","title":"should have correct ARIA attributes","duration":25.551100000000588,"failureMessages":["AssertionError: expected undefined to be 'banner' // Object.is equality\n    at D:/Documents/Mis_proyectos/Proyectos_Actuales/aiutox_erp_core/frontend/app/components/layout/__tests__/Header.test.tsx:180:42\n    at file:///D:/Documents/Mis_proyectos/Proyectos_Actuales/aiutox_erp_core/frontend/node_modules/@vitest/runner/dist/index.js:145:11\n    at file:///D:/Documents/Mis_proyectos/Proyectos_Actuales/aiutox_erp_core/frontend/node_modules/@vitest/runner/dist/index.js:915:26\n    at file:///D:/Documents/Mis_proyectos/Proyectos_Actuales/aiutox_erp_core/frontend/node_modules/@vitest/runner/dist/index.js:1243:20\n    at new Promise (<anonymous>)\n    at runWithTimeout (file:///D:/Documents/Mis_proyectos/Proyectos_Actuales/aiutox_erp_core/frontend/node_modules/@vitest/runner/dist/index.js:1209:10)\n    at file:///D:/Documents/Mis_proyectos/Proyectos_Actuales/aiutox_erp_core/frontend/node_modules/@vitest/runner/dist/index.js:1653:37\n    at Traces.$ (file:///D:/Documents/Mis_proyectos/Proyectos_Actuales/aiutox_erp_core/frontend/node_modules/vitest/dist/chunks/traces.CCmnQaNT.js:142:27)\n    at trace (file:///D:/Documents/Mis_proyectos/Proyectos_Actuales/aiutox_erp_core/frontend/node_modules/vitest/dist/chunks/test.B8ej_ZHS.js:239:21)\n    at runTest (file:///D:/Documents/Mis_proyectos/Proyectos_Actuales/aiutox_erp_core/frontend/node_modules/@vitest/runner/dist/index.js:1653:12)"],"meta":{}}],"startTime":1771643938499,"endTime":1771643938694.551,"status":"failed","message":"","name":"D:/Documents/Mis_proyectos/Proyectos_Actuales/aiutox_erp_core/frontend/app/components/layout/__tests__/Header.test.tsx"},{"assertionResults":[{"ancestorTitles":["PageLayout"],"fullName":"PageLayout renderiza título correctamente","status":"passed","title":"renderiza título correctamente","duration":40.13760000000002,"failureMessages":[],"meta":{}},{"ancestorTitles":["PageLayout"],"fullName":"PageLayout renderiza descripción cuando se proporciona","status":"passed","title":"renderiza descripción cuando se proporciona","duration":6.6404,"failureMessages":[],"meta":{}},{"ancestorTitles":["PageLayout"],"fullName":"PageLayout renderiza breadcrumb cuando se proporciona","status":"passed","title":"renderiza breadcrumb cuando se proporciona","duration":14.907400000000052,"failureMessages":[],"meta":{}},{"ancestorTitles":["PageLayout"],"fullName":"PageLayout renderiza breadcrumb con enlaces","status":"passed","title":"renderiza breadcrumb con enlaces","duration":6.807700000000068,"failureMessages":[],"meta":{}},{"ancestorTitles":["PageLayout"],"fullName":"PageLayout renderiza estado de carga cuando loading es true","status":"passed","title":"renderiza estado de carga cuando loading es true","duration":7.503300000000081,"failureMessages":[],"meta":{}},{"ancestorTitles":["PageLayout"],"fullName":"PageLayout renderiza estado de error cuando error se proporciona","status":"passed","title":"renderiza estado de error cuando error se proporciona","duration":6.682099999999991,"failureMessages":[],"meta":{}},{"ancestorTitles":["PageLayout"],"fullName":"PageLayout renderiza estado de error con objeto Error","status":"passed","title":"renderiza estado de error con objeto Error","duration":7.220199999999977,"failureMessages":[],"meta":{}},{"ancestorTitles":["PageLayout"],"fullName":"PageLayout renderiza contenido cuando no hay loading ni error","status":"passed","title":"renderiza contenido cuando no hay loading ni error","duration":3.10570000000007,"failureMessages":[],"meta":{}},{"ancestorTitles":["PageLayout"],"fullName":"PageLayout renderiza footer cuando se proporciona","status":"passed","title":"renderiza footer cuando se proporciona","duration":3.631599999999935,"failureMessages":[],"meta":{}},{"ancestorTitles":["PageLayout"],"fullName":"PageLayout aplica fullWidth cuando se especifica","status":"passed","title":"aplica fullWidth cuando se especifica","duration":3.0381999999999607,"failureMessages":[],"meta":{}},{"ancestorTitles":["PageLayout"],"fullName":"PageLayout aplica className personalizada","status":"passed","title":"aplica className personalizada","duration":3.2164000000000215,"failureMessages":[],"meta":{}}],"startTime":1771644154208,"endTime":1771644154311.2163,"status":"passed","message":"","name":"D:/Documents/Mis_proyectos/Proyectos_Actuales/aiutox_erp_core/frontend/app/components/layout/__tests__/PageLayout.test.tsx"},{"assertionResults":[{"ancestorTitles":["Sidebar"],"fullName":"Sidebar should render navigation items","status":"passed","title":"should render navigation items","duration":77.48160000000007,"failureMessages":[],"meta":{}},{"ancestorTitles":["Sidebar"],"fullName":"Sidebar should filter items by permissions","status":"passed","title":"should filter items by permissions","duration":11.967499999999745,"failureMessages":[],"meta":{}},{"ancestorTitles":["Sidebar"],"fullName":"Sidebar should be hidden when isOpen is false","status":"passed","title":"should be hidden when isOpen is false","duration":13.172599999999875,"failureMessages":[],"meta":{}},{"ancestorTitles":["Sidebar"],"fullName":"Sidebar should show backdrop on mobile when open","status":"passed","title":"should show backdrop on mobile when open","duration":12.82510000000002,"failureMessages":[],"meta":{}}],"startTime":1771644150126,"endTime":1771644150241.8252,"status":"passed","message":"","name":"D:/Documents/Mis_proyectos/Proyectos_Actuales/aiutox_erp_core/frontend/app/components/layout/__tests__/Sidebar.test.tsx"},{"assertionResults":[{"ancestorTitles":["EmptyState"],"fullName":"EmptyState renderiza título correctamente","status":"passed","title":"renderiza título correctamente","duration":63.57970000000023,"failureMessages":[],"meta":{}},{"ancestorTitles":["EmptyState"],"fullName":"EmptyState renderiza descripción cuando se proporciona","status":"passed","title":"renderiza descripción cuando se proporciona","duration":8.342900000000554,"failureMessages":[],"meta":{}},{"ancestorTitles":["EmptyState"],"fullName":"EmptyState renderiza acción cuando se proporciona","status":"passed","title":"renderiza acción cuando se proporciona","duration":5.743100000000595,"failureMessages":[],"meta":{}}],"startTime":1771644171270,"endTime":1771644171347.7432,"status":"passed","message":"","name":"D:/Documents/Mis_proyectos/Proyectos_Actuales/aiutox_erp_core/frontend/app/components/common/__tests__/EmptyState.test.tsx"},{"assertionResults":[{"ancestorTitles":["ErrorState"],"fullName":"ErrorState renderiza mensaje de error correctamente","status":"passed","title":"renderiza mensaje de error correctamente","duration":46.50500000000011,"failureMessages":[],"meta":{}},{"ancestorTitles":["ErrorState"],"fullName":"ErrorState renderiza acción cuando se proporciona","status":"passed","title":"renderiza acción cuando se proporciona","duration":6.585299999999961,"failureMessages":[],"meta":{}}],"startTime":1771644198068,"endTime":1771644198121.5852,"status":"passed","message":"","name":"D:/Documents/Mis_proyectos/Proyectos_Actuales/aiutox_erp_core/frontend/app/components/common/__tests__/ErrorState.test.tsx"},{"assertionResults":[{"ancestorTitles":["LoadingState"],"fullName":"LoadingState renderiza correctamente con valores por defecto","status":"passed","title":"renderiza correctamente con valores por defecto","duration":36.06680000000006,"failureMessages":[],"meta":{}},{"ancestorTitles":["LoadingState"],"fullName":"LoadingState renderiza número correcto de líneas","status":"passed","title":"renderiza número correcto de líneas","duration":5.281400000000076,"failureMessages":[],"meta":{}},{"ancestorTitles":["LoadingState"],"fullName":"LoadingState no muestra título cuando showTitle es false","status":"passed","title":"no muestra título cuando showTitle es false","duration":4.467599999999948,"failureMessages":[],"meta":{}},{"ancestorTitles":["LoadingState"],"fullName":"LoadingState renderiza sin Card cuando inCard es false","status":"passed","title":"renderiza sin Card cuando inCard es false","duration":3.430499999999938,"failureMessages":[],"meta":{}}],"startTime":1771644194278,"endTime":1771644194327.4304,"status":"passed","message":"","name":"D:/Documents/Mis_proyectos/Proyectos_Actuales/aiutox_erp_core/frontend/app/components/common/__tests__/LoadingState.test.tsx"},{"assertionResults":[{"ancestorTitles":["PageHeader"],"fullName":"PageHeader renderiza título correctamente","status":"passed","title":"renderiza título correctamente","duration":37.052599999999984,"failureMessages":[],"meta":{}},{"ancestorTitles":["PageHeader"],"fullName":"PageHeader renderiza descripción cuando se proporciona","status":"passed","title":"renderiza descripción cuando se proporciona","duration":6.9314999999999145,"failureMessages":[],"meta":{}},{"ancestorTitles":["PageHeader"],"fullName":"PageHeader renderiza breadcrumb cuando se proporciona","status":"passed","title":"renderiza breadcrumb cuando se proporciona","duration":13.856500000000096,"failureMessages":[],"meta":{}},{"ancestorTitles":["PageHeader"],"fullName":"PageHeader renderiza acciones cuando se proporcionan","status":"passed","title":"renderiza acciones cuando se proporcionan","duration":3.6146000000001095,"failureMessages":[],"meta":{}}],"startTime":1771644184904,"endTime":1771644184965.6145,"status":"passed","message":"","name":"D:/Documents/Mis_proyectos/Proyectos_Actuales/aiutox_erp_core/frontend/app/components/common/__tests__/PageHeader.test.tsx"},{"assertionResults":[{"ancestorTitles":["PWAUpdatePrompt"],"fullName":"PWAUpdatePrompt should not render when needRefresh is false (default mock)","status":"passed","title":"should not render when needRefresh is false (default mock)","duration":19.950500000000147,"failureMessages":[],"meta":{}},{"ancestorTitles":["PWAUpdatePrompt"],"fullName":"PWAUpdatePrompt should render prompt when needRefresh changes to true","status":"passed","title":"should render prompt when needRefresh changes to true","duration":4.5,"failureMessages":[],"meta":{}}],"startTime":1771644227463,"endTime":1771644227487.5,"status":"passed","message":"","name":"D:/Documents/Mis_proyectos/Proyectos_Actuales/aiutox_erp_core/frontend/app/components/common/__tests__/PWAUpdatePrompt.test.tsx"},{"assertionResults":[{"ancestorTitles":["TaskCard Component"],"fullName":"TaskCard Component renders task information correctly","status":"passed","title":"renders task information correctly","duration":77.63060000000041,"failureMessages":[],"meta":{}},{"ancestorTitles":["TaskCard Component"],"fullName":"TaskCard Component displays correct status badge","status":"passed","title":"displays correct status badge","duration":12.600500000000011,"failureMessages":[],"meta":{}},{"ancestorTitles":["TaskCard Component"],"fullName":"TaskCard Component displays correct priority indicator","status":"passed","title":"displays correct priority indicator","duration":7.048900000000231,"failureMessages":[],"meta":{}},{"ancestorTitles":["TaskCard Component"],"fullName":"TaskCard Component shows overdue indicator for overdue tasks","status":"passed","title":"shows overdue indicator for overdue tasks","duration":7.643799999999828,"failureMessages":[],"meta":{}},{"ancestorTitles":["TaskCard Component"],"fullName":"TaskCard Component calls onStatusChange when status is changed","status":"passed","title":"calls onStatusChange when status is changed","duration":17.879799999999705,"failureMessages":[],"meta":{}},{"ancestorTitles":["TaskCard Component"],"fullName":"TaskCard Component calls onEdit when edit button is clicked","status":"passed","title":"calls onEdit when edit button is clicked","duration":11.159400000000005,"failureMessages":[],"meta":{}},{"ancestorTitles":["TaskCard Component"],"fullName":"TaskCard Component calls onDelete when delete button is clicked","status":"passed","title":"calls onDelete when delete button is clicked","duration":15.359800000000178,"failureMessages":[],"meta":{}},{"ancestorTitles":["TaskCard Component"],"fullName":"TaskCard Component calls onAssign when assign button is clicked","status":"passed","title":"calls onAssign when assign button is clicked","duration":15.665199999999913,"failureMessages":[],"meta":{}},{"ancestorTitles":["TaskCard Component"],"fullName":"TaskCard Component displays completion percentage for tasks with checklist","status":"passed","title":"displays completion percentage for tasks with checklist","duration":6.436000000000149,"failureMessages":[],"meta":{}},{"ancestorTitles":["TaskCard Component"],"fullName":"TaskCard Component shows tags when task has tags","status":"passed","title":"shows tags when task has tags","duration":4.86600000000044,"failureMessages":[],"meta":{}},{"ancestorTitles":["TaskCard Component"],"fullName":"TaskCard Component displays correct color when color_override is set","status":"passed","title":"displays correct color when color_override is set","duration":47.02880000000005,"failureMessages":[],"meta":{}},{"ancestorTitles":["TaskCard Component"],"fullName":"TaskCard Component shows estim
[...]
erCondition"],"fullName":"filterUtils validateFilterCondition should validate is_null operator without value","status":"passed","title":"should validate is_null operator without value","duration":0.32369999999991705,"failureMessages":[],"meta":{}},{"ancestorTitles":["filterUtils","validateFilterCondition"],"fullName":"filterUtils validateFilterCondition should validate is_not_null operator without value","status":"passed","title":"should validate is_not_null operator without value","duration":0.30579999999986285,"failureMessages":[],"meta":{}},{"ancestorTitles":["filterUtils","buildFilterDescription"],"fullName":"filterUtils buildFilterDescription should build description for single condition","status":"passed","title":"should build description for single condition","duration":0.4660999999998694,"failureMessages":[],"meta":{}},{"ancestorTitles":["filterUtils","buildFilterDescription"],"fullName":"filterUtils buildFilterDescription should build description for multiple conditions","status":"passed","title":"should build description for multiple conditions","duration":0.2457000000001699,"failureMessages":[],"meta":{}},{"ancestorTitles":["filterUtils","buildFilterDescription"],"fullName":"filterUtils buildFilterDescription should return 'Sin condiciones' for empty config","status":"passed","title":"should return 'Sin condiciones' for empty config","duration":0.12079999999991742,"failureMessages":[],"meta":{}},{"ancestorTitles":["filterUtils","getOperatorLabel"],"fullName":"filterUtils getOperatorLabel should return Spanish label for operator","status":"passed","title":"should return Spanish label for operator","duration":0.20349999999984902,"failureMessages":[],"meta":{}},{"ancestorTitles":["filterUtils","getOperatorLabel"],"fullName":"filterUtils getOperatorLabel should return operator name for unknown operator","status":"passed","title":"should return operator name for unknown operator","duration":0.25469999999995707,"failureMessages":[],"meta":{}}],"startTime":1771644255133,"endTime":1771644255137.2546,"status":"passed","message":"","name":"D:/Documents/Mis_proyectos/Proyectos_Actuales/aiutox_erp_core/frontend/app/features/views/utils/__tests__/filterUtils.test.ts"},{"assertionResults":[{"ancestorTitles":["useWorkflows hook","useWorkflows"],"fullName":"useWorkflows hook useWorkflows should fetch workflows list","status":"passed","title":"should fetch workflows list","duration":104.75929999999994,"failureMessages":[],"meta":{}},{"ancestorTitles":["useWorkflows hook","useWorkflow"],"fullName":"useWorkflows hook useWorkflow should fetch single workflow by id","status":"passed","title":"should fetch single workflow by id","duration":75.33429999999998,"failureMessages":[],"meta":{}},{"ancestorTitles":["useWorkflows hook","useWorkflow"],"fullName":"useWorkflows hook useWorkflow should not fetch when id is empty","status":"passed","title":"should not fetch when id is empty","duration":2.7870000000000346,"failureMessages":[],"meta":{}},{"ancestorTitles":["useWorkflows hook","useCreateWorkflow"],"fullName":"useWorkflows hook useCreateWorkflow should create workflow and invalidate queries","status":"passed","title":"should create workflow and invalidate queries","duration":75.1217999999999,"failureMessages":[],"meta":{}},{"ancestorTitles":["useWorkflows hook","useUpdateWorkflow"],"fullName":"useWorkflows hook useUpdateWorkflow should update workflow and invalidate queries","status":"passed","title":"should update workflow and invalidate queries","duration":77.21529999999984,"failureMessages":[],"meta":{}},{"ancestorTitles":["useWorkflows hook","useDeleteWorkflow"],"fullName":"useWorkflows hook useDeleteWorkflow should delete workflow and invalidate queries","status":"passed","title":"should delete workflow and invalidate queries","duration":78.86050000000023,"failureMessages":[],"meta":{}}],"startTime":1771644028010,"endTime":1771644028424.8606,"status":"passed","message":"","name":"D:/Documents/Mis_proyectos/Proyectos_Actuales/aiutox_erp_core/frontend/app/features/workflows/hooks/__tests__/useWorkflows.test.ts"},{"assertionResults":[{"ancestorTitles":["useFilterUrlSync"],"fullName":"useFilterUrlSync should initialize with filter ID from URL","status":"passed","title":"should initialize with filter ID from URL","duration":40.59960000000001,"failureMessages":[],"meta":{}},{"ancestorTitles":["useFilterUrlSync"],"fullName":"useFilterUrlSync should initialize with null when no filter ID in URL","status":"passed","title":"should initialize with null when no filter ID in URL","duration":14.906600000000026,"failureMessages":[],"meta":{}},{"ancestorTitles":["useFilterUrlSync"],"fullName":"useFilterUrlSync should update filter ID in URL","status":"passed","title":"should update filter ID in URL","duration":30.948799999999892,"failureMessages":[],"meta":{}},{"ancestorTitles":["useFilterUrlSync"],"fullName":"useFilterUrlSync should clear filter ID from URL","status":"passed","title":"should clear filter ID from URL","duration":31.29780000000028,"failureMessages":[],"meta":{}}],"startTime":1771644145498,"endTime":1771644145615.2979,"status":"passed","message":"","name":"D:/Documents/Mis_proyectos/Proyectos_Actuales/aiutox_erp_core/frontend/app/features/views/hooks/__tests__/useFilterUrlSync.test.ts"},{"assertionResults":[{"ancestorTitles":["useSavedFilters"],"fullName":"useSavedFilters should initialize with empty state","status":"passed","title":"should initialize with empty state","duration":18.0784000000001,"failureMessages":[],"meta":{}},{"ancestorTitles":["useSavedFilters"],"fullName":"useSavedFilters should load filters automatically when autoLoad is true","status":"passed","title":"should load filters automatically when autoLoad is true","duration":87.00459999999998,"failureMessages":[],"meta":{}},{"ancestorTitles":["useSavedFilters"],"fullName":"useSavedFilters should handle errors when loading filters","status":"passed","title":"should handle errors when loading filters","duration":77.51549999999997,"failureMessages":[],"meta":{}},{"ancestorTitles":["useSavedFilters"],"fullName":"useSavedFilters should create a filter","status":"passed","title":"should create a filter","duration":3.453999999999951,"failureMessages":[],"meta":{}},{"ancestorTitles":["useSavedFilters"],"fullName":"useSavedFilters should get default filter for a module","status":"passed","title":"should get default filter for a module","duration":72.73009999999977,"failureMessages":[],"meta":{}},{"ancestorTitles":["useSavedFilters"],"fullName":"useSavedFilters should get my filters (not shared)","status":"passed","title":"should get my filters (not shared)","duration":76.48000000000002,"failureMessages":[],"meta":{}}],"startTime":1771644037967,"endTime":1771644038302.48,"status":"passed","message":"","name":"D:/Documents/Mis_proyectos/Proyectos_Actuales/aiutox_erp_core/frontend/app/features/views/hooks/__tests__/useSavedFilters.test.ts"},{"assertionResults":[{"ancestorTitles":["Common Translations","Spanish translations"],"fullName":"Common Translations Spanish translations should have all required common keys","status":"passed","title":"should have all required common keys","duration":1.8756000000000768,"failureMessages":[],"meta":{}},{"ancestorTitles":["Common Translations","Spanish translations"],"fullName":"Common Translations Spanish translations should have consistent structure","status":"passed","title":"should have consistent structure","duration":2.135300000000143,"failureMessages":[],"meta":{}},{"ancestorTitles":["Common Translations","English translations"],"fullName":"Common Translations English translations should have all required common keys","status":"passed","title":"should have all required common keys","duration":0.6351999999999407,"failureMessages":[],"meta":{}},{"ancestorTitles":["Common Translations","English translations"],"fullName":"Common Translations English translations should have consistent structure","status":"passed","title":"should have consistent structure","duration":2.2027999999997974,"failureMessages":[],"meta":{}},{"ancestorTitles":["Common Translations","Translation consistency"],"fullName":"Common Translations Translation consistency should have same keys in both languages","status":"passed","title":"should have same keys in both languages","duration":1.1102000000000771,"failureMessages":[],"meta":{}},{"ancestorTitles":["Common Translations","Translation consistency"],"fullName":"Common Translations Translation consistency should have non-empty translations","status":"passed","title":"should have non-empty translations","duration":2.751199999999926,"failureMessages":[],"meta":{}}],"startTime":1771644235824,"endTime":1771644235834.7512,"status":"passed","message":"","name":"D:/Documents/Mis_proyectos/Proyectos_Actuales/aiutox_erp_core/frontend/app/lib/i18n/translations/__tests__/common-translations.test.ts"},{"assertionResults":[{"ancestorTitles":["i18n Autodiscovery System","Module discovery"],"fullName":"i18n Autodiscovery System Module discovery should load common translations","status":"passed","title":"should load common translations","duration":1.778599999999642,"failureMessages":[],"meta":{}},{"ancestorTitles":["i18n Autodiscovery System","Module discovery"],"fullName":"i18n Autodiscovery System Module discovery should discover existing module translations","status":"passed","title":"should discover existing module translations","duration":0.43859999999995125,"failureMessages":[],"meta":{}},{"ancestorTitles":["i18n Autodiscovery System","Module discovery"],"fullName":"i18n Autodiscovery System Module discovery should have consistent structure across languages","status":"passed","title":"should have consistent structure across languages","duration":1.7887000000000626,"failureMessages":[],"meta":{}},{"ancestorTitles":["i18n Autodiscovery System","Module discovery"],"fullName":"i18n Autodiscovery System Module discovery should include all expected modules","status":"passed","title":"should include all expected modules","duration":0.6550999999999476,"failureMessages":[],"meta":{}},{"ancestorTitles":["i18n Autodiscovery System","Translation integrity"],"fullName":"i18n Autodiscovery System Translation integrity should have no undefined translations","status":"passed","title":"should have no undefined translations","duration":2.969500000000153,"failureMessages":[],"meta":{}},{"ancestorTitles":["i18n Autodiscovery System","Translation integrity"],"fullName":"i18n Autodiscovery System Translation integrity should have matching structure between languages","status":"passed","title":"should have matching structure between languages","duration":7.247399999999743,"failureMessages":[],"meta":{}},{"ancestorTitles":["i18n Autodiscovery System","Performance"],"fullName":"i18n Autodiscovery System Performance should load translations within acceptable time","status":"passed","title":"should load translations within acceptable time","duration":0.28929999999991196,"failureMessages":[],"meta":{}},{"ancestorTitles":["i18n Autodiscovery System","Type safety"],"fullName":"i18n Autodiscovery System Type safety should maintain TypeScript types","status":"passed","title":"should maintain TypeScript types","duration":0.16829999999981737,"failureMessages":[],"meta":{}}],"startTime":1771644230400,"endTime":1771644230415.2893,"status":"passed","message":"","name":"D:/Documents/Mis_proyectos/Proyectos_Actuales/aiutox_erp_core/frontend/app/lib/i18n/translations/__tests__/i18n-autodiscovery.test.ts"},{"assertionResults":[{"ancestorTitles":["i18n Modular Autodiscovery"],"fullName":"i18n Modular Autodiscovery descubre todas las traducciones de módulos","status":"passed","title":"descubre todas las traducciones de módulos","duration":2.050100000000157,"failureMessages":[],"meta":{}},{"ancestorTitles":["i18n Modular Autodiscovery"],"fullName":"i18n Modular Autodiscovery carga traducciones comunes","status":"passed","title":"carga traducciones comunes","duration":0.5308999999999742,"failureMessages":[],"meta":{}},{"ancestorTitles":["i18n Modular Autodiscovery"],"fullName":"i18n Modular Autodiscovery tiene estructura consistente entre idiomas","status":"passed","title":"tiene estructura consistente entre idiomas","duration":0.38419999999996435,"failureMessages":[],"meta":{}},{"ancestorTitles":["i18n Modular Autodiscovery"],"fullName":"i18n Modular Autodiscovery mantiene traducciones legacy","status":"passed","title":"mantiene traducciones legacy","duration":0.3768999999999778,"failureMessages":[],"meta":{}},{"ancestorTitles":["i18n Modular Autodiscovery"],"fullName":"i18n Modular Autodiscovery tipos de traducciones son consistentes","status":"passed","title":"tipos de traducciones son consistentes","duration":0.25320000000010623,"failureMessages":[],"meta":{}},{"ancestorTitles":["i18n Modular Autodiscovery"],"fullName":"i18n Modular Autodiscovery no hay colisiones entre módulos","status":"passed","title":"no hay colisiones entre módulos","duration":0.9244000000001051,"failureMessages":[],"meta":{}},{"ancestorTitles":["i18n Modular Autodiscovery"],"fullName":"i18n Modular Autodiscovery estructura de módulos es completa","status":"passed","title":"estructura de módulos es completa","duration":0.4069000000001779,"failureMessages":[],"meta":{}}],"startTime":1771644251808,"endTime":1771644251813.407,"status":"passed","message":"","name":"D:/Documents/Mis_proyectos/Proyectos_Actuales/aiutox_erp_core/frontend/app/lib/i18n/translations/__tests__/i18n-modular.test.ts"},{"assertionResults":[{"ancestorTitles":["CodePreview"],"fullName":"CodePreview should display loading state","status":"passed","title":"should display loading state","duration":44.324499999999944,"failureMessages":[],"meta":{}},{"ancestorTitles":["CodePreview"],"fullName":"CodePreview should display error state","status":"passed","title":"should display error state","duration":6.896400000000085,"failureMessages":[],"meta":{}},{"ancestorTitles":["CodePreview"],"fullName":"CodePreview should display code content","status":"passed","title":"should display code content","duration":15.133100000000013,"failureMessages":[],"meta":{}},{"ancestorTitles":["CodePreview"],"fullName":"CodePreview should detect language from file extension","status":"passed","title":"should detect language from file extension","duration":14.739799999999832,"failureMessages":[],"meta":{}}],"startTime":1771644167108,"endTime":1771644167188.7397,"status":"passed","message":"","name":"D:/Documents/Mis_proyectos/Proyectos_Actuales/aiutox_erp_core/frontend/app/features/files/components/previewers/__tests__/CodePreview.test.tsx"},{"assertionResults":[{"ancestorTitles":["CsvPreview"],"fullName":"CsvPreview should display loading state","status":"passed","title":"should display loading state","duration":41.90430000000015,"failureMessages":[],"meta":{}},{"ancestorTitles":["CsvPreview"],"fullName":"CsvPreview should display error state","status":"passed","title":"should display error state","duration":6.278299999999945,"failureMessages":[],"meta":{}},{"ancestorTitles":["CsvPreview"],"fullName":"CsvPreview should display CSV content as table","status":"passed","title":"should display CSV content as table","duration":21.857899999999972,"failureMessages":[],"meta":{}},{"ancestorTitles":["CsvPreview"],"fullName":"CsvPreview should display message when CSV is empty","status":"passed","title":"should display message when CSV is empty","duration":2.79950000000008,"failureMessages":[],"meta":{}}],"startTime":1771644163143,"endTime":1771644163215.7996,"status":"passed","message":"","name":"D:/Documents/Mis_proyectos/Proyectos_Actuales/aiutox_erp_core/frontend/app/features/files/components/previewers/__tests__/CsvPreview.test.tsx"},{"assertionResults":[{"ancestorTitles":["JsonPreview"],"fullName":"JsonPreview should display loading state","status":"passed","title":"should display loading state","duration":39.491799999999785,"failureMessages":[],"meta":{}},{"ancestorTitles":["JsonPreview"],"fullName":"JsonPreview should display error state","status":"passed","title":"should display error state","duration":6.105599999999868,"failureMessages":[],"meta":{}},{"ancestorTitles":["JsonPreview"],"fullName":"JsonPreview should display valid JSON content","status":"passed","title":"should display valid JSON content","duration":20.04190000000017,"failureMessages":[],"meta":{}},{"ancestorTitles":["JsonPreview"],"fullName":"JsonPreview should display invalid JSON error","status":"passed","title":"should display invalid JSON error","duration":4.826500000000124,"failureMessages":[],"meta":{}}],"startTime":1771644179141,"endTime":1771644179211.8264,"status":"passed","message":"","name":"D:/Documents/Mis_proyectos/Proyectos_Actuales/aiutox_erp_core/frontend/app/features/files/components/previewers/__tests__/JsonPreview.test.tsx"},{"assertionResults":[{"ancestorTitles":["MarkdownPreview"],"fullName":"MarkdownPreview should display loading state","status":"passed","title":"should display loading state","duration":40.33990000000017,"failureMessages":[],"meta":{}},{"ancestorTitles":["MarkdownPreview"],"fullName":"MarkdownPreview should display error state","status":"passed","title":"should display error state","duration":5.839799999999968,"failureMessages":[],"meta":{}},{"ancestorTitles":["MarkdownPreview"],"fullName":"MarkdownPreview should display markdown content","status":"passed","title":"should display markdown content","duration":7.274800000000141,"failureMessages":[],"meta":{}},{"ancestorTitles":["MarkdownPreview"],"fullName":"MarkdownPreview should display file too large message for large files","status":"passed","title":"should display file too large message for large files","duration":3.6875,"failureMessages":[],"meta":{}}],"startTime":1771644181118,"endTime":1771644181174.6875,"status":"passed","message":"","name":"D:/Documents/Mis_proyectos/Proyectos_Actuales/aiutox_erp_core/frontend/app/features/files/components/previewers/__tests__/MarkdownPreview.test.tsx"},{"assertionResults":[{"ancestorTitles":["MermaidPreview"],"fullName":"MermaidPreview should display loading state","status":"passed","title":"should display loading state","duration":38.487300000000005,"failureMessages":[],"meta":{}},{"ancestorTitles":["MermaidPreview"],"fullName":"MermaidPreview should display error state","status":"passed","title":"should display error state","duration":5.65280000000007,"failureMessages":[],"meta":{}},{"ancestorTitles":["MermaidPreview"],"fullName":"MermaidPreview should render Mermaid diagram","status":"passed","title":"should render Mermaid diagram","duration":21.667500000000018,"failureMessages":[],"meta":{}}],"startTime":1771644177052,"endTime":1771644177117.6675,"status":"passed","message":"","name":"D:/Documents/Mis_proyectos/Proyectos_Actuales/aiutox_erp_core/frontend/app/features/files/components/previewers/__tests__/MermaidPreview.test.tsx"},{"assertionResults":[{"ancestorTitles":["TextPreview"],"fullName":"TextPreview should display loading state","status":"passed","title":"should display loading state","duration":38.84780000000001,"failureMessages":[],"meta":{}},{"ancestorTitles":["TextPreview"],"fullName":"TextPreview should display error state","status":"passed","title":"should display error state","duration":6.008000000000038,"failureMessages":[],"meta":{}},{"ancestorTitles":["TextPreview"],"fullName":"TextPreview should display preview not available when content is empty","status":"passed","title":"should display preview not available when content is empty","duration":4.289499999999862,"failureMessages":[],"meta":{}},{"ancestorTitles":["TextPreview"],"fullName":"TextPreview should display text content","status":"passed","title":"should display text content","duration":6.080699999999979,"failureMessages":[],"meta":{}}],"startTime":1771644183013,"endTime":1771644183069.0808,"status":"passed","message":"","name":"D:/Documents/Mis_proyectos/Proyectos_Actuales/aiutox_erp_core/frontend/app/features/files/components/previewers/__tests__/TextPreview.test.tsx"}]}